<?xml version="1.0" encoding="UTF-8"?>
<testsuite xmlns:xsi="http://www.w3.org/2001/XMLSchema-instance" xsi:noNamespaceSchemaLocation="https://maven.apache.org/surefire/maven-surefire-plugin/xsd/surefire-test-report-3.0.xsd" version="3.0" name="OrderCreateTest" time="2.243" tests="4" errors="0" skipped="0" failures="0">
  <properties>
[...]
</properties>
  <testcase name="createOrderTest[0: colorset [BLACK, GREY] ]" classname="OrderCreateTest" time="0.61">
    <system-out><![CDATA[Request method:	POST
Request URI:	http://qa-scooter.praktikum-services.ru/api/v1/orders/
Proxy:			<none>
Request params:	<none>
Query params:	<none>
Form params:	<none>
Path params:	<none>
Headers:		Accept=application/json, application/javascript, text/javascript, text/json
				Content-Type=application/json
Cookies:		<none>
Multiparts:		<none>
Body:
{
    "firstName": "Naruto",
    "lastName": "Uchiha",
    "address": "Konoha, 142 apt.",
    "metroStation": 4,
    "phone": "+7 800 355 35 35",
    "rentTime": 5,
    "deliveryDate": "2020-06-06",
    "comment": "Saske, come back to Konoha",
    "color": [
        "BLACK",
        "GREY"
    ]
}
Request method:	POST
Request URI:	http://qa-scooter.praktikum-services.ru/api/v1/orders/
Proxy:			<none>
Request params:	<none>
Query params:	<none>
Form params:	<none>
Path params:	<none>
Headers:		Accept=application/json, application/javascript, text/javascript, text/json
				Content-Type=application/json
Cookies:		<none>
Multiparts:		<none>
Body:
{
    "firstName": "Naruto",
    "lastName": "Uchiha",
    "address": "Konoha, 142 apt.",
    "metroStation": 4,
    "phone": "+7 800 355 35 35",
    "rentTime": 5,
    "deliveryDate": "2020-06-06",
    "comment": "Saske, come back to Konoha",
    "color": [
        "BLACK",
        "GREY"
    ]
}
Request method:	POST
Request URI:	http://qa-scooter.praktikum-services.ru/api/v1/orders/
Proxy:			<none>
Request params:	<none>
Query params:	<none>
Form params:	<none>
Path params:	<none>
Headers:		Accept=application/json, application/javascript, text/javascript, text/json
				Content-Type=application/json
Cookies:		<none>
Multiparts:		<none>
Body:
{
    "firstName": "Naruto",
    "lastName": "Uchiha",
    "address": "Konoha, 142 apt.",
    "metroStation": 4,
    "phone": "+7 800 355 35 35",
    "rentTime": 5,
    "deliveryDate": "2020-06-06",
    "comment": "Saske, come back to Konoha",
    "color": [
        "BLACK",
        "GREY"
    ]
}
Request method:	POST
Request URI:	http://qa-scooter.praktikum-services.ru/api/v1/orders/
Proxy:			<none>
Request params:	<none>
Query params:	<none>
Form params:	<none>
Path params:	<none>
Headers:		Accept=application/json, application/javascript, text/javascript, text/json
				Content-Type=application/json
Cookies:		<none>
Multiparts:		<none>
Body:
{
    "firstName": "Naruto",
    "lastName": "Uchiha",
    "address": "Konoha, 142 apt.",
    "metroStation": 4,
    "phone": "+7 800 355 35 35",
    "rentTime": 5,
    "deliveryDate": "2020-06-06",
    "comment": "Saske, come back to Konoha",
    "color": [
        "BLACK",
        "GREY"
    ]
}
Request method:	POST
Request URI:	http://qa-scooter.praktikum-services.ru/api/v1/orders/
Proxy:			<none>
Request params:	<none>
Query params:	<none>
Form params:	<none>
Path params:	<none>
Headers:		Accept=application/json, application/javascript, text/javascript, text/json
				Content-Type=application/json
Cookies:		<none>
Multiparts:		<none>
Body:
{
    "firstName": "Naruto",
    "lastName": "Uchiha",
    "address": "Konoha, 142 apt.",
    "metroStation": 4,
    "phone": "+7 800 355 35 35",
    "rentTime": 5,
    "deliveryDate": "2020-06-06",
    "comment": "Saske, come back to Konoha",
    "color": [
        "BLACK",
        "GREY"
    ]
}
Request method:	POST
Request URI:	http://qa-scooter.praktikum-services.ru/api/v1/orders/
Proxy:			<none>
Request params:	<none>
Query params:	<none>
Form params:	<none>
Path params:	<none>
Headers:		Accept=application/json, application/javascript, text/javascript, text/json
				Content-Type=application/json
Cookies:		<none>
Multiparts:		<none>
Body:
{
    "firstName": "Naruto",
    "lastName": "Uchiha",
    "address": "Konoha, 142 apt.",
    "metroStation": 4,
    "phone": "+7 800 355 35 35",
    "rentTime": 5,
    "deliveryDate": "2020-06-06",
    "comment": "Saske, come back to Konoha",
    "color": [
        "BLACK",
        "GREY"
    ]
}
Request method:	POST
Request URI:	http://qa-scooter.praktikum-services.ru/api/v1/orders/
Proxy:			<none>
Request params:	<none>
Query params:	<none>
Form params:	<none>
Path params:	<none>
Headers:		Accept=application/json, application/javascript, text/javascript, text/json
				Content-Type=application/json
Cookies:		<none>
Multiparts:		<none>
Body:
{
    "firstName": "Naruto",
    "lastName": "Uchiha",
    "address": "Konoha, 142 apt.",
    "metroStation": 4,
    "phone": "+7 800 355 35 35",
    "rentTime": 5,
    "deliveryDate": "2020-06-06",
    "comment": "Saske, come back to Konoha",
    "color": [
        "BLACK",
        "GREY"
    ]
}
Request method:	POST
Request URI:	http://qa-scooter.praktikum-services.ru/api/v1/orders/
Proxy:			<none>
Request params:	<none>
Query params:	<none>
Form params:	<none>
Path params:	<none>
Headers:		Accept=application/json, application/javascript, text/javascript, text/json
				Content-Type=application/json
Cookies:		<none>
Multiparts:		<none>
Body:
{
    "firstName": "Naruto",
    "lastName": "Uchiha",
    "address": "Konoha, 142 apt.",
    "metroStation": 4,
    "phone": "+7 800 355 35 35",
    "rentTime": 5,
    "deliveryDate": "2020-06-06",
    "comment": "Saske, come back to Konoha",
    "color": [
        "BLACK",
        "GREY"
    ]
}
Request method:	POST
Request URI:	http://qa-scooter.praktikum-services.ru/api/v1/orders/
Proxy:			<none>
Request params:	<none>
Query params:	<none>
Form params:	<none>
Path params:	<none>
Headers:		Accept=application/json, application/javascript, text/javascript, text/json
				Content-Type=application/json
Cookies:		<none>
Multiparts:		<none>
Body:
{
    "firstName": "Naruto",
    "lastName": "Uchiha",
    "address": "Konoha, 142 apt.",
    "metroStation": 4,
    "phone": "+7 800 355 35 35",
    "rentTime": 5,
    "deliveryDate": "2020-06-06",
    "comment": "Saske, come back to Konoha",
    "color": [
        "BLACK",
        "GREY"
    ]
}
Request method:	POST
Request URI:	http://qa-scooter.praktikum-services.ru/api/v1/orders/
Proxy:			<none>
Request params:	<none>
Query params:	<none>
Form params:	<none>
Path params:	<none>
Headers:		Accept=application/json, application/javascript, text/javascript, text/json
				Content-Type=application/json
Cookies:		<none>
Multiparts:		<none>
Body:
{
    "firstName": "Naruto",
    "lastName": "Uchiha",
    "address": "Konoha, 142 apt.",
    "metroStation": 4,
    "phone": "+7 800 355 35 35",
    "rentTime": 5,
    "deliveryDate": "2020-06-06",
    "comment": "Saske, come back to Konoha",
    "color": [
        "BLACK",
        "GREY"
    ]
}
Request method:	POST
Request URI:	http://qa-scooter.praktikum-services.ru/api/v1/orders/
Proxy:			<none>
Request params:	<none>
Query params:	<none>
Form params:	<none>
Path params:	<none>
Headers:		Accept=application/json, application/javascript, text/javascript, text/json
				Content-Type=application/json
Cookies:		<none>
Multiparts:		<none>
Body:
{
    "firstName": "Naruto",
    "lastName": "Uchiha",
    "address": "Konoha, 142 apt.",
    "metroStation": 4,
    "phone": "+7 800 355 35 35",
    "rentTime": 5,
    "deliveryDate": "2020-06-06",
    "comment": "Saske, come back to Konoha",
    "color": [
        "BLACK",
        "GREY"
    ]
}
Request method:	POST
Request URI:	http://qa-scooter.praktikum-services.ru/api/v1/orders/
Proxy:			<none>
Request params:	<none>
Query params:	<none>
Form params:	<none>
Path params:	<none>
Headers:		Accept=application/json, application/javascript, text/javascript, text/json
				Content-Type=application/json
Cookies:		<none>
Multiparts:		<none>
Body:
{
    "firstName": "Naruto",
    "lastName": "Uchiha",
    "address": "Konoha, 142 apt.",
    "metroStation": 4,
    "phone": "+7 800 355 35 35",
    "rentTime": 5,
    "deliveryDate": "2020-06-06",
    "comment": "Saske, come back to Konoha",
    "color": [
        "BLACK",
        "GREY"
    ]
}
Request method:	POST
Request URI:	http://qa-scooter.praktikum-services.ru/api/v1/orders/
Proxy:			<none>
Request params:	<none>
Query params:	<none>
Form params:	<none>
Path params:	<none>
Headers:		Accept=application/json, application/javascript, text/javascript, text/json
				Content-Type=application/json
Cookies:		<none>
Multiparts:		<none>
Body:
{
    "firstName": "Naruto",
    "lastName": "Uchiha",
    "address": "Konoha, 142 apt.",
    "metroStation": 4,
    "phone": "+7 800 355 35 35",
    "rentTime": 5,
    "deliveryDate": "2020-06-06",
    "comment": "Saske, come back to Konoha",
    "color": [
        "BLACK",
        "GREY"
    ]
}
Request method:	POST
Request URI:	http://qa-scooter.praktikum-services.ru/api/v1/orders/
Proxy:			<none>
Request params:	<none>
Query params:	<none>
Form params:	<none>
Path params:	<none>
Headers:		Accept=application/json, application/javascript, text/javascript, text/json
				Content-Type=application/json
Cookies:		<none>
Multiparts:		<none>
Body:
{
    "firstName": "Naruto",
    "lastName": "Uchiha",
    "address": "Konoha, 142 apt.",
    "metroStation": 4,
    "phone": "+7 800 355 35 35",
    "rentTime": 5,
    "deliveryDate": "2020-06-06",
    "comment": "Saske, come back to Konoha",
    "color": [
        "BLACK",
        "GREY"
    ]
}
HTTP/1.1 201 Created
Access-Control-Allow-Origin: *
Content-Length: 16
Content-Type: application/json; charset=utf-8
Date: Thu, 02 Jun 2022 14:09:35 GMT
ETag: W/"10-1W7WGo1529a6kqDEYwU64vtEMtY"
Set-Cookie: _yasc=SA3tjKOGsKNXybaaxf7OyD1aBDYCDHEMzsYMqnAivP3lEw==; domain=.praktikum-services.ru; path=/; expires=Sat, 02-Jul-2022 14:09:35 GMT; secure
X-Powered-By: Express
X-Request-Id: 1654178975344417-3333296486921003036

{
    "track": 816507
}
HTTP/1.1 201 Created
Access-Control-Allow-Origin: *
Content-Length: 16
Content-Type: application/json; charset=utf-8
Date: Thu, 02 Jun 2022 14:09:35 GMT
ETag: W/"10-1W7WGo1529a6kqDEYwU64vtEMtY"
Set-Cookie: _yasc=SA3tjKOGsKNXybaaxf7OyD1aBDYCDHEMzsYMqnAivP3lEw==; domain=.praktikum-services.ru; path=/; expires=Sat, 02-Jul-2022 14:09:35 GMT; secure
X-Powered-By: Express
X-Request-Id: 1654178975344417-3333296486921003036

{
    "track": 816507
}
HTTP/1.1 201 Created
Access-Control-Allow-Origin: *
Content-Length: 16
Content-Type: application/json; charset=utf-8
Date: Thu, 02 Jun 2022 14:09:35 GMT
ETag: W/"10-1W7WGo1529a6kqDEYwU64vtEMtY"
Set-Cookie: _yasc=SA3tjKOGsKNXybaaxf7OyD1aBDYCDHEMzsYMqnAivP3lEw==; domain=.praktikum-services.ru; path=/; expires=Sat, 02-Jul-2022 14:09:35 GMT; secure
X-Powered-By: Express
X-Request-Id: 1654178975344417-3333296486921003036

{
    "track": 816507
}
HTTP/1.1 201 Created
Access-Control-Allow-Origin: *
Content-Length: 16
Content-Type: application/json; charset=utf-8
Date: Thu, 02 Jun 2022 14:09:35 GMT
ETag: W/"10-1W7WGo1529a6kqDEYwU64vtEMtY"
Set-Cookie: _yasc=SA3tjKOGsKNXybaaxf7OyD1aBDYCDHEMzsYMqnAivP3lEw==; domain=.praktikum-services.ru; path=/; expires=Sat, 02-Jul-2022 14:09:35 GMT; secure
X-Powered-By: Express
X-Request-Id: 1654178975344417-3333296486921003036

{
    "track": 816507
}
HTTP/1.1 201 Created
Access-Control-Allow-Origin: *
Content-Length: 16
Content-Type: application/json; charset=utf-8
Date: Thu, 02 Jun 2022 14:09:35 GMT
ETag: W/"10-1W7WGo1529a6kqDEYwU64vtEMtY"
Set-Cookie: _yasc=SA3tjKOGsKNXybaaxf7OyD1aBDYCDHEMzsYMqnAivP3lEw==; domain=.praktikum-services.ru; path=/; expires=Sat, 02-Jul-2022 14:09:35 GMT; secure
X-Powered-By: Express
X-Request-Id: 1654178975344417-3333296486921003036

{
    "track": 816507
}
HTTP/1.1 201 Created
Access-Control-Allow-Origin: *
Content-Length: 16
Content-Type: application/json; charset=utf-8
Date: Thu, 02 Jun 2022 14:09:35 GMT
ETag: W/"10-1W7WGo1529a6kqDEYwU64vtEMtY"
Set-Cookie: _yasc=SA3tjKOGsKNXybaaxf7OyD1aBDYCDHEMzsYMqnAivP3lEw==; domain=.praktikum-services.ru; path=/; expires=Sat, 02-Jul-2022 14:09:35 GMT; secure
X-Powered-By: Express
X-Request-Id: 1654178975344417-3333296486921003036

{
    "track": 816507
}
HTTP/1.1 201 Created
Access-Control-Allow-Origin: *
Content-Length: 16
Content-Type: application/json; charset=utf-8
Date: Thu, 02 Jun 2022 14:09:35 GMT
ETag: W/"10-1W7WGo1529a6kqDEYwU64vtEMtY"
Set-Cookie: _yasc=SA3tjKOGsKNXybaaxf7OyD1aBDYCDHEMzsYMqnAivP3lEw==; domain=.praktikum-services.ru; path=/; expires=Sat, 02-Jul-2022 14:09:35 GMT; secure
X-Powered-By: Express
X-Request-Id: 1654178975344417-3333296486921003036

{
    "track": 816507
}
HTTP/1.1 201 Created
Access-Control-Allow-Origin: *
Content-Length: 16
Content-Type: application/json; charset=utf-8
Date: Thu, 02 Jun 2022 14:09:35 GMT
ETag: W/"10-1W7WGo1529a6kqDEYwU64vtEMtY"
Set-Cookie: _yasc=SA3tjKOGsKNXybaaxf7OyD1aBDYCDHEMzsYMqnAivP3lEw==; domain=.praktikum-services.ru; path=/; expires=Sat, 02-Jul-2022 14:09:35 GMT; secure
X-Powered-By: Express
X-Request-Id: 1654178975344417-3333296486921003036

{
    "track": 816507
}
HTTP/1.1 201 Created
Access-Control-Allow-Origin: *
Content-Length: 16
Content-Type: application/json; charset=utf-8
Date: Thu, 02 Jun 2022 14:09:35 GMT
ETag: W/"10-1W7WGo1529a6kqDEYwU64vtEMtY"
Set-Cookie: _yasc=SA3tjKOGsKNXybaaxf7OyD1aBDYCDHEMzsYMqnAivP3lEw==; domain=.praktikum-services.ru; path=/; expires=Sat, 02-Jul-2022 14:09:35 GMT; secure
X-Powered-By: Express
X-Request-Id: 1654178975344417-3333296486921003036

{
    "track": 816507
}
HTTP/1.1 201 Created
Access-Control-Allow-Origin: *
Content-Length: 16
Content-Type: application/json; charset=utf-8
Date: Thu, 02 Jun 2022 14:09:35 GMT
ETag: W/"10-1W7WGo1529a6kqDEYwU64vtEMtY"
Set-Cookie: _yasc=SA3tjKOGsKNXybaaxf7OyD1aBDYCDHEMzsYMqnAivP3lEw==; domain=.praktikum-services.ru; path=/; expires=Sat, 02-Jul-2022 14:09:35 GMT; secure
X-Powered-By: Express
X-Request-Id: 1654178975344417-3333296486921003036

{
    "track": 816507
}
HTTP/1.1 201 Created
Access-Control-Allow-Origin: *
Content-Length: 16
Content-Type: application/json; charset=utf-8
Date: Thu, 02 Jun 2022 14:09:35 GMT
ETag: W/"10-1W7WGo1529a6kqDEYwU64vtEMtY"
Set-Cookie: _yasc=SA3tjKOGsKNXybaaxf7OyD1aBDYCDHEMzsYMqnAivP3lEw==; domain=.praktikum-services.ru; path=/; expires=Sat, 02-Jul-2022 14:09:35 GMT; secure
X-Powered-By: Express
X-Request-Id: 1654178975344417-3333296486921003036

{
    "track": 816507
}
HTTP/1.1 201 Created
Access-Control-Allow-Origin: *
Content-Length: 16
Content-Type: application/json; charset=utf-8
Date: Thu, 02 Jun 2022 14:09:35 GMT
ETag: W/"10-1W7WGo1529a6kqDEYwU64vtEMtY"
Set-Cookie: _yasc=SA3tjKOGsKNXybaaxf7OyD1aBDYCDHEMzsYMqnAivP3lEw==; domain=.praktikum-services.ru; path=/; expires=Sat, 02-Jul-2022 14:09:35 GMT; secure
X-Powered-By: Express
X-Request-Id: 1654178975344417-3333296486921003036

{
    "track": 816507
}
HTTP/1.1 201 Created
Access-Control-Allow-Origin: *
Content-Length: 16
Content-Type: application/json; charset=utf-8
Date: Thu, 02 Jun 2022 14:09:35 GMT
ETag: W/"10-1W7WGo1529a6kqDEYwU64vtEMtY"
Set-Cookie: _yasc=SA3tjKOGsKNXybaaxf7OyD1aBDYCDHEMzsYMqnAivP3lEw==; domain=.praktikum-services.ru; path=/; expires=Sat, 02-Jul-2022 14:09:35 GMT; secure
X-Powered-By: Express
X-Request-Id: 1654178975344417-3333296486921003036

{
    "track": 816507
}
HTTP/1.1 201 Created
Access-Control-Allow-Origin: *
Content-Length: 16
Content-Type: application/json; charset=utf-8
Date: Thu, 02 Jun 2022 14:09:35 GMT
ETag: W/"10-1W7WGo1529a6kqDEYwU64vtEMtY"
Set-Cookie: _yasc=SA3tjKOGsKNXybaaxf7OyD1aBDYCDHEMzsYMqnAivP3lEw==; domain=.praktikum-services.ru; path=/; expires=Sat, 02-Jul-2022 14:09:35 GMT; secure
X-Powered-By: Express
X-Request-Id: 1654178975344417-3333296486921003036

{
    "track": 816507
}
Request method:	POST
Request URI:	http://qa-scooter.praktikum-services.ru/api/v1/orders/
Proxy:			<none>
Request params:	<none>
Query params:	<none>
Form params:	<none>
Path params:	<none>
Headers:		Accept=application/json, application/javascript, text/javascript, text/json
				Content-Type=application/json
Cookies:		<none>
Multiparts:		<none>
Body:
{
    "firstName": "Naruto",
    "lastName": "Uchiha",
    "address": "Konoha, 142 apt.",
    "metroStation": 4,
    "phone": "+7 800 355 35 35",
    "rentTime": 5,
    "deliveryDate": "2020-06-06",
    "comment": "Saske, come back to Konoha",
    "color": [
        "BLACK",
        "GREY"
    ]
}
Request method:	POST
Request URI:	http://qa-scooter.praktikum-services.ru/api/v1/orders/
Proxy:			<none>
Request params:	<none>
Query params:	<none>
Form params:	<none>
Path params:	<none>
Headers:		Accept=application/json, application/javascript, text/javascript, text/json
				Content-Type=application/json
Cookies:		<none>
Multiparts:		<none>
Body:
{
    "firstName": "Naruto",
    "lastName": "Uchiha",
    "address": "Konoha, 142 apt.",
    "metroStation": 4,
    "phone": "+7 800 355 35 35",
    "rentTime": 5,
    "deliveryDate": "2020-06-06",
    "comment": "Saske, come back to Konoha",
    "color": [
        "BLACK",
        "GREY"
    ]
}
Request method:	POST
Request URI:	http://qa-scooter.praktikum-services.ru/api/v1/orders/
Proxy:			<none>
Request params:	<none>
Query params:	<none>
Form params:	<none>
Path params:	<none>
Headers:		Accept=application/json, application/javascript, text/javascript, text/json
				Content-Type=application/json
Cookies:		<none>
Multiparts:		<none>
Body:
{
    "firstName": "Naruto",
    "lastName": "Uchiha",
    "address": "Konoha, 142 apt.",
    "metroStation": 4,
    "phone": "+7 800 355 35 35",
    "rentTime": 5,
    "deliveryDate": "2020-06-06",
    "comment": "Saske, come back to Konoha",
    "color": [
        "BLACK",
        "GREY"
    ]
}
Request method:	POST
Request URI:	http://qa-scooter.praktikum-services.ru/api/v1/orders/
Proxy:			<none>
Request params:	<none>
Query params:	<none>
Form params:	<none>
Path params:	<none>
Headers:		Accept=application/json, application/javascript, text/javascript, text/json
				Content-Type=application/json
Cookies:		<none>
Multiparts:		<none>
Body:
{
    "firstName": "Naruto",
    "lastName": "Uchiha",
    "address": "Konoha, 142 apt.",
    "metroStation": 4,
    "phone": "+7 800 355 35 35",
    "rentTime": 5,
    "deliveryDate": "2020-06-06",
    "comment": "Saske, come back to Konoha",
    "color": [
        "BLACK",
        "GREY"
    ]
}
Request method:	POST
Request URI:	http://qa-scooter.praktikum-services.ru/api/v1/orders/
Proxy:			<none>
Request params:	<none>
Query params:	<none>
Form params:	<none>
Path params:	<none>
Headers:		Accept=application/json, application/javascript, text/javascript, text/json
				Content-Type=application/json
Cookies:		<none>
Multiparts:		<none>
Body:
{
    "firstName": "Naruto",
    "lastName": "Uchiha",
    "address": "Konoha, 142 apt.",
    "metroStation": 4,
    "phone": "+7 800 355 35 35",
    "rentTime": 5,
    "deliveryDate": "2020-06-06",
    "comment": "Saske, come back to Konoha",
    "color": [
        "BLACK",
        "GREY"
    ]
}
Request method:	POST
Request URI:	http://qa-scooter.praktikum-services.ru/api/v1/orders/
Proxy:			<none>
Request params:	<none>
Query params:	<none>
Form params:	<none>
Path params:	<none>
Headers:		Accept=application/json, application/javascript, text/javascript, text/json
				Content-Type=application/json
Cookies:		<none>
Multiparts:		<none>
Body:
{
    "firstName": "Naruto",
    "lastName": "Uchiha",
    "address": "Konoha, 142 apt.",
    "metroStation": 4,
    "phone": "+7 800 355 35 35",
    "rentTime": 5,
    "deliveryDate": "2020-06-06",
    "comment": "Saske, come back to Konoha",
    "color": [
        "BLACK",
        "GREY"
    ]
}
Request method:	POST
Request URI:	http://qa-scooter.praktikum-services.ru/api/v1/orders/
Proxy:			<none>
Request params:	<none>
Query params:	<none>
Form params:	<none>
Path params:	<none>
Headers:		Accept=application/json, application/javascript, text/javascript, text/json
				Content-Type=application/json
Cookies:		<none>
Multiparts:		<none>
Body:
{
    "firstName": "Naruto",
    "lastName": "Uchiha",
    "address": "Konoha, 142 apt.",
    "metroStation": 4,
    "phone": "+7 800 355 35 35",
    "rentTime": 5,
    "deliveryDate": "2020-06-06",
    "comment": "Saske, come back to Konoha",
    "color": [
        "BLACK",
        "GREY"
    ]
}
Request method:	POST
Request URI:	http://qa-scooter.praktikum-services.ru/api/v1/orders/
Proxy:			<none>
Request params:	<none>
Query params:	<none>
Form params:	<none>
Path params:	<none>
Headers:		Accept=application/json, application/javascript, text/javascript, text/json
				Content-Type=application/json
Cookies:		<none>
Multiparts:		<none>
Body:
{
    "firstName": "Naruto",
    "lastName": "Uchiha",
    "address": "Konoha, 142 apt.",
    "metroStation": 4,
    "phone": "+7 800 355 35 35",
    "rentTime": 5,
    "deliveryDate": "2020-06-06",
    "comment": "Saske, come back to Konoha",
    "color": [
        "BLACK",
        "GREY"
    ]
}
Request method:	POST
Request URI:	http://qa-scooter.praktikum-services.ru/api/v1/orders/
Proxy:			<none>
Request params:	<none>
Query params:	<none>
Form params:	<none>
Path params:	<none>
Headers:		Accept=application/json, application/javascript, text/javascript, text/json
				Content-Type=application/json
Cookies:		<none>
Multiparts:		<none>
Body:
{
    "firstName": "Naruto",
    "lastName": "Uchiha",
    "address": "Konoha, 142 apt.",
    "metroStation": 4,
    "phone": "+7 800 355 35 35",
    "rentTime": 5,
    "deliveryDate": "2020-06-06",
    "comment": "Saske, come back to Konoha",
    "color": [
        "BLACK",
        "GREY"
    ]
}
Request method:	POST
Request URI:	http://qa-scooter.praktikum-services.ru/api/v1/orders/
Proxy:			<none>
Request params:	<none>
Query params:	<none>
Form params:	<none>
Path params:	<none>
Headers:		Accept=application/json, application/javascript, text/javascript, text/json
				Content-Type=application/json
Cookies:		<none>
Multiparts:		<none>
Body:
{
    "firstName": "Naruto",
    "lastName": "Uchiha",
    "address": "Konoha, 142 apt.",
    "metroStation": 4,
    "phone": "+7 800 355 35 35",
    "rentTime": 5,
    "deliveryDate": "2020-06-06",
    "comment": "Saske, come back to Konoha",
    "color": [
        "BLACK",
        "GREY"
    ]
}
Request method:	POST
Request URI:	http://qa-scooter.praktikum-services.ru/api/v1/orders/
Proxy:			<none>
Request params:	<none>
Query params:	<none>
Form params:	<none>
Path params:	<none>
Headers:		Accept=application/json, application/javascript, text/javascript, text/json
				Content-Type=application/json
Cookies:		<none>
Multiparts:		<none>
Body:
{
    "firstName": "Naruto",
    "lastName": "Uchiha",
    "address": "Konoha, 142 apt.",
    "metroStation": 4,
    "phone": "+7 800 355 35 35",
    "rentTime": 5,
    "deliveryDate": "2020-06-06",
    "comment": "Saske, come back to Konoha",
    "color": [
        "BLACK",
        "GREY"
    ]
}
Request method:	POST
Request URI:	http://qa-scooter.praktikum-services.ru/api/v1/orders/
Proxy:			<none>
Request params:	<none>
Query params:	<none>
Form params:	<none>
Path params:	<none>
Headers:		Accept=application/json, application/javascript, text/javascript, text/json
				Content-Type=application/json
Cookies:		<none>
Multiparts:		<none>
Body:
{
    "firstName": "Naruto",
    "lastName": "Uchiha",
    "address": "Konoha, 142 apt.",
    "metroStation": 4,
    "phone": "+7 800 355 35 35",
    "rentTime": 5,
    "deliveryDate": "2020-06-06",
    "comment": "Saske, come back to Konoha",
    "color": [
        "BLACK",
        "GREY"
    ]
}
Request method:	POST
Request URI:	http://qa-scooter.praktikum-services.ru/api/v1/orders/
Proxy:			<none>
Request params:	<none>
Query params:	<none>
Form params:	<none>
Path params:	<none>
Headers:		Accept=application/json, application/javascript, text/javascript, text/json
				Content-Type=application/json
Cookies:		<none>
Multiparts:		<none>
Body:
{
    "firstName": "Naruto",
    "lastName": "Uchiha",
    "address": "Konoha, 142 apt.",
    "metroStation": 4,
    "phone": "+7 800 355 35 35",
    "rentTime": 5,
    "deliveryDate": "2020-06-06",
    "comment": "Saske, come back to Konoha",
    "color": [
        "BLACK",
        "GREY"
    ]
}
Request method:	POST
Request URI:	http://qa-scooter.praktikum-services.ru/api/v1/orders/
Proxy:			<none>
Request params:	<none>
Query params:	<none>
Form params:	<none>
Path params:	<none>
Headers:		Accept=application/json, application/javascript, text/javascript, text/json
				Content-Type=application/json
Cookies:		<none>
Multiparts:		<none>
Body:
{
    "firstName": "Naruto",
    "lastName": "Uchiha",
    "address": "Konoha, 142 apt.",
    "metroStation": 4,
    "phone": "+7 800 355 35 35",
    "rentTime": 5,
    "deliveryDate": "2020-06-06",
    "comment": "Saske, come back to Konoha",
    "color": [
        "BLACK",
        "GREY"
    ]
}
Request method:	POST
Request URI:	http://qa-scooter.praktikum-services.ru/api/v1/orders/
Proxy:			<none>
Request params:	<none>
Query params:	<none>
Form params:	<none>
Path params:	<none>
Headers:		Accept=application/json, application/javascript, text/javascript, text/json
				Content-Type=application/json
Cookies:		<none>
Multiparts:		<none>
Body:
{
    "firstName": "Naruto",
    "lastName": "Uchiha",
    "address": "Konoha, 142 apt.",
    "metroStation": 4,
    "phone": "+7 800 355 35 35",
    "rentTime": 5,
    "deliveryDate": "2020-06-06",
    "comment": "Saske, come back to Konoha",
    "color": [
        "BLACK",
        "GREY"
    ]
}
HTTP/1.1 201 Created
Access-Control-Allow-Origin: *
Content-Length: 16
Content-Type: application/json; charset=utf-8
Date: Thu, 02 Jun 2022 14:09:35 GMT
ETag: W/"10-7TmecmPdX++vXZHP7LHCYK6Nzo8"
Set-Cookie: _yasc=19+vOtaSMw6fqU35ma6FuNcW7dXH6xxTeSNy+S4QbcLO8w==; domain=.praktikum-services.ru; path=/; expires=Sat, 02-Jul-2022 14:09:35 GMT; secure
X-Powered-By: Express
X-Request-Id: 1654178975496170-3508762360175325014

{
    "track": 376640
}
HTTP/1.1 201 Created
Access-Control-Allow-Origin: *
Content-Length: 16
Content-Type: application/json; charset=utf-8
Date: Thu, 02 Jun 2022 14:09:35 GMT
ETag: W/"10-7TmecmPdX++vXZHP7LHCYK6Nzo8"
Set-Cookie: _yasc=19+vOtaSMw6fqU35ma6FuNcW7dXH6xxTeSNy+S4QbcLO8w==; domain=.praktikum-services.ru; path=/; expires=Sat, 02-Jul-2022 14:09:35 GMT; secure
X-Powered-By: Express
X-Request-Id: 1654178975496170-3508762360175325014

{
    "track": 376640
}
HTTP/1.1 201 Created
Access-Control-Allow-Origin: *
Content-Length: 16
Content-Type: application/json; charset=utf-8
Date: Thu, 02 Jun 2022 14:09:35 GMT
ETag: W/"10-7TmecmPdX++vXZHP7LHCYK6Nzo8"
Set-Cookie: _yasc=19+vOtaSMw6fqU35ma6FuNcW7dXH6xxTeSNy+S4QbcLO8w==; domain=.praktikum-services.ru; path=/; expires=Sat, 02-Jul-2022 14:09:35 GMT; secure
X-Powered-By: Express
X-Request-Id: 1654178975496170-3508762360175325014

{
    "track": 376640
}
HTTP/1.1 201 Created
Access-Control-Allow-Origin: *
Content-Length: 16
Content-Type: application/json; charset=utf-8
Date: Thu, 02 Jun 2022 14:09:35 GMT
ETag: W/"10-7TmecmPdX++vXZHP7LHCYK6Nzo8"
Set-Cookie: _yasc=19+vOtaSMw6fqU35ma6FuNcW7dXH6xxTeSNy+S4QbcLO8w==; domain=.praktikum-services.ru; path=/; expires=Sat, 02-Jul-2022 14:09:35 GMT; secure
X-Powered-By: Express
X-Request-Id: 1654178975496170-3508762360175325014

{
    "track": 376640
}
HTTP/1.1 201 Created
Access-Control-Allow-Origin: *
Content-Length: 16
Content-Type: application/json; charset=utf-8
Date: Thu, 02 Jun 2022 14:09:35 GMT
ETag: W/"10-7TmecmPdX++vXZHP7LHCYK6Nzo8"
Set-Cookie: _yasc=19+vOtaSMw6fqU35ma6FuNcW7dXH6xxTeSNy+S4QbcLO8w==; domain=.praktikum-services.ru; path=/; expires=Sat, 02-Jul-2022 14:09:35 GMT; secure
X-Powered-By: Express
X-Request-Id: 1654178975496170-3508762360175325014

{
    "track": 376640
}
HTTP/1.1 201 Created
Access-Control-Allow-Origin: *
Content-Length: 16
Content-Type: application/json; charset=utf-8
Date: Thu, 02 Jun 2022 14:09:35 GMT
ETag: W/"10-7TmecmPdX++vXZHP7LHCYK6Nzo8"
Set-Cookie: _yasc=19+vOtaSMw6fqU35ma6FuNcW7dXH6xxTeSNy+S4QbcLO8w==; domain=.praktikum-services.ru; path=/; expires=Sat, 02-Jul-2022 14:09:35 GMT; secure
X-Powered-By: Express
X-Request-Id: 1654178975496170-3508762360175325014

{
    "track": 376640
}
HTTP/1.1 201 Created
Access-Control-Allow-Origin: *
Content-Length: 16
Content-Type: application/json; charset=utf-8
Date: Thu, 02 Jun 2022 14:09:35 GMT
ETag: W/"10-7TmecmPdX++vXZHP7LHCYK6Nzo8"
Set-Cookie: _yasc=19+vOtaSMw6fqU35ma6FuNcW7dXH6xxTeSNy+S4QbcLO8w==; domain=.praktikum-services.ru; path=/; expires=Sat, 02-Jul-2022 14:09:35 GMT; secure
X-Powered-By: Express
X-Request-Id: 1654178975496170-3508762360175325014

{
    "track": 376640
}
HTTP/1.1 201 Created
Access-Control-Allow-Origin: *
Content-Length: 16
Content-Type: application/json; charset=utf-8
Date: Thu, 02 Jun 2022 14:09:35 GMT
ETag: W/"10-7TmecmPdX++vXZHP7LHCYK6Nzo8"
Set-Cookie: _yasc=19+vOtaSMw6fqU35ma6FuNcW7dXH6xxTeSNy+S4QbcLO8w==; domain=.praktikum-services.ru; path=/; expires=Sat, 02-Jul-2022 14:09:35 GMT; secure
X-Powered-By: Express
X-Request-Id: 1654178975496170-3508762360175325014

{
    "track": 376640
}
HTTP/1.1 201 Created
Access-Control-Allow-Origin: *
Content-Length: 16
Content-Type: application/json; charset=utf-8
Date: Thu, 02 Jun 2022 14:09:35 GMT
ETag: W/"10-7TmecmPdX++vXZHP7LHCYK6Nzo8"
Set-Cookie: _yasc=19+vOtaSMw6fqU35ma6FuNcW7dXH6xxTeSNy+S4QbcLO8w==; domain=.praktikum-services.ru; path=/; expires=Sat, 02-Jul-2022 14:09:35 GMT; secure
X-Powered-By: Express
X-Request-Id: 1654178975496170-3508762360175325014

{
    "track": 376640
}
HTTP/1.1 201 Created
Access-Control-Allow-Origin: *
Content-Length: 16
Content-Type: application/json; charset=utf-8
Date: Thu, 02 Jun 2022 14:09:35 GMT
ETag: W/"10-7TmecmPdX++vXZHP7LHCYK6Nzo8"
Set-Cookie: _yasc=19+vOtaSMw6fqU35ma6FuNcW7dXH6xxTeSNy+S4QbcLO8w==; domain=.praktikum-services.ru; path=/; expires=Sat, 02-Jul-2022 14:09:35 GMT; secure
X-Powered-By: Express
X-Request-Id: 1654178975496170-3508762360175325014

{
    "track": 376640
}
HTTP/1.1 201 Created
Access-Control-Allow-Origin: *
Content-Length: 16
Content-Type: application/json; charset=utf-8
Date: Thu, 02 Jun 2022 14:09:35 GMT
ETag: W/"10-7TmecmPdX++vXZHP7LHCYK6Nzo8"
Set-Cookie: _yasc=19+vOtaSMw6fqU35ma6FuNcW7dXH6xxTeSNy+S4QbcLO8w==; domain=.praktikum-services.ru; path=/; expires=Sat, 02-Jul-2022 14:09:35 GMT; secure
X-Powered-By: Express
X-Request-Id: 1654178975496170-3508762360175325014

{
    "track": 376640
}
HTTP/1.1 201 Created
Access-Control-Allow-Origin: *
Content-Length: 16
Content-Type: application/json; charset=utf-8
Date: Thu, 02 Jun 2022 14:09:35 GMT
ETag: W/"10-7TmecmPdX++vXZHP7LHCYK6Nzo8"
Set-Cookie: _yasc=19+vOtaSMw6fqU35ma6FuNcW7dXH6xxTeSNy+S4QbcLO8w==; domain=.praktikum-services.ru; path=/; expires=Sat, 02-Jul-2022 14:09:35 GMT; secure
X-Powered-By: Express
X-Request-Id: 1654178975496170-3508762360175325014

{
    "track": 376640
}
HTTP/1.1 201 Created
Access-Control-Allow-Origin: *
Content-Length: 16
Content-Type: application/json; charset=utf-8
Date: Thu, 02 Jun 2022 14:09:35 GMT
ETag: W/"10-7TmecmPdX++vXZHP7LHCYK6Nzo8"
Set-Cookie: _yasc=19+vOtaSMw6fqU35ma6FuNcW7dXH6xxTeSNy+S4QbcLO8w==; domain=.praktikum-services.ru; path=/; expires=Sat, 02-Jul-2022 14:09:35 GMT; secure
X-Powered-By: Express
X-Request-Id: 1654178975496170-3508762360175325014

{
    "track": 376640
}
HTTP/1.1 201 Created
Access-Control-Allow-Origin: *
Content-Length: 16
Content-Type: application/json; charset=utf-8
Date: Thu, 02 Jun 2022 14:09:35 GMT
ETag: W/"10-7TmecmPdX++vXZHP7LHCYK6Nzo8"
Set-Cookie: _yasc=19+vOtaSMw6fqU35ma6FuNcW7dXH6xxTeSNy+S4QbcLO8w==; domain=.praktikum-services.ru; path=/; expires=Sat, 02-Jul-2022 14:09:35 GMT; secure
X-Powered-By: Express
X-Request-Id: 1654178975496170-3508762360175325014

{
    "track": 376640
}
HTTP/1.1 201 Created
Access-Control-Allow-Origin: *
Content-Length: 16
Content-Type: application/json; charset=utf-8
Date: Thu, 02 Jun 2022 14:09:35 GMT
ETag: W/"10-7TmecmPdX++vXZHP7LHCYK6Nzo8"
Set-Cookie: _yasc=19+vOtaSMw6fqU35ma6FuNcW7dXH6xxTeSNy+S4QbcLO8w==; domain=.praktikum-services.ru; path=/; expires=Sat, 02-Jul-2022 14:09:35 GMT; secure
X-Powered-By: Express
X-Request-Id: 1654178975496170-3508762360175325014

{
    "track": 376640
}
Request method:	PUT
Request URI:	http://qa-scooter.praktikum-services.ru/api/v1/orders/cancel?track=376640
Proxy:			<none>
Request params:	<none>
Query params:	<none>
Form params:	<none>
Path params:	<none>
Headers:		Accept=application/json, application/javascript, text/javascript, text/json
				Content-Type=application/json
Cookies:		<none>
Multiparts:		<none>
Body:			<none>
Request method:	PUT
Request URI:	http://qa-scooter.praktikum-services.ru/api/v1/orders/cancel?track=376640
Proxy:			<none>
Request params:	<none>
Query params:	<none>
Form params:	<none>
Path params:	<none>
Headers:		Accept=application/json, application/javascript, text/javascript, text/json
				Content-Type=application/json
Cookies:		<none>
Multiparts:		<none>
Body:			<none>
Request method:	PUT
Request URI:	http://qa-scooter.praktikum-services.ru/api/v1/orders/cancel?track=376640
Proxy:			<none>
Request params:	<none>
Query params:	<none>
Form params:	<none>
Path params:	<none>
Headers:		Accept=application/json, application/javascript, text/javascript, text/json
				Content-Type=application/json
Cookies:		<none>
Multiparts:		<none>
Body:			<none>
Request method:	PUT
Request URI:	http://qa-scooter.praktikum-services.ru/api/v1/orders/cancel?track=376640
Proxy:			<none>
Request params:	<none>
Query params:	<none>
Form params:	<none>
Path params:	<none>
Headers:		Accept=application/json, application/javascript, text/javascript, text/json
				Content-Type=application/json
Cookies:		<none>
Multiparts:		<none>
Body:			<none>
Request method:	PUT
Request URI:	http://qa-scooter.praktikum-services.ru/api/v1/orders/cancel?track=376640
Proxy:			<none>
Request params:	<none>
Query params:	<none>
Form params:	<none>
Path params:	<none>
Headers:		Accept=application/json, application/javascript, text/javascript, text/json
				Content-Type=application/json
Cookies:		<none>
Multiparts:		<none>
Body:			<none>
Request method:	PUT
Request URI:	http://qa-scooter.praktikum-services.ru/api/v1/orders/cancel?track=376640
Proxy:			<none>
Request params:	<none>
Query params:	<none>
Form params:	<none>
Path params:	<none>
Headers:		Accept=application/json, application/javascript, text/javascript, text/json
				Content-Type=application/json
Cookies:		<none>
Multiparts:		<none>
Body:			<none>
Request method:	PUT
Request URI:	http://qa-scooter.praktikum-services.ru/api/v1/orders/cancel?track=376640
Proxy:			<none>
Request params:	<none>
Query params:	<none>
Form params:	<none>
Path params:	<none>
Headers:		Accept=application/json, application/javascript, text/javascript, text/json
				Content-Type=application/json
Cookies:		<none>
Multiparts:		<none>
Body:			<none>
Request method:	PUT
Request URI:	http://qa-scooter.praktikum-services.ru/api/v1/orders/cancel?track=376640
Proxy:			<none>
Request params:	<none>
Query params:	<none>
Form params:	<none>
Path params:	<none>
Headers:		Accept=application/json, application/javascript, text/javascript, text/json
				Content-Type=application/json
Cookies:		<none>
Multiparts:		<none>
Body:			<none>
Request method:	PUT
Request URI:	http://qa-scooter.praktikum-services.ru/api/v1/orders/cancel?track=376640
Proxy:			<none>
Request params:	<none>
Query params:	<none>
Form params:	<none>
Path params:	<none>
Headers:		Accept=application/json, application/javascript, text/javascript, text/json
				Content-Type=application/json
Cookies:		<none>
Multiparts:		<none>
Body:			<none>
Request method:	PUT
Request URI:	http://qa-scooter.praktikum-services.ru/api/v1/orders/cancel?track=376640
Proxy:			<none>
Request params:	<none>
Query params:	<none>
Form params:	<none>
Path params:	<none>
Headers:		Accept=application/json, application/javascript, text/javascript, text/json
				Content-Type=application/json
Cookies:		<none>
Multiparts:		<none>
Body:			<none>
Request method:	PUT
Request URI:	http://qa-scooter.praktikum-services.ru/api/v1/orders/cancel?track=376640
Proxy:			<none>
Request params:	<none>
Query params:	<none>
Form params:	<none>
Path params:	<none>
Headers:		Accept=application/json, application/javascript, text/javascript, text/json
				Content-Type=application/json
Cookies:		<none>
Multiparts:		<none>
Body:			<none>
Request method:	PUT
Request URI:	http://qa-scooter.praktikum-services.ru/api/v1/orders/cancel?track=376640
Proxy:			<none>
Request params:	<none>
Query params:	<none>
Form params:	<none>
Path params:	<none>
Headers:		Accept=application/json, application/javascript, text/javascript, text/json
				Content-Type=application/json
Cookies:		<none>
Multiparts:		<none>
Body:			<none>
Request method:	PUT
Request URI:	http://qa-scooter.praktikum-services.ru/api/v1/orders/cancel?track=376640
Proxy:			<none>
Request params:	<none>
Query params:	<none>
Form params:	<none>
Path params:	<none>
Headers:		Accept=application/json, application/javascript, text/javascript, text/json
				Content-Type=application/json
Cookies:		<none>
Multiparts:		<none>
Body:			<none>
Request method:	PUT
Request URI:	http://qa-scooter.praktikum-services.ru/api/v1/orders/cancel?track=376640
Proxy:			<none>
Request params:	<none>
Query params:	<none>
Form params:	<none>
Path params:	<none>
Headers:		Accept=application/json, application/javascript, text/javascript, text/json
				Content-Type=application/json
Cookies:		<none>
Multiparts:		<none>
Body:			<none>
Request method:	PUT
Request URI:	http://qa-scooter.praktikum-services.ru/api/v1/orders/cancel?track=376640
Proxy:			<none>
Request params:	<none>
Query params:	<none>
Form params:	<none>
Path params:	<none>
Headers:		Accept=application/json, application/javascript, text/javascript, text/json
				Content-Type=application/json
Cookies:		<none>
Multiparts:		<none>
Body:			<none>
HTTP/1.1 200 OK
Access-Control-Allow-Origin: *
Content-Length: 11
Content-Type: application/json; charset=utf-8
Date: Thu, 02 Jun 2022 14:09:35 GMT
ETag: W/"b-Ai2R8hgEarLmHKwesT1qcY913ys"
Set-Cookie: _yasc=rPpYP2oKJi2FXNHqAIAwTJYRfR3mZ9/3Tuw2iqzfManGhA==; domain=.praktikum-services.ru; path=/; expires=Sat, 02-Jul-2022 14:09:35 GMT; secure
X-Powered-By: Express
X-Request-Id: 1654178975716783-7014060084982999635

{
    "ok": true
}
HTTP/1.1 200 OK
Access-Control-Allow-Origin: *
Content-Length: 11
Content-Type: application/json; charset=utf-8
Date: Thu, 02 Jun 2022 14:09:35 GMT
ETag: W/"b-Ai2R8hgEarLmHKwesT1qcY913ys"
Set-Cookie: _yasc=rPpYP2oKJi2FXNHqAIAwTJYRfR3mZ9/3Tuw2iqzfManGhA==; domain=.praktikum-services.ru; path=/; expires=Sat, 02-Jul-2022 14:09:35 GMT; secure
X-Powered-By: Express
X-Request-Id: 1654178975716783-7014060084982999635

{
    "ok": true
}
HTTP/1.1 200 OK
Access-Control-Allow-Origin: *
Content-Length: 11
Content-Type: application/json; charset=utf-8
Date: Thu, 02 Jun 2022 14:09:35 GMT
ETag: W/"b-Ai2R8hgEarLmHKwesT1qcY913ys"
Set-Cookie: _yasc=rPpYP2oKJi2FXNHqAIAwTJYRfR3mZ9/3Tuw2iqzfManGhA==; domain=.praktikum-services.ru; path=/; expires=Sat, 02-Jul-2022 14:09:35 GMT; secure
X-Powered-By: Express
X-Request-Id: 1654178975716783-7014060084982999635

{
    "ok": true
}
HTTP/1.1 200 OK
Access-Control-Allow-Origin: *
Content-Length: 11
Content-Type: application/json; charset=utf-8
Date: Thu, 02 Jun 2022 14:09:35 GMT
ETag: W/"b-Ai2R8hgEarLmHKwesT1qcY913ys"
Set-Cookie: _yasc=rPpYP2oKJi2FXNHqAIAwTJYRfR3mZ9/3Tuw2iqzfManGhA==; domain=.praktikum-services.ru; path=/; expires=Sat, 02-Jul-2022 14:09:35 GMT; secure
X-Powered-By: Express
X-Request-Id: 1654178975716783-7014060084982999635

{
    "ok": true
}
HTTP/1.1 200 OK
Access-Control-Allow-Origin: *
Content-Length: 11
Content-Type: application/json; charset=utf-8
Date: Thu, 02 Jun 2022 14:09:35 GMT
ETag: W/"b-Ai2R8hgEarLmHKwesT1qcY913ys"
Set-Cookie: _yasc=rPpYP2oKJi2FXNHqAIAwTJYRfR3mZ9/3Tuw2iqzfManGhA==; domain=.praktikum-services.ru; path=/; expires=Sat, 02-Jul-2022 14:09:35 GMT; secure
X-Powered-By: Express
X-Request-Id: 1654178975716783-7014060084982999635

{
    "ok": true
}
HTTP/1.1 200 OK
Access-Control-Allow-Origin: *
Content-Length: 11
Content-Type: application/json; charset=utf-8
Date: Thu, 02 Jun 2022 14:09:35 GMT
ETag: W/"b-Ai2R8hgEarLmHKwesT1qcY913ys"
Set-Cookie: _yasc=rPpYP2oKJi2FXNHqAIAwTJYRfR3mZ9/3Tuw2iqzfManGhA==; domain=.praktikum-services.ru; path=/; expires=Sat, 02-Jul-2022 14:09:35 GMT; secure
X-Powered-By: Express
X-Request-Id: 1654178975716783-7014060084982999635

{
    "ok": true
}
HTTP/1.1 200 OK
Access-Control-Allow-Origin: *
Content-Length: 11
Content-Type: application/json; charset=utf-8
Date: Thu, 02 Jun 2022 14:09:35 GMT
ETag: W/"b-Ai2R8hgEarLmHKwesT1qcY913ys"
Set-Cookie: _yasc=rPpYP2oKJi2FXNHqAIAwTJYRfR3mZ9/3Tuw2iqzfManGhA==; domain=.praktikum-services.ru; path=/; expires=Sat, 02-Jul-2022 14:09:35 GMT; secure
X-Powered-By: Express
X-Request-Id: 1654178975716783-7014060084982999635

{
    "ok": true
}
HTTP/1.1 200 OK
Access-Control-Allow-Origin: *
Content-Length: 11
Content-Type: application/json; charset=utf-8
Date: Thu, 02 Jun 2022 14:09:35 GMT
ETag: W/"b-Ai2R8hgEarLmHKwesT1qcY913ys"
Set-Cookie: _yasc=rPpYP2oKJi2FXNHqAIAwTJYRfR3mZ9/3Tuw2iqzfManGhA==; domain=.praktikum-services.ru; path=/; expires=Sat, 02-Jul-2022 14:09:35 GMT; secure
X-Powered-By: Express
X-Request-Id: 1654178975716783-7014060084982999635

{
    "ok": true
}
HTTP/1.1 200 OK
Access-Control-Allow-Origin: *
Content-Length: 11
Content-Type: application/json; charset=utf-8
Date: Thu, 02 Jun 2022 14:09:35 GMT
ETag: W/"b-Ai2R8hgEarLmHKwesT1qcY913ys"
Set-Cookie: _yasc=rPpYP2oKJi2FXNHqAIAwTJYRfR3mZ9/3Tuw2iqzfManGhA==; domain=.praktikum-services.ru; path=/; expires=Sat, 02-Jul-2022 14:09:35 GMT; secure
X-Powered-By: Express
X-Request-Id: 1654178975716783-7014060084982999635

{
    "ok": true
}
HTTP/1.1 200 OK
Access-Control-Allow-Origin: *
Content-Length: 11
Content-Type: application/json; charset=utf-8
Date: Thu, 02 Jun 2022 14:09:35 GMT
ETag: W/"b-Ai2R8hgEarLmHKwesT1qcY913ys"
Set-Cookie: _yasc=rPpYP2oKJi2FXNHqAIAwTJYRfR3mZ9/3Tuw2iqzfManGhA==; domain=.praktikum-services.ru; path=/; expires=Sat, 02-Jul-2022 14:09:35 GMT; secure
X-Powered-By: Express
X-Request-Id: 1654178975716783-7014060084982999635

{
    "ok": true
}
HTTP/1.1 200 OK
Access-Control-Allow-Origin: *
Content-Length: 11
Content-Type: application/json; charset=utf-8
Date: Thu, 02 Jun 2022 14:09:35 GMT
ETag: W/"b-Ai2R8hgEarLmHKwesT1qcY913ys"
Set-Cookie: _yasc=rPpYP2oKJi2FXNHqAIAwTJYRfR3mZ9/3Tuw2iqzfManGhA==; domain=.praktikum-services.ru; path=/; expires=Sat, 02-Jul-2022 14:09:35 GMT; secure
X-Powered-By: Express
X-Request-Id: 1654178975716783-7014060084982999635

{
    "ok": true
}
HTTP/1.1 200 OK
Access-Control-Allow-Origin: *
Content-Length: 11
Content-Type: application/json; charset=utf-8
Date: Thu, 02 Jun 2022 14:09:35 GMT
ETag: W/"b-Ai2R8hgEarLmHKwesT1qcY913ys"
Set-Cookie: _yasc=rPpYP2oKJi2FXNHqAIAwTJYRfR3mZ9/3Tuw2iqzfManGhA==; domain=.praktikum-services.ru; path=/; expires=Sat, 02-Jul-2022 14:09:35 GMT; secure
X-Powered-By: Express
X-Request-Id: 1654178975716783-7014060084982999635

{
    "ok": true
}
HTTP/1.1 200 OK
Access-Control-Allow-Origin: *
Content-Length: 11
Content-Type: application/json; charset=utf-8
Date: Thu, 02 Jun 2022 14:09:35 GMT
ETag: W/"b-Ai2R8hgEarLmHKwesT1qcY913ys"
Set-Cookie: _yasc=rPpYP2oKJi2FXNHqAIAwTJYRfR3mZ9/3Tuw2iqzfManGhA==; domain=.praktikum-services.ru; path=/; expires=Sat, 02-Jul-2022 14:09:35 GMT; secure
X-Powered-By: Express
X-Request-Id: 1654178975716783-7014060084982999635

{
    "ok": true
}
HTTP/1.1 200 OK
Access-Control-Allow-Origin: *
Content-Length: 11
Content-Type: application/json; charset=utf-8
Date: Thu, 02 Jun 2022 14:09:35 GMT
ETag: W/"b-Ai2R8hgEarLmHKwesT1qcY913ys"
Set-Cookie: _yasc=rPpYP2oKJi2FXNHqAIAwTJYRfR3mZ9/3Tuw2iqzfManGhA==; domain=.praktikum-services.ru; path=/; expires=Sat, 02-Jul-2022 14:09:35 GMT; secure
X-Powered-By: Express
X-Request-Id: 1654178975716783-7014060084982999635

{
    "ok": true
}
HTTP/1.1 200 OK
Access-Control-Allow-Origin: *
Content-Length: 11
Content-Type: application/json; charset=utf-8
Date: Thu, 02 Jun 2022 14:09:35 GMT
ETag: W/"b-Ai2R8hgEarLmHKwesT1qcY913ys"
Set-Cookie: _yasc=rPpYP2oKJi2FXNHqAIAwTJYRfR3mZ9/3Tuw2iqzfManGhA==; domain=.praktikum-services.ru; path=/; expires=Sat, 02-Jul-2022 14:09:35 GMT; secure
X-Powered-By: Express
X-Request-Id: 1654178975716783-7014060084982999635

{
    "ok": true
}
]]></system-out>
  </testcase>
  <testcase name="createOrderTest[1: colorset [BLACK] ]" classname="OrderCreateTest" time="0.453">
    <system-out><![CDATA[Request method:	POST
Request URI:	http://qa-scooter.praktikum-services.ru/api/v1/orders/
Proxy:			<none>
Request params:	<none>
Query params:	<none>
Form params:	<none>
Path params:	<none>
Headers:		Accept=application/json, application/javascript, text/javascript, text/json
				Content-Type=application/json
Cookies:		<none>
Multiparts:		<none>
Body:
{
    "firstName": "Naruto",
    "lastName": "Uchiha",
    "address": "Konoha, 142 apt.",
    "metroStation": 4,
    "phone": "+7 800 355 35 35",
    "rentTime": 5,
    "deliveryDate": "2020-06-06",
    "comment": "Saske, come back to Konoha",
    "color": [
        "BLACK"
    ]
}
Request method:	POST
Request URI:	http://qa-scooter.praktikum-services.ru/api/v1/orders/
Proxy:			<none>
Request params:	<none>
Query params:	<none>
Form params:	<none>
Path params:	<none>
Headers:		Accept=application/json, application/javascript, text/javascript, text/json
				Content-Type=application/json
Cookies:		<none>
Multiparts:		<none>
Body:
{
    "firstName": "Naruto",
    "lastName": "Uchiha",
    "address": "Konoha, 142 apt.",
    "metroStation": 4,
    "phone": "+7 800 355 35 35",
    "rentTime": 5,
    "deliveryDate": "2020-06-06",
    "comment": "Saske, come back to Konoha",
    "color": [
        "BLACK"
    ]
}
Request method:	POST
Request URI:	http://qa-scooter.praktikum-services.ru/api/v1/orders/
Proxy:			<none>
Request params:	<none>
Query params:	<none>
Form params:	<none>
Path params:	<none>
Headers:		Accept=application/json, application/javascript, text/javascript, text/json
				Content-Type=application/json
Cookies:		<none>
Multiparts:		<none>
Body:
{
    "firstName": "Naruto",
    "lastName": "Uchiha",
    "address": "Konoha, 142 apt.",
    "metroStation": 4,
    "phone": "+7 800 355 35 35",
    "rentTime": 5,
    "deliveryDate": "2020-06-06",
    "comment": "Saske, come back to Konoha",
    "color": [
        "BLACK"
    ]
}
Request method:	POST
Request URI:	http://qa-scooter.praktikum-services.ru/api/v1/orders/
Proxy:			<none>
Request params:	<none>
Query params:	<none>
Form params:	<none>
Path params:	<none>
Headers:		Accept=application/json, application/javascript, text/javascript, text/json
				Content-Type=application/json
Cookies:		<none>
Multiparts:		<none>
Body:
{
    "firstName": "Naruto",
    "lastName": "Uchiha",
    "address": "Konoha, 142 apt.",
    "metroStation": 4,
    "phone": "+7 800 355 35 35",
    "rentTime": 5,
    "deliveryDate": "2020-06-06",
    "comment": "Saske, come back to Konoha",
    "color": [
        "BLACK"
    ]
}
Request method:	POST
Request URI:	http://qa-scooter.praktikum-services.ru/api/v1/orders/
Proxy:			<none>
Request params:	<none>
Query params:	<none>
Form params:	<none>
Path params:	<none>
Headers:		Accept=application/json, application/javascript, text/javascript, text/json
				Content-Type=application/json
Cookies:		<none>
Multiparts:		<none>
Body:
{
    "firstName": "Naruto",
    "lastName": "Uchiha",
    "address": "Konoha, 142 apt.",
    "metroStation": 4,
    "phone": "+7 800 355 35 35",
    "rentTime": 5,
    "deliveryDate": "2020-06-06",
    "comment": "Saske, come back to Konoha",
    "color": [
        "BLACK"
    ]
}
Request method:	POST
Request URI:	http://qa-scooter.praktikum-services.ru/api/v1/orders/
Proxy:			<none>
Request params:	<none>
Query params:	<none>
Form params:	<none>
Path params:	<none>
Headers:		Accept=application/json, application/javascript, text/javascript, text/json
				Content-Type=application/json
Cookies:		<none>
Multiparts:		<none>
Body:
{
    "firstName": "Naruto",
    "lastName": "Uchiha",
    "address": "Konoha, 142 apt.",
    "metroStation": 4,
    "phone": "+7 800 355 35 35",
    "rentTime": 5,
    "deliveryDate": "2020-06-06",
    "comment": "Saske, come back to Konoha",
    "color": [
        "BLACK"
    ]
}
Request method:	POST
Request URI:	http://qa-scooter.praktikum-services.ru/api/v1/orders/
Proxy:			<none>
Request params:	<none>
Query params:	<none>
Form params:	<none>
Path params:	<none>
Headers:		Accept=application/json, application/javascript, text/javascript, text/json
				Content-Type=application/json
Cookies:		<none>
Multiparts:		<none>
Body:
{
    "firstName": "Naruto",
    "lastName": "Uchiha",
    "address": "Konoha, 142 apt.",
    "metroStation": 4,
    "phone": "+7 800 355 35 35",
    "rentTime": 5,
    "deliveryDate": "2020-06-06",
    "comment": "Saske, come back to Konoha",
    "color": [
        "BLACK"
    ]
}
Request method:	POST
Request URI:	http://qa-scooter.praktikum-services.ru/api/v1/orders/
Proxy:			<none>
Request params:	<none>
Query params:	<none>
Form params:	<none>
Path params:	<none>
Headers:		Accept=application/json, application/javascript, text/javascript, text/json
				Content-Type=application/json
Cookies:		<none>
Multiparts:		<none>
Body:
{
    "firstName": "Naruto",
    "lastName": "Uchiha",
    "address": "Konoha, 142 apt.",
    "metroStation": 4,
    "phone": "+7 800 355 35 35",
    "rentTime": 5,
    "deliveryDate": "2020-06-06",
    "comment": "Saske, come back to Konoha",
    "color": [
        "BLACK"
    ]
}
Request method:	POST
Request URI:	http://qa-scooter.praktikum-services.ru/api/v1/orders/
Proxy:			<none>
Request params:	<none>
Query params:	<none>
Form params:	<none>
Path params:	<none>
Headers:		Accept=application/json, application/javascript, text/javascript, text/json
				Content-Type=application/json
Cookies:		<none>
Multiparts:		<none>
Body:
{
    "firstName": "Naruto",
    "lastName": "Uchiha",
    "address": "Konoha, 142 apt.",
    "metroStation": 4,
    "phone": "+7 800 355 35 35",
    "rentTime": 5,
    "deliveryDate": "2020-06-06",
    "comment": "Saske, come back to Konoha",
    "color": [
        "BLACK"
    ]
}
Request method:	POST
Request URI:	http://qa-scooter.praktikum-services.ru/api/v1/orders/
Proxy:			<none>
Request params:	<none>
Query params:	<none>
Form params:	<none>
Path params:	<none>
Headers:		Accept=application/json, application/javascript, text/javascript, text/json
				Content-Type=application/json
Cookies:		<none>
Multiparts:		<none>
Body:
{
    "firstName": "Naruto",
    "lastName": "Uchiha",
    "address": "Konoha, 142 apt.",
    "metroStation": 4,
    "phone": "+7 800 355 35 35",
    "rentTime": 5,
    "deliveryDate": "2020-06-06",
    "comment": "Saske, come back to Konoha",
    "color": [
        "BLACK"
    ]
}
Request method:	POST
Request URI:	http://qa-scooter.praktikum-services.ru/api/v1/orders/
Proxy:			<none>
Request params:	<none>
Query params:	<none>
Form params:	<none>
Path params:	<none>
Headers:		Accept=application/json, application/javascript, text/javascript, text/json
				Content-Type=application/json
Cookies:		<none>
Multiparts:		<none>
Body:
{
    "firstName": "Naruto",
    "lastName": "Uchiha",
    "address": "Konoha, 142 apt.",
    "metroStation": 4,
    "phone": "+7 800 355 35 35",
    "rentTime": 5,
    "deliveryDate": "2020-06-06",
    "comment": "Saske, come back to Konoha",
    "color": [
        "BLACK"
    ]
}
Request method:	POST
Request URI:	http://qa-scooter.praktikum-services.ru/api/v1/orders/
Proxy:			<none>
Request params:	<none>
Query params:	<none>
Form params:	<none>
Path params:	<none>
Headers:		Accept=application/json, application/javascript, text/javascript, text/json
				Content-Type=application/json
Cookies:		<none>
Multiparts:		<none>
Body:
{
    "firstName": "Naruto",
    "lastName": "Uchiha",
    "address": "Konoha, 142 apt.",
    "metroStation": 4,
    "phone": "+7 800 355 35 35",
    "rentTime": 5,
    "deliveryDate": "2020-06-06",
    "comment": "Saske, come back to Konoha",
    "color": [
        "BLACK"
    ]
}
Request method:	POST
Request URI:	http://qa-scooter.praktikum-services.ru/api/v1/orders/
Proxy:			<none>
Request params:	<none>
Query params:	<none>
Form params:	<none>
Path params:	<none>
Headers:		Accept=application/json, application/javascript, text/javascript, text/json
				Content-Type=application/json
Cookies:		<none>
Multiparts:		<none>
Body:
{
    "firstName": "Naruto",
    "lastName": "Uchiha",
    "address": "Konoha, 142 apt.",
    "metroStation": 4,
    "phone": "+7 800 355 35 35",
    "rentTime": 5,
    "deliveryDate": "2020-06-06",
    "comment": "Saske, come back to Konoha",
    "color": [
        "BLACK"
    ]
}
Request method:	POST
Request URI:	http://qa-scooter.praktikum-services.ru/api/v1/orders/
Proxy:			<none>
Request params:	<none>
Query params:	<none>
Form params:	<none>
Path params:	<none>
Headers:		Accept=application/json, application/javascript, text/javascript, text/json
				Content-Type=application/json
Cookies:		<none>
Multiparts:		<none>
Body:
{
    "firstName": "Naruto",
    "lastName": "Uchiha",
    "address": "Konoha, 142 apt.",
    "metroStation": 4,
    "phone": "+7 800 355 35 35",
    "rentTime": 5,
    "deliveryDate": "2020-06-06",
    "comment": "Saske, come back to Konoha",
    "color": [
        "BLACK"
    ]
}
Request method:	POST
Request URI:	http://qa-scooter.praktikum-services.ru/api/v1/orders/
Proxy:			<none>
Request params:	<none>
Query params:	<none>
Form params:	<none>
Path params:	<none>
Headers:		Accept=application/json, application/javascript, text/javascript, text/json
				Content-Type=application/json
Cookies:		<none>
Multiparts:		<none>
Body:
{
    "firstName": "Naruto",
    "lastName": "Uchiha",
    "address": "Konoha, 142 apt.",
    "metroStation": 4,
    "phone": "+7 800 355 35 35",
    "rentTime": 5,
    "deliveryDate": "2020-06-06",
    "comment": "Saske, come back to Konoha",
    "color": [
        "BLACK"
    ]
}
Request method:	POST
Request URI:	http://qa-scooter.praktikum-services.ru/api/v1/orders/
Proxy:			<none>
Request params:	<none>
Query params:	<none>
Form params:	<none>
Path params:	<none>
Headers:		Accept=application/json, application/javascript, text/javascript, text/json
				Content-Type=application/json
Cookies:		<none>
Multiparts:		<none>
Body:
{
    "firstName": "Naruto",
    "lastName": "Uchiha",
    "address": "Konoha, 142 apt.",
    "metroStation": 4,
    "phone": "+7 800 355 35 35",
    "rentTime": 5,
    "deliveryDate": "2020-06-06",
    "comment": "Saske, come back to Konoha",
    "color": [
        "BLACK"
    ]
}
HTTP/1.1 201 Created
Access-Control-Allow-Origin: *
Content-Length: 16
Content-Type: application/json; charset=utf-8
Date: Thu, 02 Jun 2022 14:09:35 GMT
ETag: W/"10-8tL7qt5GgfsgJ+ZA58R2lI+VUB0"
Set-Cookie: _yasc=Oyt09lR77Ua8d841xIgmUgYPz4d12ogblsVa+LdK8A9Dkw==; domain=.praktikum-services.ru; path=/; expires=Sat, 02-Jul-2022 14:09:35 GMT; secure
X-Powered-By: Express
X-Request-Id: 1654178975881160-17911670473793861641

{
    "track": 882051
}
HTTP/1.1 201 Created
Access-Control-Allow-Origin: *
Content-Length: 16
Content-Type: application/json; charset=utf-8
Date: Thu, 02 Jun 2022 14:09:35 GMT
ETag: W/"10-8tL7qt5GgfsgJ+ZA58R2lI+VUB0"
Set-Cookie: _yasc=Oyt09lR77Ua8d841xIgmUgYPz4d12ogblsVa+LdK8A9Dkw==; domain=.praktikum-services.ru; path=/; expires=Sat, 02-Jul-2022 14:09:35 GMT; secure
X-Powered-By: Express
X-Request-Id: 1654178975881160-17911670473793861641

{
    "track": 882051
}
HTTP/1.1 201 Created
Access-Control-Allow-Origin: *
Content-Length: 16
Content-Type: application/json; charset=utf-8
Date: Thu, 02 Jun 2022 14:09:35 GMT
ETag: W/"10-8tL7qt5GgfsgJ+ZA58R2lI+VUB0"
Set-Cookie: _yasc=Oyt09lR77Ua8d841xIgmUgYPz4d12ogblsVa+LdK8A9Dkw==; domain=.praktikum-services.ru; path=/; expires=Sat, 02-Jul-2022 14:09:35 GMT; secure
X-Powered-By: Express
X-Request-Id: 1654178975881160-17911670473793861641

{
    "track": 882051
}
HTTP/1.1 201 Created
Access-Control-Allow-Origin: *
Content-Length: 16
Content-Type: application/json; charset=utf-8
Date: Thu, 02 Jun 2022 14:09:35 GMT
ETag: W/"10-8tL7qt5GgfsgJ+ZA58R2lI+VUB0"
Set-Cookie: _yasc=Oyt09lR77Ua8d841xIgmUgYPz4d12ogblsVa+LdK8A9Dkw==; domain=.praktikum-services.ru; path=/; expires=Sat, 02-Jul-2022 14:09:35 GMT; secure
X-Powered-By: Express
X-Request-Id: 1654178975881160-17911670473793861641

{
    "track": 882051
}
HTTP/1.1 201 Created
Access-Control-Allow-Origin: *
Content-Length: 16
Content-Type: application/json; charset=utf-8
Date: Thu, 02 Jun 2022 14:09:35 GMT
ETag: W/"10-8tL7qt5GgfsgJ+ZA58R2lI+VUB0"
Set-Cookie: _yasc=Oyt09lR77Ua8d841xIgmUgYPz4d12ogblsVa+LdK8A9Dkw==; domain=.praktikum-services.ru; path=/; expires=Sat, 02-Jul-2022 14:09:35 GMT; secure
X-Powered-By: Express
X-Request-Id: 1654178975881160-17911670473793861641

{
    "track": 882051
}
HTTP/1.1 201 Created
Access-Control-Allow-Origin: *
Content-Length: 16
Content-Type: application/json; charset=utf-8
Date: Thu, 02 Jun 2022 14:09:35 GMT
ETag: W/"10-8tL7qt5GgfsgJ+ZA58R2lI+VUB0"
Set-Cookie: _yasc=Oyt09lR77Ua8d841xIgmUgYPz4d12ogblsVa+LdK8A9Dkw==; domain=.praktikum-services.ru; path=/; expires=Sat, 02-Jul-2022 14:09:35 GMT; secure
X-Powered-By: Express
X-Request-Id: 1654178975881160-17911670473793861641

{
    "track": 882051
}
HTTP/1.1 201 Created
Access-Control-Allow-Origin: *
Content-Length: 16
Content-Type: application/json; charset=utf-8
Date: Thu, 02 Jun 2022 14:09:35 GMT
ETag: W/"10-8tL7qt5GgfsgJ+ZA58R2lI+VUB0"
Set-Cookie: _yasc=Oyt09lR77Ua8d841xIgmUgYPz4d12ogblsVa+LdK8A9Dkw==; domain=.praktikum-services.ru; path=/; expires=Sat, 02-Jul-2022 14:09:35 GMT; secure
X-Powered-By: Express
X-Request-Id: 1654178975881160-17911670473793861641

{
    "track": 882051
}
HTTP/1.1 201 Created
Access-Control-Allow-Origin: *
Content-Length: 16
Content-Type: application/json; charset=utf-8
Date: Thu, 02 Jun 2022 14:09:35 GMT
ETag: W/"10-8tL7qt5GgfsgJ+ZA58R2lI+VUB0"
Set-Cookie: _yasc=Oyt09lR77Ua8d841xIgmUgYPz4d12ogblsVa+LdK8A9Dkw==; domain=.praktikum-services.ru; path=/; expires=Sat, 02-Jul-2022 14:09:35 GMT; secure
X-Powered-By: Express
X-Request-Id: 1654178975881160-17911670473793861641

{
    "track": 882051
}
HTTP/1.1 201 Created
Access-Control-Allow-Origin: *
Content-Length: 16
Content-Type: application/json; charset=utf-8
Date: Thu, 02 Jun 2022 14:09:35 GMT
ETag: W/"10-8tL7qt5GgfsgJ+ZA58R2lI+VUB0"
Set-Cookie: _yasc=Oyt09lR77Ua8d841xIgmUgYPz4d12ogblsVa+LdK8A9Dkw==; domain=.praktikum-services.ru; path=/; expires=Sat, 02-Jul-2022 14:09:35 GMT; secure
X-Powered-By: Express
X-Request-Id: 1654178975881160-17911670473793861641

{
    "track": 882051
}
HTTP/1.1 201 Created
Access-Control-Allow-Origin: *
Content-Length: 16
Content-Type: application/json; charset=utf-8
Date: Thu, 02 Jun 2022 14:09:35 GMT
ETag: W/"10-8tL7qt5GgfsgJ+ZA58R2lI+VUB0"
Set-Cookie: _yasc=Oyt09lR77Ua8d841xIgmUgYPz4d12ogblsVa+LdK8A9Dkw==; domain=.praktikum-services.ru; path=/; expires=Sat, 02-Jul-2022 14:09:35 GMT; secure
X-Powered-By: Express
X-Request-Id: 1654178975881160-17911670473793861641

{
    "track": 882051
}
HTTP/1.1 201 Created
Access-Control-Allow-Origin: *
Content-Length: 16
Content-Type: application/json; charset=utf-8
Date: Thu, 02 Jun 2022 14:09:35 GMT
ETag: W/"10-8tL7qt5GgfsgJ+ZA58R2lI+VUB0"
Set-Cookie: _yasc=Oyt09lR77Ua8d841xIgmUgYPz4d12ogblsVa+LdK8A9Dkw==; domain=.praktikum-services.ru; path=/; expires=Sat, 02-Jul-2022 14:09:35 GMT; secure
X-Powered-By: Express
X-Request-Id: 1654178975881160-17911670473793861641

{
    "track": 882051
}
HTTP/1.1 201 Created
Access-Control-Allow-Origin: *
Content-Length: 16
Content-Type: application/json; charset=utf-8
Date: Thu, 02 Jun 2022 14:09:35 GMT
ETag: W/"10-8tL7qt5GgfsgJ+ZA58R2lI+VUB0"
Set-Cookie: _yasc=Oyt09lR77Ua8d841xIgmUgYPz4d12ogblsVa+LdK8A9Dkw==; domain=.praktikum-services.ru; path=/; expires=Sat, 02-Jul-2022 14:09:35 GMT; secure
X-Powered-By: Express
X-Request-Id: 1654178975881160-17911670473793861641

{
    "track": 882051
}
HTTP/1.1 201 Created
Access-Control-Allow-Origin: *
Content-Length: 16
Content-Type: application/json; charset=utf-8
Date: Thu, 02 Jun 2022 14:09:35 GMT
ETag: W/"10-8tL7qt5GgfsgJ+ZA58R2lI+VUB0"
Set-Cookie: _yasc=Oyt09lR77Ua8d841xIgmUgYPz4d12ogblsVa+LdK8A9Dkw==; domain=.praktikum-services.ru; path=/; expires=Sat, 02-Jul-2022 14:09:35 GMT; secure
X-Powered-By: Express
X-Request-Id: 1654178975881160-17911670473793861641

{
    "track": 882051
}
HTTP/1.1 201 Created
Access-Control-Allow-Origin: *
Content-Length: 16
Content-Type: application/json; charset=utf-8
Date: Thu, 02 Jun 2022 14:09:35 GMT
ETag: W/"10-8tL7qt5GgfsgJ+ZA58R2lI+VUB0"
Set-Cookie: _yasc=Oyt09lR77Ua8d841xIgmUgYPz4d12ogblsVa+LdK8A9Dkw==; domain=.praktikum-services.ru; path=/; expires=Sat, 02-Jul-2022 14:09:35 GMT; secure
X-Powered-By: Express
X-Request-Id: 1654178975881160-17911670473793861641

{
    "track": 882051
}
HTTP/1.1 201 Created
Access-Control-Allow-Origin: *
Content-Length: 16
Content-Type: application/json; charset=utf-8
Date: Thu, 02 Jun 2022 14:09:35 GMT
ETag: W/"10-8tL7qt5GgfsgJ+ZA58R2lI+VUB0"
Set-Cookie: _yasc=Oyt09lR77Ua8d841xIgmUgYPz4d12ogblsVa+LdK8A9Dkw==; domain=.praktikum-services.ru; path=/; expires=Sat, 02-Jul-2022 14:09:35 GMT; secure
X-Powered-By: Express
X-Request-Id: 1654178975881160-17911670473793861641

{
    "track": 882051
}
HTTP/1.1 201 Created
Access-Control-Allow-Origin: *
Content-Length: 16
Content-Type: application/json; charset=utf-8
Date: Thu, 02 Jun 2022 14:09:35 GMT
ETag: W/"10-8tL7qt5GgfsgJ+ZA58R2lI+VUB0"
Set-Cookie: _yasc=Oyt09lR77Ua8d841xIgmUgYPz4d12ogblsVa+LdK8A9Dkw==; domain=.praktikum-services.ru; path=/; expires=Sat, 02-Jul-2022 14:09:35 GMT; secure
X-Powered-By: Express
X-Request-Id: 1654178975881160-17911670473793861641

{
    "track": 882051
}
Request method:	POST
Request URI:	http://qa-scooter.praktikum-services.ru/api/v1/orders/
Proxy:			<none>
Request params:	<none>
Query params:	<none>
Form params:	<none>
Path params:	<none>
Headers:		Accept=application/json, application/javascript, text/javascript, text/json
				Content-Type=application/json
Cookies:		<none>
Multiparts:		<none>
Body:
{
    "firstName": "Naruto",
    "lastName": "Uchiha",
    "address": "Konoha, 142 apt.",
    "metroStation": 4,
    "phone": "+7 800 355 35 35",
    "rentTime": 5,
    "deliveryDate": "2020-06-06",
    "comment": "Saske, come back to Konoha",
    "color": [
        "BLACK"
    ]
}
Request method:	POST
Request URI:	http://qa-scooter.praktikum-services.ru/api/v1/orders/
Proxy:			<none>
Request params:	<none>
Query params:	<none>
Form params:	<none>
Path params:	<none>
Headers:		Accept=application/json, application/javascript, text/javascript, text/json
				Content-Type=application/json
Cookies:		<none>
Multiparts:		<none>
Body:
{
    "firstName": "Naruto",
    "lastName": "Uchiha",
    "address": "Konoha, 142 apt.",
    "metroStation": 4,
    "phone": "+7 800 355 35 35",
    "rentTime": 5,
    "deliveryDate": "2020-06-06",
    "comment": "Saske, come back to Konoha",
    "color": [
        "BLACK"
    ]
}
Request method:	POST
Request URI:	http://qa-scooter.praktikum-services.ru/api/v1/orders/
Proxy:			<none>
Request params:	<none>
Query params:	<none>
Form params:	<none>
Path params:	<none>
Headers:		Accept=application/json, application/javascript, text/javascript, text/json
				Content-Type=application/json
Cookies:		<none>
Multiparts:		<none>
Body:
{
    "firstName": "Naruto",
    "lastName": "Uchiha",
    "address": "Konoha, 142 apt.",
    "metroStation": 4,
    "phone": "+7 800 355 35 35",
    "rentTime": 5,
    "deliveryDate": "2020-06-06",
    "comment": "Saske, come back to Konoha",
    "color": [
        "BLACK"
    ]
}
Request method:	POST
Request URI:	http://qa-scooter.praktikum-services.ru/api/v1/orders/
Proxy:			<none>
Request params:	<none>
Query params:	<none>
Form params:	<none>
Path params:	<none>
Headers:		Accept=application/json, application/javascript, text/javascript, text/json
				Content-Type=application/json
Cookies:		<none>
Multiparts:		<none>
Body:
{
    "firstName": "Naruto",
    "lastName": "Uchiha",
    "address": "Konoha, 142 apt.",
    "metroStation": 4,
    "phone": "+7 800 355 35 35",
    "rentTime": 5,
    "deliveryDate": "2020-06-06",
    "comment": "Saske, come back to Konoha",
    "color": [
        "BLACK"
    ]
}
Request method:	POST
Request URI:	http://qa-scooter.praktikum-services.ru/api/v1/orders/
Proxy:			<none>
Request params:	<none>
Query params:	<none>
Form params:	<none>
Path params:	<none>
Headers:		Accept=application/json, application/javascript, text/javascript, text/json
				Content-Type=application/json
Cookies:		<none>
Multiparts:		<none>
Body:
{
    "firstName": "Naruto",
    "lastName": "Uchiha",
    "address": "Konoha, 142 apt.",
    "metroStation": 4,
    "phone": "+7 800 355 35 35",
    "rentTime": 5,
    "deliveryDate": "2020-06-06",
    "comment": "Saske, come back to Konoha",
    "color": [
        "BLACK"
    ]
}
Request method:	POST
Request URI:	http://qa-scooter.praktikum-services.ru/api/v1/orders/
Proxy:			<none>
Request params:	<none>
Query params:	<none>
Form params:	<none>
Path params:	<none>
Headers:		Accept=application/json, application/javascript, text/javascript, text/json
				Content-Type=application/json
Cookies:		<none>
Multiparts:		<none>
Body:
{
    "firstName": "Naruto",
    "lastName": "Uchiha",
    "address": "Konoha, 142 apt.",
    "metroStation": 4,
    "phone": "+7 800 355 35 35",
    "rentTime": 5,
    "deliveryDate": "2020-06-06",
    "comment": "Saske, come back to Konoha",
    "color": [
        "BLACK"
    ]
}
Request method:	POST
Request URI:	http://qa-scooter.praktikum-services.ru/api/v1/orders/
Proxy:			<none>
Request params:	<none>
Query params:	<none>
Form params:	<none>
Path params:	<none>
Headers:		Accept=application/json, application/javascript, text/javascript, text/json
				Content-Type=application/json
Cookies:		<none>
Multiparts:		<none>
Body:
{
    "firstName": "Naruto",
    "lastName": "Uchiha",
    "address": "Konoha, 142 apt.",
    "metroStation": 4,
    "phone": "+7 800 355 35 35",
    "rentTime": 5,
    "deliveryDate": "2020-06-06",
    "comment": "Saske, come back to Konoha",
    "color": [
        "BLACK"
    ]
}
Request method:	POST
Request URI:	http://qa-scooter.praktikum-services.ru/api/v1/orders/
Proxy:			<none>
Request params:	<none>
Query params:	<none>
Form params:	<none>
Path params:	<none>
Headers:		Accept=application/json, application/javascript, text/javascript, text/json
				Content-Type=application/json
Cookies:		<none>
Multiparts:		<none>
Body:
{
    "firstName": "Naruto",
    "lastName": "Uchiha",
    "address": "Konoha, 142 apt.",
    "metroStation": 4,
    "phone": "+7 800 355 35 35",
    "rentTime": 5,
    "deliveryDate": "2020-06-06",
    "comment": "Saske, come back to Konoha",
    "color": [
        "BLACK"
    ]
}
Request method:	POST
Request URI:	http://qa-scooter.praktikum-services.ru/api/v1/orders/
Proxy:			<none>
Request params:	<none>
Query params:	<none>
Form params:	<none>
Path params:	<none>
Headers:		Accept=application/json, application/javascript, text/javascript, text/json
				Content-Type=application/json
Cookies:		<none>
Multiparts:		<none>
Body:
{
    "firstName": "Naruto",
    "lastName": "Uchiha",
    "address": "Konoha, 142 apt.",
    "metroStation": 4,
    "phone": "+7 800 355 35 35",
    "rentTime": 5,
    "deliveryDate": "2020-06-06",
    "comment": "Saske, come back to Konoha",
    "color": [
        "BLACK"
    ]
}
Request method:	POST
Request URI:	http://qa-scooter.praktikum-services.ru/api/v1/orders/
Proxy:			<none>
Request params:	<none>
Query params:	<none>
Form params:	<none>
Path params:	<none>
Headers:		Accept=application/json, application/javascript, text/javascript, text/json
				Content-Type=application/json
Cookies:		<none>
Multiparts:		<none>
Body:
{
    "firstName": "Naruto",
    "lastName": "Uchiha",
    "address": "Konoha, 142 apt.",
    "metroStation": 4,
    "phone": "+7 800 355 35 35",
    "rentTime": 5,
    "deliveryDate": "2020-06-06",
    "comment": "Saske, come back to Konoha",
    "color": [
        "BLACK"
    ]
}
Request method:	POST
Request URI:	http://qa-scooter.praktikum-services.ru/api/v1/orders/
Proxy:			<none>
Request params:	<none>
Query params:	<none>
Form params:	<none>
Path params:	<none>
Headers:		Accept=application/json, application/javascript, text/javascript, text/json
				Content-Type=application/json
Cookies:		<none>
Multiparts:		<none>
Body:
{
    "firstName": "Naruto",
    "lastName": "Uchiha",
    "address": "Konoha, 142 apt.",
    "metroStation": 4,
    "phone": "+7 800 355 35 35",
    "rentTime": 5,
    "deliveryDate": "2020-06-06",
    "comment": "Saske, come back to Konoha",
    "color": [
        "BLACK"
    ]
}
Request method:	POST
Request URI:	http://qa-scooter.praktikum-services.ru/api/v1/orders/
Proxy:			<none>
Request params:	<none>
Query params:	<none>
Form params:	<none>
Path params:	<none>
Headers:		Accept=application/json, application/javascript, text/javascript, text/json
				Content-Type=application/json
Cookies:		<none>
Multiparts:		<none>
Body:
{
    "firstName": "Naruto",
    "lastName": "Uchiha",
    "address": "Konoha, 142 apt.",
    "metroStation": 4,
    "phone": "+7 800 355 35 35",
    "rentTime": 5,
    "deliveryDate": "2020-06-06",
    "comment": "Saske, come back to Konoha",
    "color": [
        "BLACK"
    ]
}
Request method:	POST
Request URI:	http://qa-scooter.praktikum-services.ru/api/v1/orders/
Proxy:			<none>
Request params:	<none>
Query params:	<none>
Form params:	<none>
Path params:	<none>
Headers:		Accept=application/json, application/javascript, text/javascript, text/json
				Content-Type=application/json
Cookies:		<none>
Multiparts:		<none>
Body:
{
    "firstName": "Naruto",
    "lastName": "Uchiha",
    "address": "Konoha, 142 apt.",
    "metroStation": 4,
    "phone": "+7 800 355 35 35",
    "rentTime": 5,
    "deliveryDate": "2020-06-06",
    "comment": "Saske, come back to Konoha",
    "color": [
        "BLACK"
    ]
}
Request method:	POST
Request URI:	http://qa-scooter.praktikum-services.ru/api/v1/orders/
Proxy:			<none>
Request params:	<none>
Query params:	<none>
Form params:	<none>
Path params:	<none>
Headers:		Accept=application/json, application/javascript, text/javascript, text/json
				Content-Type=application/json
Cookies:		<none>
Multiparts:		<none>
Body:
{
    "firstName": "Naruto",
    "lastName": "Uchiha",
    "address": "Konoha, 142 apt.",
    "metroStation": 4,
    "phone": "+7 800 355 35 35",
    "rentTime": 5,
    "deliveryDate": "2020-06-06",
    "comment": "Saske, come back to Konoha",
    "color": [
        "BLACK"
    ]
}
Request method:	POST
Request URI:	http://qa-scooter.praktikum-services.ru/api/v1/orders/
Proxy:			<none>
Request params:	<none>
Query params:	<none>
Form params:	<none>
Path params:	<none>
Headers:		Accept=application/json, application/javascript, text/javascript, text/json
				Content-Type=application/json
Cookies:		<none>
Multiparts:		<none>
Body:
{
    "firstName": "Naruto",
    "lastName": "Uchiha",
    "address": "Konoha, 142 apt.",
    "metroStation": 4,
    "phone": "+7 800 355 35 35",
    "rentTime": 5,
    "deliveryDate": "2020-06-06",
    "comment": "Saske, come back to Konoha",
    "color": [
        "BLACK"
    ]
}
Request method:	POST
Request URI:	http://qa-scooter.praktikum-services.ru/api/v1/orders/
Proxy:			<none>
Request params:	<none>
Query params:	<none>
Form params:	<none>
Path params:	<none>
Headers:		Accept=application/json, application/javascript, text/javascript, text/json
				Content-Type=application/json
Cookies:		<none>
Multiparts:		<none>
Body:
{
    "firstName": "Naruto",
    "lastName": "Uchiha",
    "address": "Konoha, 142 apt.",
    "metroStation": 4,
    "phone": "+7 800 355 35 35",
    "rentTime": 5,
    "deliveryDate": "2020-06-06",
    "comment": "Saske, come back to Konoha",
    "color": [
        "BLACK"
    ]
}
Request method:	POST
Request URI:	http://qa-scooter.praktikum-services.ru/api/v1/orders/
Proxy:			<none>
Request params:	<none>
Query params:	<none>
Form params:	<none>
Path params:	<none>
Headers:		Accept=application/json, application/javascript, text/javascript, text/json
				Content-Type=application/json
Cookies:		<none>
Multiparts:		<none>
Body:
{
    "firstName": "Naruto",
    "lastName": "Uchiha",
    "address": "Konoha, 142 apt.",
    "metroStation": 4,
    "phone": "+7 800 355 35 35",
    "rentTime": 5,
    "deliveryDate": "2020-06-06",
    "comment": "Saske, come back to Konoha",
    "color": [
        "BLACK"
    ]
}
HTTP/1.1 201 Created
Access-Control-Allow-Origin: *
Content-Length: 16
Content-Type: application/json; charset=utf-8
Date: Thu, 02 Jun 2022 14:09:36 GMT
ETag: W/"10-mzMXqR1lhsGu4PorG/fgGeLeOvo"
Set-Cookie: _yasc=cUxJ7vPWdpL/1LL8l5jvvIThkdcjDYl4CCFzPeUx+syQnw==; domain=.praktikum-services.ru; path=/; expires=Sat, 02-Jul-2022 14:09:36 GMT; secure
X-Powered-By: Express
X-Request-Id: 1654178976007620-11775777823319649037

{
    "track": 367374
}
HTTP/1.1 201 Created
Access-Control-Allow-Origin: *
Content-Length: 16
Content-Type: application/json; charset=utf-8
Date: Thu, 02 Jun 2022 14:09:36 GMT
ETag: W/"10-mzMXqR1lhsGu4PorG/fgGeLeOvo"
Set-Cookie: _yasc=cUxJ7vPWdpL/1LL8l5jvvIThkdcjDYl4CCFzPeUx+syQnw==; domain=.praktikum-services.ru; path=/; expires=Sat, 02-Jul-2022 14:09:36 GMT; secure
X-Powered-By: Express
X-Request-Id: 1654178976007620-11775777823319649037

{
    "track": 367374
}
HTTP/1.1 201 Created
Access-Control-Allow-Origin: *
Content-Length: 16
Content-Type: application/json; charset=utf-8
Date: Thu, 02 Jun 2022 14:09:36 GMT
ETag: W/"10-mzMXqR1lhsGu4PorG/fgGeLeOvo"
Set-Cookie: _yasc=cUxJ7vPWdpL/1LL8l5jvvIThkdcjDYl4CCFzPeUx+syQnw==; domain=.praktikum-services.ru; path=/; expires=Sat, 02-Jul-2022 14:09:36 GMT; secure
X-Powered-By: Express
X-Request-Id: 1654178976007620-11775777823319649037

{
    "track": 367374
}
HTTP/1.1 201 Created
Access-Control-Allow-Origin: *
Content-Length: 16
Content-Type: application/json; charset=utf-8
Date: Thu, 02 Jun 2022 14:09:36 GMT
ETag: W/"10-mzMXqR1lhsGu4PorG/fgGeLeOvo"
Set-Cookie: _yasc=cUxJ7vPWdpL/1LL8l5jvvIThkdcjDYl4CCFzPeUx+syQnw==; domain=.praktikum-services.ru; path=/; expires=Sat, 02-Jul-2022 14:09:36 GMT; secure
X-Powered-By: Express
X-Request-Id: 1654178976007620-11775777823319649037

{
    "track": 367374
}
HTTP/1.1 201 Created
Access-Control-Allow-Origin: *
Content-Length: 16
Content-Type: application/json; charset=utf-8
Date: Thu, 02 Jun 2022 14:09:36 GMT
ETag: W/"10-mzMXqR1lhsGu4PorG/fgGeLeOvo"
Set-Cookie: _yasc=cUxJ7vPWdpL/1LL8l5jvvIThkdcjDYl4CCFzPeUx+syQnw==; domain=.praktikum-services.ru; path=/; expires=Sat, 02-Jul-2022 14:09:36 GMT; secure
X-Powered-By: Express
X-Request-Id: 1654178976007620-11775777823319649037

{
    "track": 367374
}
HTTP/1.1 201 Created
Access-Control-Allow-Origin: *
Content-Length: 16
Content-Type: application/json; charset=utf-8
Date: Thu, 02 Jun 2022 14:09:36 GMT
ETag: W/"10-mzMXqR1lhsGu4PorG/fgGeLeOvo"
Set-Cookie: _yasc=cUxJ7vPWdpL/1LL8l5jvvIThkdcjDYl4CCFzPeUx+syQnw==; domain=.praktikum-services.ru; path=/; expires=Sat, 02-Jul-2022 14:09:36 GMT; secure
X-Powered-By: Express
X-Request-Id: 1654178976007620-11775777823319649037

{
    "track": 367374
}
HTTP/1.1 201 Created
Access-Control-Allow-Origin: *
Content-Length: 16
Content-Type: application/json; charset=utf-8
Date: Thu, 02 Jun 2022 14:09:36 GMT
ETag: W/"10-mzMXqR1lhsGu4PorG/fgGeLeOvo"
Set-Cookie: _yasc=cUxJ7vPWdpL/1LL8l5jvvIThkdcjDYl4CCFzPeUx+syQnw==; domain=.praktikum-services.ru; path=/; expires=Sat, 02-Jul-2022 14:09:36 GMT; secure
X-Powered-By: Express
X-Request-Id: 1654178976007620-11775777823319649037

{
    "track": 367374
}
HTTP/1.1 201 Created
Access-Control-Allow-Origin: *
Content-Length: 16
Content-Type: application/json; charset=utf-8
Date: Thu, 02 Jun 2022 14:09:36 GMT
ETag: W/"10-mzMXqR1lhsGu4PorG/fgGeLeOvo"
Set-Cookie: _yasc=cUxJ7vPWdpL/1LL8l5jvvIThkdcjDYl4CCFzPeUx+syQnw==; domain=.praktikum-services.ru; path=/; expires=Sat, 02-Jul-2022 14:09:36 GMT; secure
X-Powered-By: Express
X-Request-Id: 1654178976007620-11775777823319649037

{
    "track": 367374
}
HTTP/1.1 201 Created
Access-Control-Allow-Origin: *
Content-Length: 16
Content-Type: application/json; charset=utf-8
Date: Thu, 02 Jun 2022 14:09:36 GMT
ETag: W/"10-mzMXqR1lhsGu4PorG/fgGeLeOvo"
Set-Cookie: _yasc=cUxJ7vPWdpL/1LL8l5jvvIThkdcjDYl4CCFzPeUx+syQnw==; domain=.praktikum-services.ru; path=/; expires=Sat, 02-Jul-2022 14:09:36 GMT; secure
X-Powered-By: Express
X-Request-Id: 1654178976007620-11775777823319649037

{
    "track": 367374
}
HTTP/1.1 201 Created
Access-Control-Allow-Origin: *
Content-Length: 16
Content-Type: application/json; charset=utf-8
Date: Thu, 02 Jun 2022 14:09:36 GMT
ETag: W/"10-mzMXqR1lhsGu4PorG/fgGeLeOvo"
Set-Cookie: _yasc=cUxJ7vPWdpL/1LL8l5jvvIThkdcjDYl4CCFzPeUx+syQnw==; domain=.praktikum-services.ru; path=/; expires=Sat, 02-Jul-2022 14:09:36 GMT; secure
X-Powered-By: Express
X-Request-Id: 1654178976007620-11775777823319649037

{
    "track": 367374
}
HTTP/1.1 201 Created
Access-Control-Allow-Origin: *
Content-Length: 16
Content-Type: application/json; charset=utf-8
Date: Thu, 02 Jun 2022 14:09:36 GMT
ETag: W/"10-mzMXqR1lhsGu4PorG/fgGeLeOvo"
Set-Cookie: _yasc=cUxJ7vPWdpL/1LL8l5jvvIThkdcjDYl4CCFzPeUx+syQnw==; domain=.praktikum-services.ru; path=/; expires=Sat, 02-Jul-2022 14:09:36 GMT; secure
X-Powered-By: Express
X-Request-Id: 1654178976007620-11775777823319649037

{
    "track": 367374
}
HTTP/1.1 201 Created
Access-Control-Allow-Origin: *
Content-Length: 16
Content-Type: application/json; charset=utf-8
Date: Thu, 02 Jun 2022 14:09:36 GMT
ETag: W/"10-mzMXqR1lhsGu4PorG/fgGeLeOvo"
Set-Cookie: _yasc=cUxJ7vPWdpL/1LL8l5jvvIThkdcjDYl4CCFzPeUx+syQnw==; domain=.praktikum-services.ru; path=/; expires=Sat, 02-Jul-2022 14:09:36 GMT; secure
X-Powered-By: Express
X-Request-Id: 1654178976007620-11775777823319649037

{
    "track": 367374
}
HTTP/1.1 201 Created
Access-Control-Allow-Origin: *
Content-Length: 16
Content-Type: application/json; charset=utf-8
Date: Thu, 02 Jun 2022 14:09:36 GMT
ETag: W/"10-mzMXqR1lhsGu4PorG/fgGeLeOvo"
Set-Cookie: _yasc=cUxJ7vPWdpL/1LL8l5jvvIThkdcjDYl4CCFzPeUx+syQnw==; domain=.praktikum-services.ru; path=/; expires=Sat, 02-Jul-2022 14:09:36 GMT; secure
X-Powered-By: Express
X-Request-Id: 1654178976007620-11775777823319649037

{
    "track": 367374
}
HTTP/1.1 201 Created
Access-Control-Allow-Origin: *
Content-Length: 16
Content-Type: application/json; charset=utf-8
Date: Thu, 02 Jun 2022 14:09:36 GMT
ETag: W/"10-mzMXqR1lhsGu4PorG/fgGeLeOvo"
Set-Cookie: _yasc=cUxJ7vPWdpL/1LL8l5jvvIThkdcjDYl4CCFzPeUx+syQnw==; domain=.praktikum-services.ru; path=/; expires=Sat, 02-Jul-2022 14:09:36 GMT; secure
X-Powered-By: Express
X-Request-Id: 1654178976007620-11775777823319649037

{
    "track": 367374
}
HTTP/1.1 201 Created
Access-Control-Allow-Origin: *
Content-Length: 16
Content-Type: application/json; charset=utf-8
Date: Thu, 02 Jun 2022 14:09:36 GMT
ETag: W/"10-mzMXqR1lhsGu4PorG/fgGeLeOvo"
Set-Cookie: _yasc=cUxJ7vPWdpL/1LL8l5jvvIThkdcjDYl4CCFzPeUx+syQnw==; domain=.praktikum-services.ru; path=/; expires=Sat, 02-Jul-2022 14:09:36 GMT; secure
X-Powered-By: Express
X-Request-Id: 1654178976007620-11775777823319649037

{
    "track": 367374
}
HTTP/1.1 201 Created
Access-Control-Allow-Origin: *
Content-Length: 16
Content-Type: application/json; charset=utf-8
Date: Thu, 02 Jun 2022 14:09:36 GMT
ETag: W/"10-mzMXqR1lhsGu4PorG/fgGeLeOvo"
Set-Cookie: _yasc=cUxJ7vPWdpL/1LL8l5jvvIThkdcjDYl4CCFzPeUx+syQnw==; domain=.praktikum-services.ru; path=/; expires=Sat, 02-Jul-2022 14:09:36 GMT; secure
X-Powered-By: Express
X-Request-Id: 1654178976007620-11775777823319649037

{
    "track": 367374
}
HTTP/1.1 201 Created
Access-Control-Allow-Origin: *
Content-Length: 16
Content-Type: application/json; charset=utf-8
Date: Thu, 02 Jun 2022 14:09:36 GMT
[...]
X-Powered-By: Express
X-Request-Id: 1654178977026900-10007297135925736945

{
    "track": 975069
}
HTTP/1.1 201 Created
Access-Control-Allow-Origin: *
Content-Length: 16
Content-Type: application/json; charset=utf-8
Date: Thu, 02 Jun 2022 14:09:37 GMT
ETag: W/"10-Kv5TYL/GjpboTZxOAOPYH2L14gc"
Set-Cookie: _yasc=CtYlW6YPiU5d8rMqWLxRLmtgnOdM41r/9aN9oxDLEEkD0g==; domain=.praktikum-services.ru; path=/; expires=Sat, 02-Jul-2022 14:09:37 GMT; secure
X-Powered-By: Express
X-Request-Id: 1654178977026900-10007297135925736945

{
    "track": 975069
}
HTTP/1.1 201 Created
Access-Control-Allow-Origin: *
Content-Length: 16
Content-Type: application/json; charset=utf-8
Date: Thu, 02 Jun 2022 14:09:37 GMT
ETag: W/"10-Kv5TYL/GjpboTZxOAOPYH2L14gc"
Set-Cookie: _yasc=CtYlW6YPiU5d8rMqWLxRLmtgnOdM41r/9aN9oxDLEEkD0g==; domain=.praktikum-services.ru; path=/; expires=Sat, 02-Jul-2022 14:09:37 GMT; secure
X-Powered-By: Express
X-Request-Id: 1654178977026900-10007297135925736945

{
    "track": 975069
}
HTTP/1.1 201 Created
Access-Control-Allow-Origin: *
Content-Length: 16
Content-Type: application/json; charset=utf-8
Date: Thu, 02 Jun 2022 14:09:37 GMT
ETag: W/"10-Kv5TYL/GjpboTZxOAOPYH2L14gc"
Set-Cookie: _yasc=CtYlW6YPiU5d8rMqWLxRLmtgnOdM41r/9aN9oxDLEEkD0g==; domain=.praktikum-services.ru; path=/; expires=Sat, 02-Jul-2022 14:09:37 GMT; secure
X-Powered-By: Express
X-Request-Id: 1654178977026900-10007297135925736945

{
    "track": 975069
}
HTTP/1.1 201 Created
Access-Control-Allow-Origin: *
Content-Length: 16
Content-Type: application/json; charset=utf-8
Date: Thu, 02 Jun 2022 14:09:37 GMT
ETag: W/"10-Kv5TYL/GjpboTZxOAOPYH2L14gc"
Set-Cookie: _yasc=CtYlW6YPiU5d8rMqWLxRLmtgnOdM41r/9aN9oxDLEEkD0g==; domain=.praktikum-services.ru; path=/; expires=Sat, 02-Jul-2022 14:09:37 GMT; secure
X-Powered-By: Express
X-Request-Id: 1654178977026900-10007297135925736945

{
    "track": 975069
}
HTTP/1.1 201 Created
Access-Control-Allow-Origin: *
Content-Length: 16
Content-Type: application/json; charset=utf-8
Date: Thu, 02 Jun 2022 14:09:37 GMT
ETag: W/"10-Kv5TYL/GjpboTZxOAOPYH2L14gc"
Set-Cookie: _yasc=CtYlW6YPiU5d8rMqWLxRLmtgnOdM41r/9aN9oxDLEEkD0g==; domain=.praktikum-services.ru; path=/; expires=Sat, 02-Jul-2022 14:09:37 GMT; secure
X-Powered-By: Express
X-Request-Id: 1654178977026900-10007297135925736945

{
    "track": 975069
}
HTTP/1.1 201 Created
Access-Control-Allow-Origin: *
Content-Length: 16
Content-Type: application/json; charset=utf-8
Date: Thu, 02 Jun 2022 14:09:37 GMT
ETag: W/"10-Kv5TYL/GjpboTZxOAOPYH2L14gc"
Set-Cookie: _yasc=CtYlW6YPiU5d8rMqWLxRLmtgnOdM41r/9aN9oxDLEEkD0g==; domain=.praktikum-services.ru; path=/; expires=Sat, 02-Jul-2022 14:09:37 GMT; secure
X-Powered-By: Express
X-Request-Id: 1654178977026900-10007297135925736945

{
    "track": 975069
}
Request method:	PUT
Request URI:	http://qa-scooter.praktikum-services.ru/api/v1/orders/cancel?track=975069
Proxy:			<none>
Request params:	<none>
Query params:	<none>
Form params:	<none>
Path params:	<none>
Headers:		Accept=application/json, application/javascript, text/javascript, text/json
				Content-Type=application/json
Cookies:		<none>
Multiparts:		<none>
Body:			<none>
Request method:	PUT
Request URI:	http://qa-scooter.praktikum-services.ru/api/v1/orders/cancel?track=975069
Proxy:			<none>
Request params:	<none>
Query params:	<none>
Form params:	<none>
Path params:	<none>
Headers:		Accept=application/json, application/javascript, text/javascript, text/json
				Content-Type=application/json
Cookies:		<none>
Multiparts:		<none>
Body:			<none>
Request method:	PUT
Request URI:	http://qa-scooter.praktikum-services.ru/api/v1/orders/cancel?track=975069
Proxy:			<none>
Request params:	<none>
Query params:	<none>
Form params:	<none>
Path params:	<none>
Headers:		Accept=application/json, application/javascript, text/javascript, text/json
				Content-Type=application/json
Cookies:		<none>
Multiparts:		<none>
Body:			<none>
Request method:	PUT
Request URI:	http://qa-scooter.praktikum-services.ru/api/v1/orders/cancel?track=975069
Proxy:			<none>
Request params:	<none>
Query params:	<none>
Form params:	<none>
Path params:	<none>
Headers:		Accept=application/json, application/javascript, text/javascript, text/json
				Content-Type=application/json
Cookies:		<none>
Multiparts:		<none>
Body:			<none>
Request method:	PUT
Request URI:	http://qa-scooter.praktikum-services.ru/api/v1/orders/cancel?track=975069
Proxy:			<none>
Request params:	<none>
Query params:	<none>
Form params:	<none>
Path params:	<none>
Headers:		Accept=application/json, application/javascript, text/javascript, text/json
				Content-Type=application/json
Cookies:		<none>
Multiparts:		<none>
Body:			<none>
Request method:	PUT
Request URI:	http://qa-scooter.praktikum-services.ru/api/v1/orders/cancel?track=975069
Proxy:			<none>
Request params:	<none>
Query params:	<none>
Form params:	<none>
Path params:	<none>
Headers:		Accept=application/json, application/javascript, text/javascript, text/json
				Content-Type=application/json
Cookies:		<none>
Multiparts:		<none>
Body:			<none>
Request method:	PUT
Request URI:	http://qa-scooter.praktikum-services.ru/api/v1/orders/cancel?track=975069
Proxy:			<none>
Request params:	<none>
Query params:	<none>
Form params:	<none>
Path params:	<none>
Headers:		Accept=application/json, application/javascript, text/javascript, text/json
				Content-Type=application/json
Cookies:		<none>
Multiparts:		<none>
Body:			<none>
Request method:	PUT
Request URI:	http://qa-scooter.praktikum-services.ru/api/v1/orders/cancel?track=975069
Proxy:			<none>
Request params:	<none>
Query params:	<none>
Form params:	<none>
Path params:	<none>
Headers:		Accept=application/json, application/javascript, text/javascript, text/json
				Content-Type=application/json
Cookies:		<none>
Multiparts:		<none>
Body:			<none>
Request method:	PUT
Request URI:	http://qa-scooter.praktikum-services.ru/api/v1/orders/cancel?track=975069
Proxy:			<none>
Request params:	<none>
Query params:	<none>
Form params:	<none>
Path params:	<none>
Headers:		Accept=application/json, application/javascript, text/javascript, text/json
				Content-Type=application/json
Cookies:		<none>
Multiparts:		<none>
Body:			<none>
Request method:	PUT
Request URI:	http://qa-scooter.praktikum-services.ru/api/v1/orders/cancel?track=975069
Proxy:			<none>
Request params:	<none>
Query params:	<none>
Form params:	<none>
Path params:	<none>
Headers:		Accept=application/json, application/javascript, text/javascript, text/json
				Content-Type=application/json
Cookies:		<none>
Multiparts:		<none>
Body:			<none>
Request method:	PUT
Request URI:	http://qa-scooter.praktikum-services.ru/api/v1/orders/cancel?track=975069
Proxy:			<none>
Request params:	<none>
Query params:	<none>
Form params:	<none>
Path params:	<none>
Headers:		Accept=application/json, application/javascript, text/javascript, text/json
				Content-Type=application/json
Cookies:		<none>
Multiparts:		<none>
Body:			<none>
Request method:	PUT
Request URI:	http://qa-scooter.praktikum-services.ru/api/v1/orders/cancel?track=975069
Proxy:			<none>
Request params:	<none>
Query params:	<none>
Form params:	<none>
Path params:	<none>
Headers:		Accept=application/json, application/javascript, text/javascript, text/json
				Content-Type=application/json
Cookies:		<none>
Multiparts:		<none>
Body:			<none>
Request method:	PUT
Request URI:	http://qa-scooter.praktikum-services.ru/api/v1/orders/cancel?track=975069
Proxy:			<none>
Request params:	<none>
Query params:	<none>
Form params:	<none>
Path params:	<none>
Headers:		Accept=application/json, application/javascript, text/javascript, text/json
				Content-Type=application/json
Cookies:		<none>
Multiparts:		<none>
Body:			<none>
Request method:	PUT
Request URI:	http://qa-scooter.praktikum-services.ru/api/v1/orders/cancel?track=975069
Proxy:			<none>
Request params:	<none>
Query params:	<none>
Form params:	<none>
Path params:	<none>
Headers:		Accept=application/json, application/javascript, text/javascript, text/json
				Content-Type=application/json
Cookies:		<none>
Multiparts:		<none>
Body:			<none>
Request method:	PUT
Request URI:	http://qa-scooter.praktikum-services.ru/api/v1/orders/cancel?track=975069
Proxy:			<none>
Request params:	<none>
Query params:	<none>
Form params:	<none>
Path params:	<none>
Headers:		Accept=application/json, application/javascript, text/javascript, text/json
				Content-Type=application/json
Cookies:		<none>
Multiparts:		<none>
Body:			<none>
Request method:	PUT
Request URI:	http://qa-scooter.praktikum-services.ru/api/v1/orders/cancel?track=975069
Proxy:			<none>
Request params:	<none>
Query params:	<none>
Form params:	<none>
Path params:	<none>
Headers:		Accept=application/json, application/javascript, text/javascript, text/json
				Content-Type=application/json
Cookies:		<none>
Multiparts:		<none>
Body:			<none>
Request method:	PUT
Request URI:	http://qa-scooter.praktikum-services.ru/api/v1/orders/cancel?track=975069
Proxy:			<none>
Request params:	<none>
Query params:	<none>
Form params:	<none>
Path params:	<none>
Headers:		Accept=application/json, application/javascript, text/javascript, text/json
				Content-Type=application/json
Cookies:		<none>
Multiparts:		<none>
Body:			<none>
Request method:	PUT
Request URI:	http://qa-scooter.praktikum-services.ru/api/v1/orders/cancel?track=975069
Proxy:			<none>
Request params:	<none>
Query params:	<none>
Form params:	<none>
Path params:	<none>
Headers:		Accept=application/json, application/javascript, text/javascript, text/json
				Content-Type=application/json
Cookies:		<none>
Multiparts:		<none>
Body:			<none>
Request method:	PUT
Request URI:	http://qa-scooter.praktikum-services.ru/api/v1/orders/cancel?track=975069
Proxy:			<none>
Request params:	<none>
Query params:	<none>
Form params:	<none>
Path params:	<none>
Headers:		Accept=application/json, application/javascript, text/javascript, text/json
				Content-Type=application/json
Cookies:		<none>
Multiparts:		<none>
Body:			<none>
Request method:	PUT
Request URI:	http://qa-scooter.praktikum-services.ru/api/v1/orders/cancel?track=975069
Proxy:			<none>
Request params:	<none>
Query params:	<none>
Form params:	<none>
Path params:	<none>
Headers:		Accept=application/json, application/javascript, text/javascript, text/json
				Content-Type=application/json
Cookies:		<none>
Multiparts:		<none>
Body:			<none>
Request method:	PUT
Request URI:	http://qa-scooter.praktikum-services.ru/api/v1/orders/cancel?track=975069
Proxy:			<none>
Request params:	<none>
Query params:	<none>
Form params:	<none>
Path params:	<none>
Headers:		Accept=application/json, application/javascript, text/javascript, text/json
				Content-Type=application/json
Cookies:		<none>
Multiparts:		<none>
Body:			<none>
HTTP/1.1 200 OK
Access-Control-Allow-Origin: *
Content-Length: 11
Content-Type: application/json; charset=utf-8
Date: Thu, 02 Jun 2022 14:09:37 GMT
ETag: W/"b-Ai2R8hgEarLmHKwesT1qcY913ys"
Set-Cookie: _yasc=RswQnxXY5AwG7q7FOlYxbXrZBEFNV0gIH/zs+/YF92azpg==; domain=.praktikum-services.ru; path=/; expires=Sat, 02-Jul-2022 14:09:37 GMT; secure
X-Powered-By: Express
X-Request-Id: 1654178977165869-3123363336102306253

{
    "ok": true
}
HTTP/1.1 200 OK
Access-Control-Allow-Origin: *
Content-Length: 11
Content-Type: application/json; charset=utf-8
Date: Thu, 02 Jun 2022 14:09:37 GMT
ETag: W/"b-Ai2R8hgEarLmHKwesT1qcY913ys"
Set-Cookie: _yasc=RswQnxXY5AwG7q7FOlYxbXrZBEFNV0gIH/zs+/YF92azpg==; domain=.praktikum-services.ru; path=/; expires=Sat, 02-Jul-2022 14:09:37 GMT; secure
X-Powered-By: Express
X-Request-Id: 1654178977165869-3123363336102306253

{
    "ok": true
}
HTTP/1.1 200 OK
Access-Control-Allow-Origin: *
Content-Length: 11
Content-Type: application/json; charset=utf-8
Date: Thu, 02 Jun 2022 14:09:37 GMT
ETag: W/"b-Ai2R8hgEarLmHKwesT1qcY913ys"
Set-Cookie: _yasc=RswQnxXY5AwG7q7FOlYxbXrZBEFNV0gIH/zs+/YF92azpg==; domain=.praktikum-services.ru; path=/; expires=Sat, 02-Jul-2022 14:09:37 GMT; secure
X-Powered-By: Express
X-Request-Id: 1654178977165869-3123363336102306253

{
    "ok": true
}
HTTP/1.1 200 OK
Access-Control-Allow-Origin: *
Content-Length: 11
Content-Type: application/json; charset=utf-8
Date: Thu, 02 Jun 2022 14:09:37 GMT
ETag: W/"b-Ai2R8hgEarLmHKwesT1qcY913ys"
Set-Cookie: _yasc=RswQnxXY5AwG7q7FOlYxbXrZBEFNV0gIH/zs+/YF92azpg==; domain=.praktikum-services.ru; path=/; expires=Sat, 02-Jul-2022 14:09:37 GMT; secure
X-Powered-By: Express
X-Request-Id: 1654178977165869-3123363336102306253

{
    "ok": true
}
HTTP/1.1 200 OK
Access-Control-Allow-Origin: *
Content-Length: 11
Content-Type: application/json; charset=utf-8
Date: Thu, 02 Jun 2022 14:09:37 GMT
ETag: W/"b-Ai2R8hgEarLmHKwesT1qcY913ys"
Set-Cookie: _yasc=RswQnxXY5AwG7q7FOlYxbXrZBEFNV0gIH/zs+/YF92azpg==; domain=.praktikum-services.ru; path=/; expires=Sat, 02-Jul-2022 14:09:37 GMT; secure
X-Powered-By: Express
X-Request-Id: 1654178977165869-3123363336102306253

{
    "ok": true
}
HTTP/1.1 200 OK
Access-Control-Allow-Origin: *
Content-Length: 11
Content-Type: application/json; charset=utf-8
Date: Thu, 02 Jun 2022 14:09:37 GMT
ETag: W/"b-Ai2R8hgEarLmHKwesT1qcY913ys"
Set-Cookie: _yasc=RswQnxXY5AwG7q7FOlYxbXrZBEFNV0gIH/zs+/YF92azpg==; domain=.praktikum-services.ru; path=/; expires=Sat, 02-Jul-2022 14:09:37 GMT; secure
X-Powered-By: Express
X-Request-Id: 1654178977165869-3123363336102306253

{
    "ok": true
}
HTTP/1.1 200 OK
Access-Control-Allow-Origin: *
Content-Length: 11
Content-Type: application/json; charset=utf-8
Date: Thu, 02 Jun 2022 14:09:37 GMT
ETag: W/"b-Ai2R8hgEarLmHKwesT1qcY913ys"
Set-Cookie: _yasc=RswQnxXY5AwG7q7FOlYxbXrZBEFNV0gIH/zs+/YF92azpg==; domain=.praktikum-services.ru; path=/; expires=Sat, 02-Jul-2022 14:09:37 GMT; secure
X-Powered-By: Express
X-Request-Id: 1654178977165869-3123363336102306253

{
    "ok": true
}
HTTP/1.1 200 OK
Access-Control-Allow-Origin: *
Content-Length: 11
Content-Type: application/json; charset=utf-8
Date: Thu, 02 Jun 2022 14:09:37 GMT
ETag: W/"b-Ai2R8hgEarLmHKwesT1qcY913ys"
Set-Cookie: _yasc=RswQnxXY5AwG7q7FOlYxbXrZBEFNV0gIH/zs+/YF92azpg==; domain=.praktikum-services.ru; path=/; expires=Sat, 02-Jul-2022 14:09:37 GMT; secure
X-Powered-By: Express
X-Request-Id: 1654178977165869-3123363336102306253

{
    "ok": true
}
HTTP/1.1 200 OK
Access-Control-Allow-Origin: *
Content-Length: 11
Content-Type: application/json; charset=utf-8
Date: Thu, 02 Jun 2022 14:09:37 GMT
ETag: W/"b-Ai2R8hgEarLmHKwesT1qcY913ys"
Set-Cookie: _yasc=RswQnxXY5AwG7q7FOlYxbXrZBEFNV0gIH/zs+/YF92azpg==; domain=.praktikum-services.ru; path=/; expires=Sat, 02-Jul-2022 14:09:37 GMT; secure
X-Powered-By: Express
X-Request-Id: 1654178977165869-3123363336102306253

{
    "ok": true
}
HTTP/1.1 200 OK
Access-Control-Allow-Origin: *
Content-Length: 11
Content-Type: application/json; charset=utf-8
Date: Thu, 02 Jun 2022 14:09:37 GMT
ETag: W/"b-Ai2R8hgEarLmHKwesT1qcY913ys"
Set-Cookie: _yasc=RswQnxXY5AwG7q7FOlYxbXrZBEFNV0gIH/zs+/YF92azpg==; domain=.praktikum-services.ru; path=/; expires=Sat, 02-Jul-2022 14:09:37 GMT; secure
X-Powered-By: Express
X-Request-Id: 1654178977165869-3123363336102306253

{
    "ok": true
}
HTTP/1.1 200 OK
Access-Control-Allow-Origin: *
Content-Length: 11
Content-Type: application/json; charset=utf-8
Date: Thu, 02 Jun 2022 14:09:37 GMT
ETag: W/"b-Ai2R8hgEarLmHKwesT1qcY913ys"
Set-Cookie: _yasc=RswQnxXY5AwG7q7FOlYxbXrZBEFNV0gIH/zs+/YF92azpg==; domain=.praktikum-services.ru; path=/; expires=Sat, 02-Jul-2022 14:09:37 GMT; secure
X-Powered-By: Express
X-Request-Id: 1654178977165869-3123363336102306253

{
    "ok": true
}
HTTP/1.1 200 OK
Access-Control-Allow-Origin: *
Content-Length: 11
Content-Type: application/json; charset=utf-8
Date: Thu, 02 Jun 2022 14:09:37 GMT
ETag: W/"b-Ai2R8hgEarLmHKwesT1qcY913ys"
Set-Cookie: _yasc=RswQnxXY5AwG7q7FOlYxbXrZBEFNV0gIH/zs+/YF92azpg==; domain=.praktikum-services.ru; path=/; expires=Sat, 02-Jul-2022 14:09:37 GMT; secure
X-Powered-By: Express
X-Request-Id: 1654178977165869-3123363336102306253

{
    "ok": true
}
HTTP/1.1 200 OK
Access-Control-Allow-Origin: *
Content-Length: 11
Content-Type: application/json; charset=utf-8
Date: Thu, 02 Jun 2022 14:09:37 GMT
ETag: W/"b-Ai2R8hgEarLmHKwesT1qcY913ys"
Set-Cookie: _yasc=RswQnxXY5AwG7q7FOlYxbXrZBEFNV0gIH/zs+/YF92azpg==; domain=.praktikum-services.ru; path=/; expires=Sat, 02-Jul-2022 14:09:37 GMT; secure
X-Powered-By: Express
X-Request-Id: 1654178977165869-3123363336102306253

{
    "ok": true
}
HTTP/1.1 200 OK
Access-Control-Allow-Origin: *
Content-Length: 11
Content-Type: application/json; charset=utf-8
Date: Thu, 02 Jun 2022 14:09:37 GMT
ETag: W/"b-Ai2R8hgEarLmHKwesT1qcY913ys"
Set-Cookie: _yasc=RswQnxXY5AwG7q7FOlYxbXrZBEFNV0gIH/zs+/YF92azpg==; domain=.praktikum-services.ru; path=/; expires=Sat, 02-Jul-2022 14:09:37 GMT; secure
X-Powered-By: Express
X-Request-Id: 1654178977165869-3123363336102306253

{
    "ok": true
}
HTTP/1.1 200 OK
Access-Control-Allow-Origin: *
Content-Length: 11
Content-Type: application/json; charset=utf-8
Date: Thu, 02 Jun 2022 14:09:37 GMT
ETag: W/"b-Ai2R8hgEarLmHKwesT1qcY913ys"
Set-Cookie: _yasc=RswQnxXY5AwG7q7FOlYxbXrZBEFNV0gIH/zs+/YF92azpg==; domain=.praktikum-services.ru; path=/; expires=Sat, 02-Jul-2022 14:09:37 GMT; secure
X-Powered-By: Express
X-Request-Id: 1654178977165869-3123363336102306253

{
    "ok": true
}
HTTP/1.1 200 OK
Access-Control-Allow-Origin: *
Content-Length: 11
Content-Type: application/json; charset=utf-8
Date: Thu, 02 Jun 2022 14:09:37 GMT
ETag: W/"b-Ai2R8hgEarLmHKwesT1qcY913ys"
Set-Cookie: _yasc=RswQnxXY5AwG7q7FOlYxbXrZBEFNV0gIH/zs+/YF92azpg==; domain=.praktikum-services.ru; path=/; expires=Sat, 02-Jul-2022 14:09:37 GMT; secure
X-Powered-By: Express
X-Request-Id: 1654178977165869-3123363336102306253

{
    "ok": true
}
HTTP/1.1 200 OK
Access-Control-Allow-Origin: *
Content-Length: 11
Content-Type: application/json; charset=utf-8
Date: Thu, 02 Jun 2022 14:09:37 GMT
ETag: W/"b-Ai2R8hgEarLmHKwesT1qcY913ys"
Set-Cookie: _yasc=RswQnxXY5AwG7q7FOlYxbXrZBEFNV0gIH/zs+/YF92azpg==; domain=.praktikum-services.ru; path=/; expires=Sat, 02-Jul-2022 14:09:37 GMT; secure
X-Powered-By: Express
X-Request-Id: 1654178977165869-3123363336102306253

{
    "ok": true
}
HTTP/1.1 200 OK
Access-Control-Allow-Origin: *
Content-Length: 11
Content-Type: application/json; charset=utf-8
Date: Thu, 02 Jun 2022 14:09:37 GMT
ETag: W/"b-Ai2R8hgEarLmHKwesT1qcY913ys"
Set-Cookie: _yasc=RswQnxXY5AwG7q7FOlYxbXrZBEFNV0gIH/zs+/YF92azpg==; domain=.praktikum-services.ru; path=/; expires=Sat, 02-Jul-2022 14:09:37 GMT; secure
X-Powered-By: Express
X-Request-Id: 1654178977165869-3123363336102306253

{
    "ok": true
}
HTTP/1.1 200 OK
Access-Control-Allow-Origin: *
Content-Length: 11
Content-Type: application/json; charset=utf-8
Date: Thu, 02 Jun 2022 14:09:37 GMT
ETag: W/"b-Ai2R8hgEarLmHKwesT1qcY913ys"
Set-Cookie: _yasc=RswQnxXY5AwG7q7FOlYxbXrZBEFNV0gIH/zs+/YF92azpg==; domain=.praktikum-services.ru; path=/; expires=Sat, 02-Jul-2022 14:09:37 GMT; secure
X-Powered-By: Express
X-Request-Id: 1654178977165869-3123363336102306253

{
    "ok": true
}
HTTP/1.1 200 OK
Access-Control-Allow-Origin: *
Content-Length: 11
Content-Type: application/json; charset=utf-8
Date: Thu, 02 Jun 2022 14:09:37 GMT
ETag: W/"b-Ai2R8hgEarLmHKwesT1qcY913ys"
Set-Cookie: _yasc=RswQnxXY5AwG7q7FOlYxbXrZBEFNV0gIH/zs+/YF92azpg==; domain=.praktikum-services.ru; path=/; expires=Sat, 02-Jul-2022 14:09:37 GMT; secure
X-Powered-By: Express
X-Request-Id: 1654178977165869-3123363336102306253

{
    "ok": true
}
HTTP/1.1 200 OK
Access-Control-Allow-Origin: *
Content-Length: 11
Content-Type: application/json; charset=utf-8
Date: Thu, 02 Jun 2022 14:09:37 GMT
ETag: W/"b-Ai2R8hgEarLmHKwesT1qcY913ys"
Set-Cookie: _yasc=RswQnxXY5AwG7q7FOlYxbXrZBEFNV0gIH/zs+/YF92azpg==; domain=.praktikum-services.ru; path=/; expires=Sat, 02-Jul-2022 14:09:37 GMT; secure
X-Powered-By: Express
X-Request-Id: 1654178977165869-3123363336102306253

{
    "ok": true
}
]]></system-out>
  </testcase>
</testsuite>