<?xml version="1.0" encoding="UTF-8"?>
<testsuite xmlns:xsi="http://www.w3.org/2001/XMLSchema-instance" xsi:noNamespaceSchemaLocation="https://maven.apache.org/surefire/maven-surefire-plugin/xsd/surefire-test-report-3.0.xsd" version="3.0" name="LoginCourierTest" time="2.054" tests="3" errors="0" skipped="0" failures="0">
  <properties>
[...]
</properties>
  <testcase name="loginCourierWithNotAllFields" classname="LoginCourierTest" time="0.553">
    <system-out><![CDATA[Request method:	POST
Request URI:	http://qa-scooter.praktikum-services.ru/api/v1/courier/
Proxy:			<none>
Request params:	<none>
Query params:	<none>
Form params:	<none>
Path params:	<none>
Headers:		Accept=application/json, application/javascript, text/javascript, text/json
				Content-Type=application/json
Cookies:		<none>
Multiparts:		<none>
Body:
{
    "login": "vasyamba1",
    "password": "1234",
    "firstName": "naruto"
}
Request method:	POST
Request URI:	http://qa-scooter.praktikum-services.ru/api/v1/courier/
Proxy:			<none>
Request params:	<none>
Query params:	<none>
Form params:	<none>
Path params:	<none>
Headers:		Accept=application/json, application/javascript, text/javascript, text/json
				Content-Type=application/json
Cookies:		<none>
Multiparts:		<none>
Body:
{
    "login": "vasyamba1",
    "password": "1234",
    "firstName": "naruto"
}
Request method:	POST
Request URI:	http://qa-scooter.praktikum-services.ru/api/v1/courier/
Proxy:			<none>
Request params:	<none>
Query params:	<none>
Form params:	<none>
Path params:	<none>
Headers:		Accept=application/json, application/javascript, text/javascript, text/json
				Content-Type=application/json
Cookies:		<none>
Multiparts:		<none>
Body:
{
    "login": "vasyamba1",
    "password": "1234",
    "firstName": "naruto"
}
Request method:	POST
Request URI:	http://qa-scooter.praktikum-services.ru/api/v1/courier/
Proxy:			<none>
Request params:	<none>
Query params:	<none>
Form params:	<none>
Path params:	<none>
Headers:		Accept=application/json, application/javascript, text/javascript, text/json
				Content-Type=application/json
Cookies:		<none>
Multiparts:		<none>
Body:
{
    "login": "vasyamba1",
    "password": "1234",
    "firstName": "naruto"
}
Request method:	POST
Request URI:	http://qa-scooter.praktikum-services.ru/api/v1/courier/
Proxy:			<none>
Request params:	<none>
Query params:	<none>
Form params:	<none>
Path params:	<none>
Headers:		Accept=application/json, application/javascript, text/javascript, text/json
				Content-Type=application/json
Cookies:		<none>
Multiparts:		<none>
Body:
{
    "login": "vasyamba1",
    "password": "1234",
    "firstName": "naruto"
}
HTTP/1.1 201 Created
Access-Control-Allow-Origin: *
Content-Length: 11
Content-Type: application/json; charset=utf-8
Date: Thu, 02 Jun 2022 14:09:33 GMT
ETag: W/"b-Ai2R8hgEarLmHKwesT1qcY913ys"
Set-Cookie: _yasc=5AK+ne0mdw/n9nu9O/td4UZgbjkmUDiI4ga3sK4vc6/3vA==; domain=.praktikum-services.ru; path=/; expires=Sat, 02-Jul-2022 14:09:33 GMT; secure
X-Powered-By: Express
X-Request-Id: 1654178973187090-16862687715018622850

{
    "ok": true
}
HTTP/1.1 201 Created
Access-Control-Allow-Origin: *
Content-Length: 11
Content-Type: application/json; charset=utf-8
Date: Thu, 02 Jun 2022 14:09:33 GMT
ETag: W/"b-Ai2R8hgEarLmHKwesT1qcY913ys"
Set-Cookie: _yasc=5AK+ne0mdw/n9nu9O/td4UZgbjkmUDiI4ga3sK4vc6/3vA==; domain=.praktikum-services.ru; path=/; expires=Sat, 02-Jul-2022 14:09:33 GMT; secure
X-Powered-By: Express
X-Request-Id: 1654178973187090-16862687715018622850

{
    "ok": true
}
HTTP/1.1 201 Created
Access-Control-Allow-Origin: *
Content-Length: 11
Content-Type: application/json; charset=utf-8
Date: Thu, 02 Jun 2022 14:09:33 GMT
ETag: W/"b-Ai2R8hgEarLmHKwesT1qcY913ys"
Set-Cookie: _yasc=5AK+ne0mdw/n9nu9O/td4UZgbjkmUDiI4ga3sK4vc6/3vA==; domain=.praktikum-services.ru; path=/; expires=Sat, 02-Jul-2022 14:09:33 GMT; secure
X-Powered-By: Express
X-Request-Id: 1654178973187090-16862687715018622850

{
    "ok": true
}
HTTP/1.1 201 Created
Access-Control-Allow-Origin: *
Content-Length: 11
Content-Type: application/json; charset=utf-8
Date: Thu, 02 Jun 2022 14:09:33 GMT
ETag: W/"b-Ai2R8hgEarLmHKwesT1qcY913ys"
Set-Cookie: _yasc=5AK+ne0mdw/n9nu9O/td4UZgbjkmUDiI4ga3sK4vc6/3vA==; domain=.praktikum-services.ru; path=/; expires=Sat, 02-Jul-2022 14:09:33 GMT; secure
X-Powered-By: Express
X-Request-Id: 1654178973187090-16862687715018622850

{
    "ok": true
}
HTTP/1.1 201 Created
Access-Control-Allow-Origin: *
Content-Length: 11
Content-Type: application/json; charset=utf-8
Date: Thu, 02 Jun 2022 14:09:33 GMT
ETag: W/"b-Ai2R8hgEarLmHKwesT1qcY913ys"
Set-Cookie: _yasc=5AK+ne0mdw/n9nu9O/td4UZgbjkmUDiI4ga3sK4vc6/3vA==; domain=.praktikum-services.ru; path=/; expires=Sat, 02-Jul-2022 14:09:33 GMT; secure
X-Powered-By: Express
X-Request-Id: 1654178973187090-16862687715018622850

{
    "ok": true
}
Request method:	POST
Request URI:	http://qa-scooter.praktikum-services.ru/api/v1/courier/login/
Proxy:			<none>
Request params:	<none>
Query params:	<none>
Form params:	<none>
Path params:	<none>
Headers:		Accept=application/json, application/javascript, text/javascript, text/json
				Content-Type=application/json
Cookies:		<none>
Multiparts:		<none>
Body:
{
    "login": "vasyamba1",
    "password": ""
}
Request method:	POST
Request URI:	http://qa-scooter.praktikum-services.ru/api/v1/courier/login/
Proxy:			<none>
Request params:	<none>
Query params:	<none>
Form params:	<none>
Path params:	<none>
Headers:		Accept=application/json, application/javascript, text/javascript, text/json
				Content-Type=application/json
Cookies:		<none>
Multiparts:		<none>
Body:
{
    "login": "vasyamba1",
    "password": ""
}
Request method:	POST
Request URI:	http://qa-scooter.praktikum-services.ru/api/v1/courier/login/
Proxy:			<none>
Request params:	<none>
Query params:	<none>
Form params:	<none>
Path params:	<none>
Headers:		Accept=application/json, application/javascript, text/javascript, text/json
				Content-Type=application/json
Cookies:		<none>
Multiparts:		<none>
Body:
{
    "login": "vasyamba1",
    "password": ""
}
Request method:	POST
Request URI:	http://qa-scooter.praktikum-services.ru/api/v1/courier/login/
Proxy:			<none>
Request params:	<none>
Query params:	<none>
Form params:	<none>
Path params:	<none>
Headers:		Accept=application/json, application/javascript, text/javascript, text/json
				Content-Type=application/json
Cookies:		<none>
Multiparts:		<none>
Body:
{
    "login": "vasyamba1",
    "password": ""
}
Request method:	POST
Request URI:	http://qa-scooter.praktikum-services.ru/api/v1/courier/login/
Proxy:			<none>
Request params:	<none>
Query params:	<none>
Form params:	<none>
Path params:	<none>
Headers:		Accept=application/json, application/javascript, text/javascript, text/json
				Content-Type=application/json
Cookies:		<none>
Multiparts:		<none>
Body:
{
    "login": "vasyamba1",
    "password": ""
}
Request method:	POST
Request URI:	http://qa-scooter.praktikum-services.ru/api/v1/courier/login/
Proxy:			<none>
Request params:	<none>
Query params:	<none>
Form params:	<none>
Path params:	<none>
Headers:		Accept=application/json, application/javascript, text/javascript, text/json
				Content-Type=application/json
Cookies:		<none>
Multiparts:		<none>
Body:
{
    "login": "vasyamba1",
    "password": ""
}
HTTP/1.1 400 Bad Request
Access-Control-Allow-Origin: *
Content-Length: 80
Content-Type: application/json; charset=utf-8
Date: Thu, 02 Jun 2022 14:09:33 GMT
ETag: W/"50-LwGSJxcCDIE8JNxAo8HI82cPc8A"
Set-Cookie: _yasc=CRwnz2cMu7M96u+gMVIultbZEE9ja+4hHSJmPFf0fyVYmQ==; domain=.praktikum-services.ru; path=/; expires=Sat, 02-Jul-2022 14:09:33 GMT; secure
X-Powered-By: Express
X-Request-Id: 1654178973332739-7533283483159506190

{
    "code": 400,
    "message": "Недостаточно данных для входа"
}
HTTP/1.1 400 Bad Request
Access-Control-Allow-Origin: *
Content-Length: 80
Content-Type: application/json; charset=utf-8
Date: Thu, 02 Jun 2022 14:09:33 GMT
ETag: W/"50-LwGSJxcCDIE8JNxAo8HI82cPc8A"
Set-Cookie: _yasc=CRwnz2cMu7M96u+gMVIultbZEE9ja+4hHSJmPFf0fyVYmQ==; domain=.praktikum-services.ru; path=/; expires=Sat, 02-Jul-2022 14:09:33 GMT; secure
X-Powered-By: Express
X-Request-Id: 1654178973332739-7533283483159506190

{
    "code": 400,
    "message": "Недостаточно данных для входа"
}
HTTP/1.1 400 Bad Request
Access-Control-Allow-Origin: *
Content-Length: 80
Content-Type: application/json; charset=utf-8
Date: Thu, 02 Jun 2022 14:09:33 GMT
ETag: W/"50-LwGSJxcCDIE8JNxAo8HI82cPc8A"
Set-Cookie: _yasc=CRwnz2cMu7M96u+gMVIultbZEE9ja+4hHSJmPFf0fyVYmQ==; domain=.praktikum-services.ru; path=/; expires=Sat, 02-Jul-2022 14:09:33 GMT; secure
X-Powered-By: Express
X-Request-Id: 1654178973332739-7533283483159506190

{
    "code": 400,
    "message": "Недостаточно данных для входа"
}
HTTP/1.1 400 Bad Request
Access-Control-Allow-Origin: *
Content-Length: 80
Content-Type: application/json; charset=utf-8
Date: Thu, 02 Jun 2022 14:09:33 GMT
ETag: W/"50-LwGSJxcCDIE8JNxAo8HI82cPc8A"
Set-Cookie: _yasc=CRwnz2cMu7M96u+gMVIultbZEE9ja+4hHSJmPFf0fyVYmQ==; domain=.praktikum-services.ru; path=/; expires=Sat, 02-Jul-2022 14:09:33 GMT; secure
X-Powered-By: Express
X-Request-Id: 1654178973332739-7533283483159506190

{
    "code": 400,
    "message": "Недостаточно данных для входа"
}
HTTP/1.1 400 Bad Request
Access-Control-Allow-Origin: *
Content-Length: 80
Content-Type: application/json; charset=utf-8
Date: Thu, 02 Jun 2022 14:09:33 GMT
ETag: W/"50-LwGSJxcCDIE8JNxAo8HI82cPc8A"
Set-Cookie: _yasc=CRwnz2cMu7M96u+gMVIultbZEE9ja+4hHSJmPFf0fyVYmQ==; domain=.praktikum-services.ru; path=/; expires=Sat, 02-Jul-2022 14:09:33 GMT; secure
X-Powered-By: Express
X-Request-Id: 1654178973332739-7533283483159506190

{
    "code": 400,
    "message": "Недостаточно данных для входа"
}
HTTP/1.1 400 Bad Request
Access-Control-Allow-Origin: *
Content-Length: 80
Content-Type: application/json; charset=utf-8
Date: Thu, 02 Jun 2022 14:09:33 GMT
ETag: W/"50-LwGSJxcCDIE8JNxAo8HI82cPc8A"
Set-Cookie: _yasc=CRwnz2cMu7M96u+gMVIultbZEE9ja+4hHSJmPFf0fyVYmQ==; domain=.praktikum-services.ru; path=/; expires=Sat, 02-Jul-2022 14:09:33 GMT; secure
X-Powered-By: Express
X-Request-Id: 1654178973332739-7533283483159506190

{
    "code": 400,
    "message": "Недостаточно данных для входа"
}
Request method:	POST
Request URI:	http://qa-scooter.praktikum-services.ru/api/v1/courier/login/
Proxy:			<none>
Request params:	<none>
Query params:	<none>
Form params:	<none>
Path params:	<none>
Headers:		Accept=application/json, application/javascript, text/javascript, text/json
				Content-Type=application/json
Cookies:		<none>
Multiparts:		<none>
Body:
{
    "login": "vasyamba1",
    "password": "1234"
}
Request method:	POST
Request URI:	http://qa-scooter.praktikum-services.ru/api/v1/courier/login/
Proxy:			<none>
Request params:	<none>
Query params:	<none>
Form params:	<none>
Path params:	<none>
Headers:		Accept=application/json, application/javascript, text/javascript, text/json
				Content-Type=application/json
Cookies:		<none>
Multiparts:		<none>
Body:
{
    "login": "vasyamba1",
    "password": "1234"
}
Request method:	POST
Request URI:	http://qa-scooter.praktikum-services.ru/api/v1/courier/login/
Proxy:			<none>
Request params:	<none>
Query params:	<none>
Form params:	<none>
Path params:	<none>
Headers:		Accept=application/json, application/javascript, text/javascript, text/json
				Content-Type=application/json
Cookies:		<none>
Multiparts:		<none>
Body:
{
    "login": "vasyamba1",
    "password": "1234"
}
Request method:	POST
Request URI:	http://qa-scooter.praktikum-services.ru/api/v1/courier/login/
Proxy:			<none>
Request params:	<none>
Query params:	<none>
Form params:	<none>
Path params:	<none>
Headers:		Accept=application/json, application/javascript, text/javascript, text/json
				Content-Type=application/json
Cookies:		<none>
Multiparts:		<none>
Body:
{
    "login": "vasyamba1",
    "password": "1234"
}
Request method:	POST
Request URI:	http://qa-scooter.praktikum-services.ru/api/v1/courier/login/
Proxy:			<none>
Request params:	<none>
Query params:	<none>
Form params:	<none>
Path params:	<none>
Headers:		Accept=application/json, application/javascript, text/javascript, text/json
				Content-Type=application/json
Cookies:		<none>
Multiparts:		<none>
Body:
{
    "login": "vasyamba1",
    "password": "1234"
}
Request method:	POST
Request URI:	http://qa-scooter.praktikum-services.ru/api/v1/courier/login/
Proxy:			<none>
Request params:	<none>
Query params:	<none>
Form params:	<none>
Path params:	<none>
Headers:		Accept=application/json, application/javascript, text/javascript, text/json
				Content-Type=application/json
Cookies:		<none>
Multiparts:		<none>
Body:
{
    "login": "vasyamba1",
    "password": "1234"
}
Request method:	POST
Request URI:	http://qa-scooter.praktikum-services.ru/api/v1/courier/login/
Proxy:			<none>
Request params:	<none>
Query params:	<none>
Form params:	<none>
Path params:	<none>
Headers:		Accept=application/json, application/javascript, text/javascript, text/json
				Content-Type=application/json
Cookies:		<none>
Multiparts:		<none>
Body:
{
    "login": "vasyamba1",
    "password": "1234"
}
HTTP/1.1 200 OK
Access-Control-Allow-Origin: *
Content-Length: 12
Content-Type: application/json; charset=utf-8
Date: Thu, 02 Jun 2022 14:09:33 GMT
ETag: W/"c-BP1xWt3ggYacmlF3Dil44uhalj0"
Set-Cookie: _yasc=/Bk662nqLAXZgFmWUPc1MtmjWtEH7QOeqDE2a+hUpMcwcA==; domain=.praktikum-services.ru; path=/; expires=Sat, 02-Jul-2022 14:09:33 GMT; secure
X-Powered-By: Express
X-Request-Id: 1654178973496934-3379054937503467679

{
    "id": 76283
}
HTTP/1.1 200 OK
Access-Control-Allow-Origin: *
Content-Length: 12
Content-Type: application/json; charset=utf-8
Date: Thu, 02 Jun 2022 14:09:33 GMT
ETag: W/"c-BP1xWt3ggYacmlF3Dil44uhalj0"
Set-Cookie: _yasc=/Bk662nqLAXZgFmWUPc1MtmjWtEH7QOeqDE2a+hUpMcwcA==; domain=.praktikum-services.ru; path=/; expires=Sat, 02-Jul-2022 14:09:33 GMT; secure
X-Powered-By: Express
X-Request-Id: 1654178973496934-3379054937503467679

{
    "id": 76283
}
HTTP/1.1 200 OK
Access-Control-Allow-Origin: *
Content-Length: 12
Content-Type: application/json; charset=utf-8
Date: Thu, 02 Jun 2022 14:09:33 GMT
ETag: W/"c-BP1xWt3ggYacmlF3Dil44uhalj0"
Set-Cookie: _yasc=/Bk662nqLAXZgFmWUPc1MtmjWtEH7QOeqDE2a+hUpMcwcA==; domain=.praktikum-services.ru; path=/; expires=Sat, 02-Jul-2022 14:09:33 GMT; secure
X-Powered-By: Express
X-Request-Id: 1654178973496934-3379054937503467679

{
    "id": 76283
}
HTTP/1.1 200 OK
Access-Control-Allow-Origin: *
Content-Length: 12
Content-Type: application/json; charset=utf-8
Date: Thu, 02 Jun 2022 14:09:33 GMT
ETag: W/"c-BP1xWt3ggYacmlF3Dil44uhalj0"
Set-Cookie: _yasc=/Bk662nqLAXZgFmWUPc1MtmjWtEH7QOeqDE2a+hUpMcwcA==; domain=.praktikum-services.ru; path=/; expires=Sat, 02-Jul-2022 14:09:33 GMT; secure
X-Powered-By: Express
X-Request-Id: 1654178973496934-3379054937503467679

{
    "id": 76283
}
HTTP/1.1 200 OK
Access-Control-Allow-Origin: *
Content-Length: 12
Content-Type: application/json; charset=utf-8
Date: Thu, 02 Jun 2022 14:09:33 GMT
ETag: W/"c-BP1xWt3ggYacmlF3Dil44uhalj0"
Set-Cookie: _yasc=/Bk662nqLAXZgFmWUPc1MtmjWtEH7QOeqDE2a+hUpMcwcA==; domain=.praktikum-services.ru; path=/; expires=Sat, 02-Jul-2022 14:09:33 GMT; secure
X-Powered-By: Express
X-Request-Id: 1654178973496934-3379054937503467679

{
    "id": 76283
}
HTTP/1.1 200 OK
Access-Control-Allow-Origin: *
Content-Length: 12
Content-Type: application/json; charset=utf-8
Date: Thu, 02 Jun 2022 14:09:33 GMT
ETag: W/"c-BP1xWt3ggYacmlF3Dil44uhalj0"
Set-Cookie: _yasc=/Bk662nqLAXZgFmWUPc1MtmjWtEH7QOeqDE2a+hUpMcwcA==; domain=.praktikum-services.ru; path=/; expires=Sat, 02-Jul-2022 14:09:33 GMT; secure
X-Powered-By: Express
X-Request-Id: 1654178973496934-3379054937503467679

{
    "id": 76283
}
HTTP/1.1 200 OK
Access-Control-Allow-Origin: *
Content-Length: 12
Content-Type: application/json; charset=utf-8
Date: Thu, 02 Jun 2022 14:09:33 GMT
ETag: W/"c-BP1xWt3ggYacmlF3Dil44uhalj0"
Set-Cookie: _yasc=/Bk662nqLAXZgFmWUPc1MtmjWtEH7QOeqDE2a+hUpMcwcA==; domain=.praktikum-services.ru; path=/; expires=Sat, 02-Jul-2022 14:09:33 GMT; secure
X-Powered-By: Express
X-Request-Id: 1654178973496934-3379054937503467679

{
    "id": 76283
}
Request method:	DELETE
Request URI:	http://qa-scooter.praktikum-services.ru/api/v1/courier/76283
Proxy:			<none>
Request params:	<none>
Query params:	<none>
Form params:	<none>
Path params:	<none>
Headers:		Accept=application/json, application/javascript, text/javascript, text/json
				Content-Type=application/json
Cookies:		<none>
Multiparts:		<none>
Body:			<none>
Request method:	DELETE
Request URI:	http://qa-scooter.praktikum-services.ru/api/v1/courier/76283
Proxy:			<none>
Request params:	<none>
Query params:	<none>
Form params:	<none>
Path params:	<none>
Headers:		Accept=application/json, application/javascript, text/javascript, text/json
				Content-Type=application/json
Cookies:		<none>
Multiparts:		<none>
Body:			<none>
Request method:	DELETE
Request URI:	http://qa-scooter.praktikum-services.ru/api/v1/courier/76283
Proxy:			<none>
Request params:	<none>
Query params:	<none>
Form params:	<none>
Path params:	<none>
Headers:		Accept=application/json, application/javascript, text/javascript, text/json
				Content-Type=application/json
Cookies:		<none>
Multiparts:		<none>
Body:			<none>
Request method:	DELETE
Request URI:	http://qa-scooter.praktikum-services.ru/api/v1/courier/76283
Proxy:			<none>
Request params:	<none>
Query params:	<none>
Form params:	<none>
Path params:	<none>
Headers:		Accept=application/json, application/javascript, text/javascript, text/json
				Content-Type=application/json
Cookies:		<none>
Multiparts:		<none>
Body:			<none>
Request method:	DELETE
Request URI:	http://qa-scooter.praktikum-services.ru/api/v1/courier/76283
Proxy:			<none>
Request params:	<none>
Query params:	<none>
Form params:	<none>
Path params:	<none>
Headers:		Accept=application/json, application/javascript, text/javascript, text/json
				Content-Type=application/json
Cookies:		<none>
Multiparts:		<none>
Body:			<none>
Request method:	DELETE
Request URI:	http://qa-scooter.praktikum-services.ru/api/v1/courier/76283
Proxy:			<none>
Request params:	<none>
Query params:	<none>
Form params:	<none>
Path params:	<none>
Headers:		Accept=application/json, application/javascript, text/javascript, text/json
				Content-Type=application/json
Cookies:		<none>
Multiparts:		<none>
Body:			<none>
Request method:	DELETE
Request URI:	http://qa-scooter.praktikum-services.ru/api/v1/courier/76283
Proxy:			<none>
Request params:	<none>
Query params:	<none>
Form params:	<none>
Path params:	<none>
Headers:		Accept=application/json, application/javascript, text/javascript, text/json
				Content-Type=application/json
Cookies:		<none>
Multiparts:		<none>
Body:			<none>
HTTP/1.1 200 OK
Access-Control-Allow-Origin: *
Content-Length: 11
Content-Type: application/json; charset=utf-8
Date: Thu, 02 Jun 2022 14:09:33 GMT
ETag: W/"b-Ai2R8hgEarLmHKwesT1qcY913ys"
Set-Cookie: _yasc=WB+ufdCJRWAI0lxcHTXw7ofX4hGJtFZO712VorZ6wViqKA==; domain=.praktikum-services.ru; path=/; expires=Sat, 02-Jul-2022 14:09:33 GMT; secure
X-Powered-By: Express
X-Request-Id: 1654178973649173-17590626308465426398

{
    "ok": true
}
HTTP/1.1 200 OK
Access-Control-Allow-Origin: *
Content-Length: 11
Content-Type: application/json; charset=utf-8
Date: Thu, 02 Jun 2022 14:09:33 GMT
ETag: W/"b-Ai2R8hgEarLmHKwesT1qcY913ys"
Set-Cookie: _yasc=WB+ufdCJRWAI0lxcHTXw7ofX4hGJtFZO712VorZ6wViqKA==; domain=.praktikum-services.ru; path=/; expires=Sat, 02-Jul-2022 14:09:33 GMT; secure
X-Powered-By: Express
X-Request-Id: 1654178973649173-17590626308465426398

{
    "ok": true
}
HTTP/1.1 200 OK
Access-Control-Allow-Origin: *
Content-Length: 11
Content-Type: application/json; charset=utf-8
Date: Thu, 02 Jun 2022 14:09:33 GMT
ETag: W/"b-Ai2R8hgEarLmHKwesT1qcY913ys"
Set-Cookie: _yasc=WB+ufdCJRWAI0lxcHTXw7ofX4hGJtFZO712VorZ6wViqKA==; domain=.praktikum-services.ru; path=/; expires=Sat, 02-Jul-2022 14:09:33 GMT; secure
X-Powered-By: Express
X-Request-Id: 1654178973649173-17590626308465426398

{
    "ok": true
}
HTTP/1.1 200 OK
Access-Control-Allow-Origin: *
Content-Length: 11
Content-Type: application/json; charset=utf-8
Date: Thu, 02 Jun 2022 14:09:33 GMT
ETag: W/"b-Ai2R8hgEarLmHKwesT1qcY913ys"
Set-Cookie: _yasc=WB+ufdCJRWAI0lxcHTXw7ofX4hGJtFZO712VorZ6wViqKA==; domain=.praktikum-services.ru; path=/; expires=Sat, 02-Jul-2022 14:09:33 GMT; secure
X-Powered-By: Express
X-Request-Id: 1654178973649173-17590626308465426398

{
    "ok": true
}
HTTP/1.1 200 OK
Access-Control-Allow-Origin: *
Content-Length: 11
Content-Type: application/json; charset=utf-8
Date: Thu, 02 Jun 2022 14:09:33 GMT
ETag: W/"b-Ai2R8hgEarLmHKwesT1qcY913ys"
Set-Cookie: _yasc=WB+ufdCJRWAI0lxcHTXw7ofX4hGJtFZO712VorZ6wViqKA==; domain=.praktikum-services.ru; path=/; expires=Sat, 02-Jul-2022 14:09:33 GMT; secure
X-Powered-By: Express
X-Request-Id: 1654178973649173-17590626308465426398

{
    "ok": true
}
HTTP/1.1 200 OK
Access-Control-Allow-Origin: *
Content-Length: 11
Content-Type: application/json; charset=utf-8
Date: Thu, 02 Jun 2022 14:09:33 GMT
ETag: W/"b-Ai2R8hgEarLmHKwesT1qcY913ys"
Set-Cookie: _yasc=WB+ufdCJRWAI0lxcHTXw7ofX4hGJtFZO712VorZ6wViqKA==; domain=.praktikum-services.ru; path=/; expires=Sat, 02-Jul-2022 14:09:33 GMT; secure
X-Powered-By: Express
X-Request-Id: 1654178973649173-17590626308465426398

{
    "ok": true
}
HTTP/1.1 200 OK
Access-Control-Allow-Origin: *
Content-Length: 11
Content-Type: application/json; charset=utf-8
Date: Thu, 02 Jun 2022 14:09:33 GMT
ETag: W/"b-Ai2R8hgEarLmHKwesT1qcY913ys"
Set-Cookie: _yasc=WB+ufdCJRWAI0lxcHTXw7ofX4hGJtFZO712VorZ6wViqKA==; domain=.praktikum-services.ru; path=/; expires=Sat, 02-Jul-2022 14:09:33 GMT; secure
X-Powered-By: Express
X-Request-Id: 1654178973649173-17590626308465426398

{
    "ok": true
}
]]></system-out>
  </testcase>
  <testcase name="loginCourierWitNoNameOnTest" classname="LoginCourierTest" time="0.601">
    <system-out><![CDATA[Request method:	POST
Request URI:	http://qa-scooter.praktikum-services.ru/api/v1/courier/
Proxy:			<none>
Request params:	<none>
Query params:	<none>
Form params:	<none>
Path params:	<none>
Headers:		Accept=application/json, application/javascript, text/javascript, text/json
				Content-Type=application/json
Cookies:		<none>
Multiparts:		<none>
Body:
{
    "login": "vasyamba1",
    "password": "1234",
    "firstName": "naruto"
}
Request method:	POST
Request URI:	http://qa-scooter.praktikum-services.ru/api/v1/courier/
Proxy:			<none>
Request params:	<none>
Query params:	<none>
Form params:	<none>
Path params:	<none>
Headers:		Accept=application/json, application/javascript, text/javascript, text/json
				Content-Type=application/json
Cookies:		<none>
Multiparts:		<none>
Body:
{
    "login": "vasyamba1",
    "password": "1234",
    "firstName": "naruto"
}
Request method:	POST
Request URI:	http://qa-scooter.praktikum-services.ru/api/v1/courier/
Proxy:			<none>
Request params:	<none>
Query params:	<none>
Form params:	<none>
Path params:	<none>
Headers:		Accept=application/json, application/javascript, text/javascript, text/json
				Content-Type=application/json
Cookies:		<none>
Multiparts:		<none>
Body:
{
    "login": "vasyamba1",
    "password": "1234",
    "firstName": "naruto"
}
Request method:	POST
Request URI:	http://qa-scooter.praktikum-services.ru/api/v1/courier/
Proxy:			<none>
Request params:	<none>
Query params:	<none>
Form params:	<none>
Path params:	<none>
Headers:		Accept=application/json, application/javascript, text/javascript, text/json
				Content-Type=application/json
Cookies:		<none>
Multiparts:		<none>
Body:
{
    "login": "vasyamba1",
    "password": "1234",
    "firstName": "naruto"
}
Request method:	POST
Request URI:	http://qa-scooter.praktikum-services.ru/api/v1/courier/
Proxy:			<none>
Request params:	<none>
Query params:	<none>
Form params:	<none>
Path params:	<none>
Headers:		Accept=application/json, application/javascript, text/javascript, text/json
				Content-Type=application/json
Cookies:		<none>
Multiparts:		<none>
Body:
{
    "login": "vasyamba1",
    "password": "1234",
    "firstName": "naruto"
}
Request method:	POST
Request URI:	http://qa-scooter.praktikum-services.ru/api/v1/courier/
Proxy:			<none>
Request params:	<none>
Query params:	<none>
Form params:	<none>
Path params:	<none>
Headers:		Accept=application/json, application/javascript, text/javascript, text/json
				Content-Type=application/json
Cookies:		<none>
Multiparts:		<none>
Body:
{
    "login": "vasyamba1",
    "password": "1234",
    "firstName": "naruto"
}
Request method:	POST
Request URI:	http://qa-scooter.praktikum-services.ru/api/v1/courier/
Proxy:			<none>
Request params:	<none>
Query params:	<none>
Form params:	<none>
Path params:	<none>
Headers:		Accept=application/json, application/javascript, text/javascript, text/json
				Content-Type=application/json
Cookies:		<none>
Multiparts:		<none>
Body:
{
    "login": "vasyamba1",
    "password": "1234",
    "firstName": "naruto"
}
Request method:	POST
Request URI:	http://qa-scooter.praktikum-services.ru/api/v1/courier/
Proxy:			<none>
Request params:	<none>
Query params:	<none>
Form params:	<none>
Path params:	<none>
Headers:		Accept=application/json, application/javascript, text/javascript, text/json
				Content-Type=application/json
Cookies:		<none>
Multiparts:		<none>
Body:
{
    "login": "vasyamba1",
    "password": "1234",
    "firstName": "naruto"
}
HTTP/1.1 201 Created
Access-Control-Allow-Origin: *
Content-Length: 11
Content-Type: application/json; charset=utf-8
Date: Thu, 02 Jun 2022 14:09:33 GMT
ETag: W/"b-Ai2R8hgEarLmHKwesT1qcY913ys"
Set-Cookie: _yasc=vexgjY1AGebz0fDY3PAvGQSpzODroY4ZhlDTj0KboXh82A==; domain=.praktikum-services.ru; path=/; expires=Sat, 02-Jul-2022 14:09:33 GMT; secure
X-Powered-By: Express
X-Request-Id: 1654178973785455-17354203833084950310

{
    "ok": true
}
HTTP/1.1 201 Created
Access-Control-Allow-Origin: *
Content-Length: 11
Content-Type: application/json; charset=utf-8
Date: Thu, 02 Jun 2022 14:09:33 GMT
ETag: W/"b-Ai2R8hgEarLmHKwesT1qcY913ys"
Set-Cookie: _yasc=vexgjY1AGebz0fDY3PAvGQSpzODroY4ZhlDTj0KboXh82A==; domain=.praktikum-services.ru; path=/; expires=Sat, 02-Jul-2022 14:09:33 GMT; secure
X-Powered-By: Express
X-Request-Id: 1654178973785455-17354203833084950310

{
    "ok": true
}
HTTP/1.1 201 Created
Access-Control-Allow-Origin: *
Content-Length: 11
Content-Type: application/json; charset=utf-8
Date: Thu, 02 Jun 2022 14:09:33 GMT
ETag: W/"b-Ai2R8hgEarLmHKwesT1qcY913ys"
Set-Cookie: _yasc=vexgjY1AGebz0fDY3PAvGQSpzODroY4ZhlDTj0KboXh82A==; domain=.praktikum-services.ru; path=/; expires=Sat, 02-Jul-2022 14:09:33 GMT; secure
X-Powered-By: Express
X-Request-Id: 1654178973785455-17354203833084950310

{
    "ok": true
}
HTTP/1.1 201 Created
Access-Control-Allow-Origin: *
Content-Length: 11
Content-Type: application/json; charset=utf-8
Date: Thu, 02 Jun 2022 14:09:33 GMT
ETag: W/"b-Ai2R8hgEarLmHKwesT1qcY913ys"
Set-Cookie: _yasc=vexgjY1AGebz0fDY3PAvGQSpzODroY4ZhlDTj0KboXh82A==; domain=.praktikum-services.ru; path=/; expires=Sat, 02-Jul-2022 14:09:33 GMT; secure
X-Powered-By: Express
X-Request-Id: 1654178973785455-17354203833084950310

{
    "ok": true
}
HTTP/1.1 201 Created
Access-Control-Allow-Origin: *
Content-Length: 11
Content-Type: application/json; charset=utf-8
Date: Thu, 02 Jun 2022 14:09:33 GMT
ETag: W/"b-Ai2R8hgEarLmHKwesT1qcY913ys"
Set-Cookie: _yasc=vexgjY1AGebz0fDY3PAvGQSpzODroY4ZhlDTj0KboXh82A==; domain=.praktikum-services.ru; path=/; expires=Sat, 02-Jul-2022 14:09:33 GMT; secure
X-Powered-By: Express
X-Request-Id: 1654178973785455-17354203833084950310

{
    "ok": true
}
HTTP/1.1 201 Created
Access-Control-Allow-Origin: *
Content-Length: 11
Content-Type: application/json; charset=utf-8
Date: Thu, 02 Jun 2022 14:09:33 GMT
ETag: W/"b-Ai2R8hgEarLmHKwesT1qcY913ys"
Set-Cookie: _yasc=vexgjY1AGebz0fDY3PAvGQSpzODroY4ZhlDTj0KboXh82A==; domain=.praktikum-services.ru; path=/; expires=Sat, 02-Jul-2022 14:09:33 GMT; secure
X-Powered-By: Express
X-Request-Id: 1654178973785455-17354203833084950310

{
    "ok": true
}
HTTP/1.1 201 Created
Access-Control-Allow-Origin: *
Content-Length: 11
Content-Type: application/json; charset=utf-8
Date: Thu, 02 Jun 2022 14:09:33 GMT
ETag: W/"b-Ai2R8hgEarLmHKwesT1qcY913ys"
Set-Cookie: _yasc=vexgjY1AGebz0fDY3PAvGQSpzODroY4ZhlDTj0KboXh82A==; domain=.praktikum-services.ru; path=/; expires=Sat, 02-Jul-2022 14:09:33 GMT; secure
X-Powered-By: Express
X-Request-Id: 1654178973785455-17354203833084950310

{
    "ok": true
}
HTTP/1.1 201 Created
Access-Control-Allow-Origin: *
Content-Length: 11
Content-Type: application/json; charset=utf-8
Date: Thu, 02 Jun 2022 14:09:33 GMT
ETag: W/"b-Ai2R8hgEarLmHKwesT1qcY913ys"
Set-Cookie: _yasc=vexgjY1AGebz0fDY3PAvGQSpzODroY4ZhlDTj0KboXh82A==; domain=.praktikum-services.ru; path=/; expires=Sat, 02-Jul-2022 14:09:33 GMT; secure
X-Powered-By: Express
X-Request-Id: 1654178973785455-17354203833084950310

{
    "ok": true
}
Request method:	POST
Request URI:	http://qa-scooter.praktikum-services.ru/api/v1/courier/login/
Proxy:			<none>
Request params:	<none>
Query params:	<none>
Form params:	<none>
Path params:	<none>
Headers:		Accept=application/json, application/javascript, text/javascript, text/json
				Content-Type=application/json
Cookies:		<none>
Multiparts:		<none>
Body:
{
    "login": "naruto1",
    "password": "1234"
}
Request method:	POST
Request URI:	http://qa-scooter.praktikum-services.ru/api/v1/courier/login/
Proxy:			<none>
Request params:	<none>
Query params:	<none>
Form params:	<none>
Path params:	<none>
Headers:		Accept=application/json, application/javascript, text/javascript, text/json
				Content-Type=application/json
Cookies:		<none>
Multiparts:		<none>
Body:
{
    "login": "naruto1",
    "password": "1234"
}
Request method:	POST
Request URI:	http://qa-scooter.praktikum-services.ru/api/v1/courier/login/
Proxy:			<none>
Request params:	<none>
Query params:	<none>
Form params:	<none>
Path params:	<none>
Headers:		Accept=application/json, application/javascript, text/javascript, text/json
				Content-Type=application/json
Cookies:		<none>
Multiparts:		<none>
Body:
{
    "login": "naruto1",
    "password": "1234"
}
Request method:	POST
Request URI:	http://qa-scooter.praktikum-services.ru/api/v1/courier/login/
Proxy:			<none>
Request params:	<none>
Query params:	<none>
Form params:	<none>
Path params:	<none>
Headers:		Accept=application/json, application/javascript, text/javascript, text/json
				Content-Type=application/json
Cookies:		<none>
Multiparts:		<none>
Body:
{
    "login": "naruto1",
    "password": "1234"
}
Request method:	POST
Request URI:	http://qa-scooter.praktikum-services.ru/api/v1/courier/login/
Proxy:			<none>
Request params:	<none>
Query params:	<none>
Form params:	<none>
Path params:	<none>
Headers:		Accept=application/json, application/javascript, text/javascript, text/json
				Content-Type=application/json
Cookies:		<none>
Multiparts:		<none>
Body:
{
    "login": "naruto1",
    "password": "1234"
}
Request method:	POST
Request URI:	http://qa-scooter.praktikum-services.ru/api/v1/courier/login/
Proxy:			<none>
Request params:	<none>
Query params:	<none>
Form params:	<none>
Path params:	<none>
Headers:		Accept=application/json, application/javascript, text/javascript, text/json
				Content-Type=application/json
Cookies:		<none>
Multiparts:		<none>
Body:
{
    "login": "naruto1",
    "password": "1234"
}
Request method:	POST
Request URI:	http://qa-scooter.praktikum-services.ru/api/v1/courier/login/
Proxy:			<none>
Request params:	<none>
Query params:	<none>
Form params:	<none>
Path params:	<none>
Headers:		Accept=application/json, application/javascript, text/javascript, text/json
				Content-Type=application/json
Cookies:		<none>
Multiparts:		<none>
Body:
{
    "login": "naruto1",
    "password": "1234"
}
Request method:	POST
Request URI:	http://qa-scooter.praktikum-services.ru/api/v1/courier/login/
Proxy:			<none>
Request params:	<none>
Query params:	<none>
Form params:	<none>
Path params:	<none>
Headers:		Accept=application/json, application/javascript, text/javascript, text/json
				Content-Type=application/json
Cookies:		<none>
Multiparts:		<none>
Body:
{
    "login": "naruto1",
    "password": "1234"
}
Request method:	POST
Request URI:	http://qa-scooter.praktikum-services.ru/api/v1/courier/login/
Proxy:			<none>
Request params:	<none>
Query params:	<none>
Form params:	<none>
Path params:	<none>
Headers:		Accept=application/json, application/javascript, text/javascript, text/json
				Content-Type=application/json
Cookies:		<none>
Multiparts:		<none>
Body:
{
    "login": "naruto1",
    "password": "1234"
}
HTTP/1.1 404 Not Found
Access-Control-Allow-Origin: *
Content-Length: 72
Content-Type: application/json; charset=utf-8
Date: Thu, 02 Jun 2022 14:09:33 GMT
ETag: W/"48-SNOWaDub1LGYtleYI6ITphu8xIQ"
Set-Cookie: _yasc=WjRF0EJfkXvlfAorloCI9mPSitimqHWmj9f8eMbLM2USRg==; domain=.praktikum-services.ru; path=/; expires=Sat, 02-Jul-2022 14:09:33 GMT; secure
X-Powered-By: Express
X-Request-Id: 1654178973887167-4525239798955097158

{
    "code": 404,
    "message": "Учетная запись не найдена"
}
HTTP/1.1 404 Not Found
Access-Control-Allow-Origin: *
Content-Length: 72
Content-Type: application/json; charset=utf-8
Date: Thu, 02 Jun 2022 14:09:33 GMT
ETag: W/"48-SNOWaDub1LGYtleYI6ITphu8xIQ"
Set-Cookie: _yasc=WjRF0EJfkXvlfAorloCI9mPSitimqHWmj9f8eMbLM2USRg==; domain=.praktikum-services.ru; path=/; expires=Sat, 02-Jul-2022 14:09:33 GMT; secure
X-Powered-By: Express
X-Request-Id: 1654178973887167-4525239798955097158

{
    "code": 404,
    "message": "Учетная запись не найдена"
}
HTTP/1.1 404 Not Found
Access-Control-Allow-Origin: *
Content-Length: 72
Content-Type: application/json; charset=utf-8
Date: Thu, 02 Jun 2022 14:09:33 GMT
ETag: W/"48-SNOWaDub1LGYtleYI6ITphu8xIQ"
Set-Cookie: _yasc=WjRF0EJfkXvlfAorloCI9mPSitimqHWmj9f8eMbLM2USRg==; domain=.praktikum-services.ru; path=/; expires=Sat, 02-Jul-2022 14:09:33 GMT; secure
X-Powered-By: Express
X-Request-Id: 1654178973887167-4525239798955097158

{
    "code": 404,
    "message": "Учетная запись не найдена"
}
HTTP/1.1 404 Not Found
Access-Control-Allow-Origin: *
Content-Length: 72
Content-Type: application/json; charset=utf-8
Date: Thu, 02 Jun 2022 14:09:33 GMT
ETag: W/"48-SNOWaDub1LGYtleYI6ITphu8xIQ"
Set-Cookie: _yasc=WjRF0EJfkXvlfAorloCI9mPSitimqHWmj9f8eMbLM2USRg==; domain=.praktikum-services.ru; path=/; expires=Sat, 02-Jul-2022 14:09:33 GMT; secure
X-Powered-By: Express
X-Request-Id: 1654178973887167-4525239798955097158

{
    "code": 404,
    "message": "Учетная запись не найдена"
}
HTTP/1.1 404 Not Found
Access-Control-Allow-Origin: *
Content-Length: 72
Content-Type: application/json; charset=utf-8
Date: Thu, 02 Jun 2022 14:09:33 GMT
ETag: W/"48-SNOWaDub1LGYtleYI6ITphu8xIQ"
Set-Cookie: _yasc=WjRF0EJfkXvlfAorloCI9mPSitimqHWmj9f8eMbLM2USRg==; domain=.praktikum-services.ru; path=/; expires=Sat, 02-Jul-2022 14:09:33 GMT; secure
X-Powered-By: Express
X-Request-Id: 1654178973887167-4525239798955097158

{
    "code": 404,
    "message": "Учетная запись не найдена"
}
HTTP/1.1 404 Not Found
Access-Control-Allow-Origin: *
Content-Length: 72
Content-Type: application/json; charset=utf-8
Date: Thu, 02 Jun 2022 14:09:33 GMT
ETag: W/"48-SNOWaDub1LGYtleYI6ITphu8xIQ"
Set-Cookie: _yasc=WjRF0EJfkXvlfAorloCI9mPSitimqHWmj9f8eMbLM2USRg==; domain=.praktikum-services.ru; path=/; expires=Sat, 02-Jul-2022 14:09:33 GMT; secure
X-Powered-By: Express
X-Request-Id: 1654178973887167-4525239798955097158

{
    "code": 404,
    "message": "Учетная запись не найдена"
}
HTTP/1.1 404 Not Found
Access-Control-Allow-Origin: *
Content-Length: 72
Content-Type: application/json; charset=utf-8
Date: Thu, 02 Jun 2022 14:09:33 GMT
ETag: W/"48-SNOWaDub1LGYtleYI6ITphu8xIQ"
Set-Cookie: _yasc=WjRF0EJfkXvlfAorloCI9mPSitimqHWmj9f8eMbLM2USRg==; domain=.praktikum-services.ru; path=/; expires=Sat, 02-Jul-2022 14:09:33 GMT; secure
X-Powered-By: Express
X-Request-Id: 1654178973887167-4525239798955097158

{
    "code": 404,
    "message": "Учетная запись не найдена"
}
HTTP/1.1 404 Not Found
Access-Control-Allow-Origin: *
Content-Length: 72
Content-Type: application/json; charset=utf-8
Date: Thu, 02 Jun 2022 14:09:33 GMT
ETag: W/"48-SNOWaDub1LGYtleYI6ITphu8xIQ"
Set-Cookie: _yasc=WjRF0EJfkXvlfAorloCI9mPSitimqHWmj9f8eMbLM2USRg==; domain=.praktikum-services.ru; path=/; expires=Sat, 02-Jul-2022 14:09:33 GMT; secure
X-Powered-By: Express
X-Request-Id: 1654178973887167-4525239798955097158

{
    "code": 404,
    "message": "Учетная запись не найдена"
}
HTTP/1.1 404 Not Found
Access-Control-Allow-Origin: *
Content-Length: 72
Content-Type: application/json; charset=utf-8
Date: Thu, 02 Jun 2022 14:09:33 GMT
ETag: W/"48-SNOWaDub1LGYtleYI6ITphu8xIQ"
Set-Cookie: _yasc=WjRF0EJfkXvlfAorloCI9mPSitimqHWmj9f8eMbLM2USRg==; domain=.praktikum-services.ru; path=/; expires=Sat, 02-Jul-2022 14:09:33 GMT; secure
X-Powered-By: Express
X-Request-Id: 1654178973887167-4525239798955097158

{
    "code": 404,
    "message": "Учетная запись не найдена"
}
Request method:	POST
Request URI:	http://qa-scooter.praktikum-services.ru/api/v1/courier/login/
Proxy:			<none>
Request params:	<none>
Query params:	<none>
Form params:	<none>
Path params:	<none>
Headers:		Accept=application/json, application/javascript, text/javascript, text/json
				Content-Type=application/json
Cookies:		<none>
Multiparts:		<none>
Body:
{
    "login": "vasyamba1",
    "password": "1234"
}
Request method:	POST
Request URI:	http://qa-scooter.praktikum-services.ru/api/v1/courier/login/
Proxy:			<none>
Request params:	<none>
Query params:	<none>
Form params:	<none>
Path params:	<none>
Headers:		Accept=application/json, application/javascript, text/javascript, text/json
				Content-Type=application/json
Cookies:		<none>
Multiparts:		<none>
Body:
{
    "login": "vasyamba1",
    "password": "1234"
}
Request method:	POST
Request URI:	http://qa-scooter.praktikum-services.ru/api/v1/courier/login/
Proxy:			<none>
Request params:	<none>
Query params:	<none>
Form params:	<none>
Path params:	<none>
Headers:		Accept=application/json, application/javascript, text/javascript, text/json
				Content-Type=application/json
Cookies:		<none>
Multiparts:		<none>
Body:
{
    "login": "vasyamba1",
    "password": "1234"
}
Request method:	POST
Request URI:	http://qa-scooter.praktikum-services.ru/api/v1/courier/login/
Proxy:			<none>
Request params:	<none>
Query params:	<none>
Form params:	<none>
Path params:	<none>
Headers:		Accept=application/json, application/javascript, text/javascript, text/json
				Content-Type=application/json
Cookies:		<none>
Multiparts:		<none>
Body:
{
    "login": "vasyamba1",
    "password": "1234"
}
Request method:	POST
Request URI:	http://qa-scooter.praktikum-services.ru/api/v1/courier/login/
Proxy:			<none>
Request params:	<none>
Query params:	<none>
Form params:	<none>
Path params:	<none>
Headers:		Accept=application/json, application/javascript, text/javascript, text/json
				Content-Type=application/json
Cookies:		<none>
Multiparts:		<none>
Body:
{
    "login": "vasyamba1",
    "password": "1234"
}
Request method:	POST
Request URI:	http://qa-scooter.praktikum-services.ru/api/v1/courier/login/
Proxy:			<none>
Request params:	<none>
Query params:	<none>
Form params:	<none>
Path params:	<none>
Headers:		Accept=application/json, application/javascript, text/javascript, text/json
				Content-Type=application/json
Cookies:		<none>
Multiparts:		<none>
Body:
{
    "login": "vasyamba1",
    "password": "1234"
}
Request method:	POST
Request URI:	http://qa-scooter.praktikum-services.ru/api/v1/courier/login/
Proxy:			<none>
Request params:	<none>
Query params:	<none>
Form params:	<none>
Path params:	<none>
Headers:		Accept=application/json, application/javascript, text/javascript, text/json
				Content-Type=application/json
Cookies:		<none>
Multiparts:		<none>
Body:
{
    "login": "vasyamba1",
    "password": "1234"
}
Request method:	POST
Request URI:	http://qa-scooter.praktikum-services.ru/api/v1/courier/login/
Proxy:			<none>
Request params:	<none>
Query params:	<none>
Form params:	<none>
Path params:	<none>
Headers:		Accept=application/json, application/javascript, text/javascript, text/json
				Content-Type=application/json
Cookies:		<none>
Multiparts:		<none>
Body:
{
    "login": "vasyamba1",
    "password": "1234"
}
Request method:	POST
Request URI:	http://qa-scooter.praktikum-services.ru/api/v1/courier/login/
Proxy:			<none>
Request params:	<none>
Query params:	<none>
Form params:	<none>
Path params:	<none>
Headers:		Accept=application/json, application/javascript, text/javascript, text/json
				Content-Type=application/json
Cookies:		<none>
Multiparts:		<none>
Body:
{
    "login": "vasyamba1",
    "password": "1234"
}
Request method:	POST
Request URI:	http://qa-scooter.praktikum-services.ru/api/v1/courier/login/
Proxy:			<none>
Request params:	<none>
Query params:	<none>
Form params:	<none>
Path params:	<none>
Headers:		Accept=application/json, application/javascript, text/javascript, text/json
				Content-Type=application/json
Cookies:		<none>
Multiparts:		<none>
Body:
{
    "login": "vasyamba1",
    "password": "1234"
}
HTTP/1.1 200 OK
Access-Control-Allow-Origin: *
Content-Length: 12
Content-Type: application/json; charset=utf-8
Date: Thu, 02 Jun 2022 14:09:34 GMT
ETag: W/"c-TzMo9CGpZsGPUO6rL1iejn4kM1A"
Set-Cookie: _yasc=rlv8M59m2zQUEqzpxYUDvueDi1qK0da4UiQpNo40APyIyQ==; domain=.praktikum-services.ru; path=/; expires=Sat, 02-Jul-2022 14:09:34 GMT; secure
X-Powered-By: Express
X-Request-Id: 1654178974042625-12089425938673811467

{
    "id": 76284
}
HTTP/1.1 200 OK
Access-Control-Allow-Origin: *
Content-Length: 12
Content-Type: application/json; charset=utf-8
Date: Thu, 02 Jun 2022 14:09:34 GMT
ETag: W/"c-TzMo9CGpZsGPUO6rL1iejn4kM1A"
Set-Cookie: _yasc=rlv8M59m2zQUEqzpxYUDvueDi1qK0da4UiQpNo40APyIyQ==; domain=.praktikum-services.ru; path=/; expires=Sat, 02-Jul-2022 14:09:34 GMT; secure
X-Powered-By: Express
X-Request-Id: 1654178974042625-12089425938673811467

{
    "id": 76284
}
HTTP/1.1 200 OK
Access-Control-Allow-Origin: *
Content-Length: 12
Content-Type: application/json; charset=utf-8
Date: Thu, 02 Jun 2022 14:09:34 GMT
ETag: W/"c-TzMo9CGpZsGPUO6rL1iejn4kM1A"
Set-Cookie: _yasc=rlv8M59m2zQUEqzpxYUDvueDi1qK0da4UiQpNo40APyIyQ==; domain=.praktikum-services.ru; path=/; expires=Sat, 02-Jul-2022 14:09:34 GMT; secure
X-Powered-By: Express
X-Request-Id: 1654178974042625-12089425938673811467

{
    "id": 76284
}
HTTP/1.1 200 OK
Access-Control-Allow-Origin: *
Content-Length: 12
Content-Type: application/json; charset=utf-8
Date: Thu, 02 Jun 2022 14:09:34 GMT
ETag: W/"c-TzMo9CGpZsGPUO6rL1iejn4kM1A"
Set-Cookie: _yasc=rlv8M59m2zQUEqzpxYUDvueDi1qK0da4UiQpNo40APyIyQ==; domain=.praktikum-services.ru; path=/; expires=Sat, 02-Jul-2022 14:09:34 GMT; secure
X-Powered-By: Express
X-Request-Id: 1654178974042625-12089425938673811467

{
    "id": 76284
}
HTTP/1.1 200 OK
Access-Control-Allow-Origin: *
Content-Length: 12
Content-Type: application/json; charset=utf-8
Date: Thu, 02 Jun 2022 14:09:34 GMT
ETag: W/"c-TzMo9CGpZsGPUO6rL1iejn4kM1A"
Set-Cookie: _yasc=rlv8M59m2zQUEqzpxYUDvueDi1qK0da4UiQpNo40APyIyQ==; domain=.praktikum-services.ru; path=/; expires=Sat, 02-Jul-2022 14:09:34 GMT; secure
X-Powered-By: Express
X-Request-Id: 1654178974042625-12089425938673811467

{
    "id": 76284
}
HTTP/1.1 200 OK
Access-Control-Allow-Origin: *
Content-Length: 12
Content-Type: application/json; charset=utf-8
Date: Thu, 02 Jun 2022 14:09:34 GMT
ETag: W/"c-TzMo9CGpZsGPUO6rL1iejn4kM1A"
Set-Cookie: _yasc=rlv8M59m2zQUEqzpxYUDvueDi1qK0da4UiQpNo40APyIyQ==; domain=.praktikum-services.ru; path=/; expires=Sat, 02-Jul-2022 14:09:34 GMT; secure
X-Powered-By: Express
X-Request-Id: 1654178974042625-12089425938673811467

{
    "id": 76284
}
HTTP/1.1 200 OK
Access-Control-Allow-Origin: *
Content-Length: 12
Content-Type: application/json; charset=utf-8
Date: Thu, 02 Jun 2022 14:09:34 GMT
ETag: W/"c-TzMo9CGpZsGPUO6rL1iejn4kM1A"
Set-Cookie: _yasc=rlv8M59m2zQUEqzpxYUDvueDi1qK0da4UiQpNo40APyIyQ==; domain=.praktikum-services.ru; path=/; expires=Sat, 02-Jul-2022 14:09:34 GMT; secure
X-Powered-By: Express
X-Request-Id: 1654178974042625-12089425938673811467

{
    "id": 76284
}
HTTP/1.1 200 OK
Access-Control-Allow-Origin: *
Content-Length: 12
Content-Type: application/json; charset=utf-8
Date: Thu, 02 Jun 2022 14:09:34 GMT
ETag: W/"c-TzMo9CGpZsGPUO6rL1iejn4kM1A"
Set-Cookie: _yasc=rlv8M59m2zQUEqzpxYUDvueDi1qK0da4UiQpNo40APyIyQ==; domain=.praktikum-services.ru; path=/; expires=Sat, 02-Jul-2022 14:09:34 GMT; secure
X-Powered-By: Express
X-Request-Id: 1654178974042625-12089425938673811467

{
    "id": 76284
}
HTTP/1.1 200 OK
Access-Control-Allow-Origin: *
Content-Length: 12
Content-Type: application/json; charset=utf-8
Date: Thu, 02 Jun 2022 14:09:34 GMT
ETag: W/"c-TzMo9CGpZsGPUO6rL1iejn4kM1A"
Set-Cookie: _yasc=rlv8M59m2zQUEqzpxYUDvueDi1qK0da4UiQpNo40APyIyQ==; domain=.praktikum-services.ru; path=/; expires=Sat, 02-Jul-2022 14:09:34 GMT; secure
X-Powered-By: Express
X-Request-Id: 1654178974042625-12089425938673811467

{
    "id": 76284
}
HTTP/1.1 200 OK
Access-Control-Allow-Origin: *
Content-Length: 12
Content-Type: application/json; charset=utf-8
Date: Thu, 02 Jun 2022 14:09:34 GMT
ETag: W/"c-TzMo9CGpZsGPUO6rL1iejn4kM1A"
Set-Cookie: _yasc=rlv8M59m2zQUEqzpxYUDvueDi1qK0da4UiQpNo40APyIyQ==; domain=.praktikum-services.ru; path=/; expires=Sat, 02-Jul-2022 14:09:34 GMT; secure
X-Powered-By: Express
X-Request-Id: 1654178974042625-12089425938673811467

{
    "id": 76284
}
Request method:	DELETE
Request URI:	http://qa-scooter.praktikum-services.ru/api/v1/courier/76284
Proxy:			<none>
Request params:	<none>
Query params:	<none>
Form params:	<none>
Path params:	<none>
Headers:		Accept=application/json, application/javascript, text/javascript, text/json
				Content-Type=application/json
Cookies:		<none>
Multiparts:		<none>
Body:			<none>
Request method:	DELETE
Request URI:	http://qa-scooter.praktikum-services.ru/api/v1/courier/76284
Proxy:			<none>
Request params:	<none>
Query params:	<none>
Form params:	<none>
Path params:	<none>
Headers:		Accept=application/json, application/javascript, text/javascript, text/json
				Content-Type=application/json
Cookies:		<none>
Multiparts:		<none>
Body:			<none>
Request method:	DELETE
Request URI:	http://qa-scooter.praktikum-services.ru/api/v1/courier/76284
Proxy:			<none>
Request params:	<none>
Query params:	<none>
Form params:	<none>
Path params:	<none>
Headers:		Accept=application/json, application/javascript, text/javascript, text/json
				Content-Type=application/json
Cookies:		<none>
Multiparts:		<none>
Body:			<none>
Request method:	DELETE
Request URI:	http://qa-scooter.praktikum-services.ru/api/v1/courier/76284
Proxy:			<none>
Request params:	<none>
Query params:	<none>
Form params:	<none>
Path params:	<none>
Headers:		Accept=application/json, application/javascript, text/javascript, text/json
				Content-Type=application/json
Cookies:		<none>
Multiparts:		<none>
Body:			<none>
Request method:	DELETE
Request URI:	http://qa-scooter.praktikum-services.ru/api/v1/courier/76284
Proxy:			<none>
Request params:	<none>
Query params:	<none>
Form params:	<none>
Path params:	<none>
Headers:		Accept=application/json, application/javascript, text/javascript, text/json
				Content-Type=application/json
Cookies:		<none>
Multiparts:		<none>
Body:			<none>
Request method:	DELETE
Request URI:	http://qa-scooter.praktikum-services.ru/api/v1/courier/76284
Proxy:			<none>
Request params:	<none>
Query params:	<none>
Form params:	<none>
Path params:	<none>
Headers:		Accept=application/json, application/javascript, text/javascript, text/json
				Content-Type=application/json
Cookies:		<none>
Multiparts:		<none>
Body:			<none>
Request method:	DELETE
Request URI:	http://qa-scooter.praktikum-services.ru/api/v1/courier/76284
Proxy:			<none>
Request params:	<none>
Query params:	<none>
Form params:	<none>
Path params:	<none>
Headers:		Accept=application/json, application/javascript, text/javascript, text/json
				Content-Type=application/json
Cookies:		<none>
Multiparts:		<none>
Body:			<none>
Request method:	DELETE
Request URI:	http://qa-scooter.praktikum-services.ru/api/v1/courier/76284
Proxy:			<none>
Request params:	<none>
Query params:	<none>
Form params:	<none>
Path params:	<none>
Headers:		Accept=application/json, application/javascript, text/javascript, text/json
				Content-Type=application/json
Cookies:		<none>
Multiparts:		<none>
Body:			<none>
Request method:	DELETE
Request URI:	http://qa-scooter.praktikum-services.ru/api/v1/courier/76284
Proxy:			<none>
Request params:	<none>
Query params:	<none>
Form params:	<none>
Path params:	<none>
Headers:		Accept=application/json, application/javascript, text/javascript, text/json
				Content-Type=application/json
Cookies:		<none>
Multiparts:		<none>
Body:			<none>
Request method:	DELETE
Request URI:	http://qa-scooter.praktikum-services.ru/api/v1/courier/76284
Proxy:			<none>
Request params:	<none>
Query params:	<none>
Form params:	<none>
Path params:	<none>
Headers:		Accept=application/json, application/javascript, text/javascript, text/json
				Content-Type=application/json
Cookies:		<none>
Multiparts:		<none>
Body:			<none>
HTTP/1.1 200 OK
Access-Control-Allow-Origin: *
Content-Length: 11
Content-Type: application/json; charset=utf-8
Date: Thu, 02 Jun 2022 14:09:34 GMT
ETag: W/"b-Ai2R8hgEarLmHKwesT1qcY913ys"
Set-Cookie: _yasc=HEcMmGHAYE35JyFNVWFjuQJY/zv5U4M18w0xr6hjxzeIRg==; domain=.praktikum-services.ru; path=/; expires=Sat, 02-Jul-2022 14:09:34 GMT; secure
X-Powered-By: Express
X-Request-Id: 1654178974185053-13851836188474527844

{
    "ok": true
}
HTTP/1.1 200 OK
Access-Control-Allow-Origin: *
Content-Length: 11
Content-Type: application/json; charset=utf-8
Date: Thu, 02 Jun 2022 14:09:34 GMT
ETag: W/"b-Ai2R8hgEarLmHKwesT1qcY913ys"
Set-Cookie: _yasc=HEcMmGHAYE35JyFNVWFjuQJY/zv5U4M18w0xr6hjxzeIRg==; domain=.praktikum-services.ru; path=/; expires=Sat, 02-Jul-2022 14:09:34 GMT; secure
X-Powered-By: Express
X-Request-Id: 1654178974185053-13851836188474527844

{
    "ok": true
}
HTTP/1.1 200 OK
Access-Control-Allow-Origin: *
Content-Length: 11
Content-Type: application/json; charset=utf-8
Date: Thu, 02 Jun 2022 14:09:34 GMT
ETag: W/"b-Ai2R8hgEarLmHKwesT1qcY913ys"
Set-Cookie: _yasc=HEcMmGHAYE35JyFNVWFjuQJY/zv5U4M18w0xr6hjxzeIRg==; domain=.praktikum-services.ru; path=/; expires=Sat, 02-Jul-2022 14:09:34 GMT; secure
X-Powered-By: Express
X-Request-Id: 1654178974185053-13851836188474527844

{
    "ok": true
}
HTTP/1.1 200 OK
Access-Control-Allow-Origin: *
Content-Length: 11
Content-Type: application/json; charset=utf-8
Date: Thu, 02 Jun 2022 14:09:34 GMT
ETag: W/"b-Ai2R8hgEarLmHKwesT1qcY913ys"
Set-Cookie: _yasc=HEcMmGHAYE35JyFNVWFjuQJY/zv5U4M18w0xr6hjxzeIRg==; domain=.praktikum-services.ru; path=/; expires=Sat, 02-Jul-2022 14:09:34 GMT; secure
X-Powered-By: Express
X-Request-Id: 1654178974185053-13851836188474527844

{
    "ok": true
}
HTTP/1.1 200 OK
Access-Control-Allow-Origin: *
Content-Length: 11
Content-Type: application/json; charset=utf-8
Date: Thu, 02 Jun 2022 14:09:34 GMT
ETag: W/"b-Ai2R8hgEarLmHKwesT1qcY913ys"
Set-Cookie: _yasc=HEcMmGHAYE35JyFNVWFjuQJY/zv5U4M18w0xr6hjxzeIRg==; domain=.praktikum-services.ru; path=/; expires=Sat, 02-Jul-2022 14:09:34 GMT; secure
X-Powered-By: Express
X-Request-Id: 1654178974185053-13851836188474527844

{
    "ok": true
}
HTTP/1.1 200 OK
Access-Control-Allow-Origin: *
Content-Length: 11
Content-Type: application/json; charset=utf-8
Date: Thu, 02 Jun 2022 14:09:34 GMT
ETag: W/"b-Ai2R8hgEarLmHKwesT1qcY913ys"
Set-Cookie: _yasc=HEcMmGHAYE35JyFNVWFjuQJY/zv5U4M18w0xr6hjxzeIRg==; domain=.praktikum-services.ru; path=/; expires=Sat, 02-Jul-2022 14:09:34 GMT; secure
X-Powered-By: Express
X-Request-Id: 1654178974185053-13851836188474527844

{
    "ok": true
}
HTTP/1.1 200 OK
Access-Control-Allow-Origin: *
Content-Length: 11
Content-Type: application/json; charset=utf-8
Date: Thu, 02 Jun 2022 14:09:34 GMT
ETag: W/"b-Ai2R8hgEarLmHKwesT1qcY913ys"
Set-Cookie: _yasc=HEcMmGHAYE35JyFNVWFjuQJY/zv5U4M18w0xr6hjxzeIRg==; domain=.praktikum-services.ru; path=/; expires=Sat, 02-Jul-2022 14:09:34 GMT; secure
X-Powered-By: Express
X-Request-Id: 1654178974185053-13851836188474527844

{
    "ok": true
}
HTTP/1.1 200 OK
Access-Control-Allow-Origin: *
Content-Length: 11
Content-Type: application/json; charset=utf-8
Date: Thu, 02 Jun 2022 14:09:34 GMT
ETag: W/"b-Ai2R8hgEarLmHKwesT1qcY913ys"
Set-Cookie: _yasc=HEcMmGHAYE35JyFNVWFjuQJY/zv5U4M18w0xr6hjxzeIRg==; domain=.praktikum-services.ru; path=/; expires=Sat, 02-Jul-2022 14:09:34 GMT; secure
X-Powered-By: Express
X-Request-Id: 1654178974185053-13851836188474527844

{
    "ok": true
}
HTTP/1.1 200 OK
Access-Control-Allow-Origin: *
Content-Length: 11
Content-Type: application/json; charset=utf-8
Date: Thu, 02 Jun 2022 14:09:34 GMT
ETag: W/"b-Ai2R8hgEarLmHKwesT1qcY913ys"
Set-Cookie: _yasc=HEcMmGHAYE35JyFNVWFjuQJY/zv5U4M18w0xr6hjxzeIRg==; domain=.praktikum-services.ru; path=/; expires=Sat, 02-Jul-2022 14:09:34 GMT; secure
X-Powered-By: Express
X-Request-Id: 1654178974185053-13851836188474527844

{
    "ok": true
}
HTTP/1.1 200 OK
Access-Control-Allow-Origin: *
Content-Length: 11
Content-Type: application/json; charset=utf-8
Date: Thu, 02 Jun 2022 14:09:34 GMT
ETag: W/"b-Ai2R8hgEarLmHKwesT1qcY913ys"
Set-Cookie: _yasc=HEcMmGHAYE35JyFNVWFjuQJY/zv5U4M18w0xr6hjxzeIRg==; domain=.praktikum-services.ru; path=/; expires=Sat, 02-Jul-2022 14:09:34 GMT; secure
X-Powered-By: Express
X-Request-Id: 1654178974185053-13851836188474527844

{
    "ok": true
}
]]></system-out>
  </testcase>
  <testcase name="loginCourierTest" classname="LoginCourierTest" time="0.899">
    <system-out><![CDATA[Request method:	POST
Request URI:	http://qa-scooter.praktikum-services.ru/api/v1/courier/
Proxy:			<none>
Request params:	<none>
Query params:	<none>
Form params:	<none>
Path params:	<none>
Headers:		Accept=application/json, application/javascript, text/javascript, text/json
				Content-Type=application/json
Cookies:		<none>
Multiparts:		<none>
Body:
{
    "login": "vasyamba1",
    "password": "1234",
    "firstName": "naruto"
}
Request method:	POST
Request URI:	http://qa-scooter.praktikum-services.ru/api/v1/courier/
Proxy:			<none>
Request params:	<none>
Query params:	<none>
Form params:	<none>
Path params:	<none>
Headers:		Accept=application/json, application/javascript, text/javascript, text/json
				Content-Type=application/json
Cookies:		<none>
Multiparts:		<none>
Body:
{
    "login": "vasyamba1",
    "password": "1234",
    "firstName": "naruto"
}
Request method:	POST
Request URI:	http://qa-scooter.praktikum-services.ru/api/v1/courier/
Proxy:			<none>
Request params:	<none>
Query params:	<none>
Form params:	<none>
Path params:	<none>
Headers:		Accept=application/json, application/javascript, text/javascript, text/json
				Content-Type=application/json
Cookies:		<none>
Multiparts:		<none>
Body:
{
    "login": "vasyamba1",
    "password": "1234",
    "firstName": "naruto"
}
Request method:	POST
Request URI:	http://qa-scooter.praktikum-services.ru/api/v1/courier/
Proxy:			<none>
Request params:	<none>
Query params:	<none>
Form params:	<none>
Path params:	<none>
Headers:		Accept=application/json, application/javascript, text/javascript, text/json
				Content-Type=application/json
Cookies:		<none>
Multiparts:		<none>
Body:
{
    "login": "vasyamba1",
    "password": "1234",
    "firstName": "naruto"
}
Request method:	POST
Request URI:	http://qa-scooter.praktikum-services.ru/api/v1/courier/
Proxy:			<none>
Request params:	<none>
Query params:	<none>
Form params:	<none>
Path params:	<none>
Headers:		Accept=application/json, application/javascript, text/javascript, text/json
				Content-Type=application/json
Cookies:		<none>
Multiparts:		<none>
Body:
{
    "login": "vasyamba1",
    "password": "1234",
    "firstName": "naruto"
}
Request method:	POST
Request URI:	http://qa-scooter.praktikum-services.ru/api/v1/courier/
Proxy:			<none>
Request params:	<none>
Query params:	<none>
Form params:	<none>
Path params:	<none>
Headers:		Accept=application/json, application/javascript, text/javascript, text/json
				Content-Type=application/json
Cookies:		<none>
Multiparts:		<none>
Body:
{
    "login": "vasyamba1",
    "password": "1234",
    "firstName": "naruto"
}
Request method:	POST
Request URI:	http://qa-scooter.praktikum-services.ru/api/v1/courier/
Proxy:			<none>
Request params:	<none>
Query params:	<none>
Form params:	<none>
Path params:	<none>
Headers:		Accept=application/json, application/javascript, text/javascript, text/json
				Content-Type=application/json
Cookies:		<none>
Multiparts:		<none>
Body:
{
    "login": "vasyamba1",
    "password": "1234",
    "firstName": "naruto"
}
Request method:	POST
Request URI:	http://qa-scooter.praktikum-services.ru/api/v1/courier/
Proxy:			<none>
Request params:	<none>
Query params:	<none>
Form params:	<none>
Path params:	<none>
Headers:		Accept=application/json, application/javascript, text/javascript, text/json
				Content-Type=application/json
Cookies:		<none>
Multiparts:		<none>
Body:
{
    "login": "vasyamba1",
    "password": "1234",
    "firstName": "naruto"
}
Request method:	POST
Request URI:	http://qa-scooter.praktikum-services.ru/api/v1/courier/
Proxy:			<none>
Request params:	<none>
Query params:	<none>
Form params:	<none>
Path params:	<none>
Headers:		Accept=application/json, application/javascript, text/javascript, text/json
				Content-Type=application/json
Cookies:		<none>
Multiparts:		<none>
Body:
{
    "login": "vasyamba1",
    "password": "1234",
    "firstName": "naruto"
}
Request method:	POST
Request URI:	http://qa-scooter.praktikum-services.ru/api/v1/courier/
Proxy:			<none>
Request params:	<none>
Query params:	<none>
Form params:	<none>
Path params:	<none>
Headers:		Accept=application/json, application/javascript, text/javascript, text/json
				Content-Type=application/json
Cookies:		<none>
Multiparts:		<none>
Body:
{
    "login": "vasyamba1",
    "password": "1234",
    "firstName": "naruto"
}
Request method:	POST
Request URI:	http://qa-scooter.praktikum-services.ru/api/v1/courier/
Proxy:			<none>
Request params:	<none>
Query params:	<none>
Form params:	<none>
Path params:	<none>
Headers:		Accept=application/json, application/javascript, text/javascript, text/json
				Content-Type=application/json
Cookies:		<none>
Multiparts:		<none>
Body:
{
    "login": "vasyamba1",
    "password": "1234",
    "firstName": "naruto"
}
HTTP/1.1 201 Created
Access-Control-Allow-Origin: *
Content-Length: 11
Content-Type: application/json; charset=utf-8
Date: Thu, 02 Jun 2022 14:09:34 GMT
ETag: W/"b-Ai2R8hgEarLmHKwesT1qcY913ys"
Set-Cookie: _yasc=lNk8Pw5+PC4ubJwPM+2rzsl3RXfq5JOSe1i6oA7urMW1OA==; domain=.praktikum-services.ru; path=/; expires=Sat, 02-Jul-2022 14:09:34 GMT; secure
X-Powered-By: Express
X-Request-Id: 1654178974389521-2458359634969824713

{
    "ok": true
}
HTTP/1.1 201 Created
Access-Control-Allow-Origin: *
Content-Length: 11
Content-Type: application/json; charset=utf-8
Date: Thu, 02 Jun 2022 14:09:34 GMT
ETag: W/"b-Ai2R8hgEarLmHKwesT1qcY913ys"
Set-Cookie: _yasc=lNk8Pw5+PC4ubJwPM+2rzsl3RXfq5JOSe1i6oA7urMW1OA==; domain=.praktikum-services.ru; path=/; expires=Sat, 02-Jul-2022 14:09:34 GMT; secure
X-Powered-By: Express
X-Request-Id: 1654178974389521-2458359634969824713

{
    "ok": true
}
HTTP/1.1 201 Created
Access-Control-Allow-Origin: *
Content-Length: 11
Content-Type: application/json; charset=utf-8
Date: Thu, 02 Jun 2022 14:09:34 GMT
ETag: W/"b-Ai2R8hgEarLmHKwesT1qcY913ys"
Set-Cookie: _yasc=lNk8Pw5+PC4ubJwPM+2rzsl3RXfq5JOSe1i6oA7urMW1OA==; domain=.praktikum-services.ru; path=/; expires=Sat, 02-Jul-2022 14:09:34 GMT; secure
X-Powered-By: Express
X-Request-Id: 1654178974389521-2458359634969824713

{
    "ok": true
}
HTTP/1.1 201 Created
Access-Control-Allow-Origin: *
Content-Length: 11
Content-Type: application/json; charset=utf-8
Date: Thu, 02 Jun 2022 14:09:34 GMT
ETag: W/"b-Ai2R8hgEarLmHKwesT1qcY913ys"
Set-Cookie: _yasc=lNk8Pw5+PC4ubJwPM+2rzsl3RXfq5JOSe1i6oA7urMW1OA==; domain=.praktikum-services.ru; path=/; expires=Sat, 02-Jul-2022 14:09:34 GMT; secure
X-Powered-By: Express
X-Request-Id: 1654178974389521-2458359634969824713

{
    "ok": true
}
HTTP/1.1 201 Created
Access-Control-Allow-Origin: *
Content-Length: 11
Content-Type: application/json; charset=utf-8
Date: Thu, 02 Jun 2022 14:09:34 GMT
ETag: W/"b-Ai2R8hgEarLmHKwesT1qcY913ys"
Set-Cookie: _yasc=lNk8Pw5+PC4ubJwPM+2rzsl3RXfq5JOSe1i6oA7urMW1OA==; domain=.praktikum-services.ru; path=/; expires=Sat, 02-Jul-2022 14:09:34 GMT; secure
X-Powered-By: Express
X-Request-Id: 1654178974389521-2458359634969824713

{
    "ok": true
}
HTTP/1.1 201 Created
Access-Control-Allow-Origin: *
Content-Length: 11
Content-Type: application/json; charset=utf-8
Date: Thu, 02 Jun 2022 14:09:34 GMT
ETag: W/"b-Ai2R8hgEarLmHKwesT1qcY913ys"
Set-Cookie: _yasc=lNk8Pw5+PC4ubJwPM+2rzsl3RXfq5JOSe1i6oA7urMW1OA==; domain=.praktikum-services.ru; path=/; expires=Sat, 02-Jul-2022 14:09:34 GMT; secure
X-Powered-By: Express
X-Request-Id: 1654178974389521-2458359634969824713

{
    "ok": true
}
HTTP/1.1 201 Created
Access-Control-Allow-Origin: *
Content-Length: 11
Content-Type: application/json; charset=utf-8
Date: Thu, 02 Jun 2022 14:09:34 GMT
ETag: W/"b-Ai2R8hgEarLmHKwesT1qcY913ys"
Set-Cookie: _yasc=lNk8Pw5+PC4ubJwPM+2rzsl3RXfq5JOSe1i6oA7urMW1OA==; domain=.praktikum-services.ru; path=/; expires=Sat, 02-Jul-2022 14:09:34 GMT; secure
X-Powered-By: Express
X-Request-Id: 1654178974389521-2458359634969824713

{
    "ok": true
}
HTTP/1.1 201 Created
Access-Control-Allow-Origin: *
Content-Length: 11
Content-Type: application/json; charset=utf-8
Date: Thu, 02 Jun 2022 14:09:34 GMT
ETag: W/"b-Ai2R8hgEarLmHKwesT1qcY913ys"
Set-Cookie: _yasc=lNk8Pw5+PC4ubJwPM+2rzsl3RXfq5JOSe1i6oA7urMW1OA==; domain=.praktikum-services.ru; path=/; expires=Sat, 02-Jul-2022 14:09:34 GMT; secure
X-Powered-By: Express
X-Request-Id: 1654178974389521-2458359634969824713

{
    "ok": true
}
HTTP/1.1 201 Created
Access-Control-Allow-Origin: *
Content-Length: 11
Content-Type: application/json; charset=utf-8
Date: Thu, 02 Jun 2022 14:09:34 GMT
ETag: W/"b-Ai2R8hgEarLmHKwesT1qcY913ys"
Set-Cookie: _yasc=lNk8Pw5+PC4ubJwPM+2rzsl3RXfq5JOSe1i6oA7urMW1OA==; domain=.praktikum-services.ru; path=/; expires=Sat, 02-Jul-2022 14:09:34 GMT; secure
X-Powered-By: Express
X-Request-Id: 1654178974389521-2458359634969824713

{
    "ok": true
}
HTTP/1.1 201 Created
Access-Control-Allow-Origin: *
Content-Length: 11
Content-Type: application/json; charset=utf-8
Date: Thu, 02 Jun 2022 14:09:34 GMT
ETag: W/"b-Ai2R8hgEarLmHKwesT1qcY913ys"
Set-Cookie: _yasc=lNk8Pw5+PC4ubJwPM+2rzsl3RXfq5JOSe1i6oA7urMW1OA==; domain=.praktikum-services.ru; path=/; expires=Sat, 02-Jul-2022 14:09:34 GMT; secure
X-Powered-By: Express
X-Request-Id: 1654178974389521-2458359634969824713

{
    "ok": true
}
HTTP/1.1 201 Created
Access-Control-Allow-Origin: *
Content-Length: 11
Content-Type: application/json; charset=utf-8
Date: Thu, 02 Jun 2022 14:09:34 GMT
ETag: W/"b-Ai2R8hgEarLmHKwesT1qcY913ys"
Set-Cookie: _yasc=lNk8Pw5+PC4ubJwPM+2rzsl3RXfq5JOSe1i6oA7urMW1OA==; domain=.praktikum-services.ru; path=/; expires=Sat, 02-Jul-2022 14:09:34 GMT; secure
X-Powered-By: Express
X-Request-Id: 1654178974389521-2458359634969824713

{
    "ok": true
}
Request method:	POST
Request URI:	http://qa-scooter.praktikum-services.ru/api/v1/courier/login/
Proxy:			<none>
Request params:	<none>
Query params:	<none>
Form params:	<none>
Path params:	<none>
Headers:		Accept=application/json, application/javascript, text/javascript, text/json
				Content-Type=application/json
Cookies:		<none>
Multiparts:		<none>
Body:
{
    "login": "vasyamba1",
    "password": "1234"
}
Request method:	POST
Request URI:	http://qa-scooter.praktikum-services.ru/api/v1/courier/login/
Proxy:			<none>
Request params:	<none>
Query params:	<none>
Form params:	<none>
Path params:	<none>
Headers:		Accept=application/json, application/javascript, text/javascript, text/json
				Content-Type=application/json
Cookies:		<none>
Multiparts:		<none>
Body:
{
    "login": "vasyamba1",
    "password": "1234"
}
Request method:	POST
Request URI:	http://qa-scooter.praktikum-services.ru/api/v1/courier/login/
Proxy:			<none>
Request params:	<none>
Query params:	<none>
Form params:	<none>
Path params:	<none>
Headers:		Accept=application/json, application/javascript, text/javascript, text/json
				Content-Type=application/json
Cookies:		<none>
Multiparts:		<none>
Body:
{
    "login": "vasyamba1",
    "password": "1234"
}
Request method:	POST
Request URI:	http://qa-scooter.praktikum-services.ru/api/v1/courier/login/
Proxy:			<none>
Request params:	<none>
Query params:	<none>
Form params:	<none>
Path params:	<none>
Headers:		Accept=application/json, application/javascript, text/javascript, text/json
				Content-Type=application/json
Cookies:		<none>
Multiparts:		<none>
Body:
{
    "login": "vasyamba1",
    "password": "1234"
}
Request method:	POST
Request URI:	http://qa-scooter.praktikum-services.ru/api/v1/courier/login/
Proxy:			<none>
Request params:	<none>
Query params:	<none>
Form params:	<none>
Path params:	<none>
Headers:		Accept=application/json, application/javascript, text/javascript, text/json
				Content-Type=application/json
Cookies:		<none>
Multiparts:		<none>
Body:
{
    "login": "vasyamba1",
    "password": "1234"
}
Request method:	POST
Request URI:	http://qa-scooter.praktikum-services.ru/api/v1/courier/login/
Proxy:			<none>
Request params:	<none>
Query params:	<none>
Form params:	<none>
Path params:	<none>
Headers:		Accept=application/json, application/javascript, text/javascript, text/json
				Content-Type=application/json
Cookies:		<none>
Multiparts:		<none>
Body:
{
    "login": "vasyamba1",
    "password": "1234"
}
Request method:	POST
Request URI:	http://qa-scooter.praktikum-services.ru/api/v1/courier/login/
Proxy:			<none>
Request params:	<none>
Query params:	<none>
Form params:	<none>
Path params:	<none>
Headers:		Accept=application/json, application/javascript, text/javascript, text/json
				Content-Type=application/json
Cookies:		<none>
Multiparts:		<none>
Body:
{
    "login": "vasyamba1",
    "password": "1234"
}
Request method:	POST
Request URI:	http://qa-scooter.praktikum-services.ru/api/v1/courier/login/
Proxy:			<none>
Request params:	<none>
Query params:	<none>
Form params:	<none>
Path params:	<none>
Headers:		Accept=application/json, application/javascript, text/javascript, text/json
				Content-Type=application/json
Cookies:		<none>
Multiparts:		<none>
Body:
{
    "login": "vasyamba1",
    "password": "1234"
}
Request method:	POST
Request URI:	http://qa-scooter.praktikum-services.ru/api/v1/courier/login/
Proxy:			<none>
Request params:	<none>
Query params:	<none>
Form params:	<none>
Path params:	<none>
Headers:		Accept=application/json, application/javascript, text/javascript, text/json
				Content-Type=application/json
Cookies:		<none>
Multiparts:		<none>
Body:
{
    "login": "vasyamba1",
    "password": "1234"
}
Request method:	POST
Request URI:	http://qa-scooter.praktikum-services.ru/api/v1/courier/login/
Proxy:			<none>
Request params:	<none>
Query params:	<none>
Form params:	<none>
Path params:	<none>
Headers:		Accept=application/json, application/javascript, text/javascript, text/json
				Content-Type=application/json
Cookies:		<none>
Multiparts:		<none>
Body:
{
    "login": "vasyamba1",
    "password": "1234"
}
Request method:	POST
Request URI:	http://qa-scooter.praktikum-services.ru/api/v1/courier/login/
Proxy:			<none>
Request params:	<none>
Query params:	<none>
Form params:	<none>
Path params:	<none>
Headers:		Accept=application/json, application/javascript, text/javascript, text/json
				Content-Type=application/json
Cookies:		<none>
Multiparts:		<none>
Body:
{
    "login": "vasyamba1",
    "password": "1234"
}
Request method:	POST
Request URI:	http://qa-scooter.praktikum-services.ru/api/v1/courier/login/
Proxy:			<none>
Request params:	<none>
Query params:	<none>
Form params:	<none>
Path params:	<none>
Headers:		Accept=application/json, application/javascript, text/javascript, text/json
				Content-Type=application/json
Cookies:		<none>
Multiparts:		<none>
Body:
{
    "login": "vasyamba1",
    "password": "1234"
}
HTTP/1.1 200 OK
Access-Control-Allow-Origin: *
Content-Length: 12
Content-Type: application/json; charset=utf-8
Date: Thu, 02 Jun 2022 14:09:34 GMT
ETag: W/"c-/c5f7KhneMZUst8Cr47GPyBoZZs"
Set-Cookie: _yasc=iP7gu9RYJFURwPqVkPWEQ4JZkvV2aM3GkOKtZ/7yEfzCRA==; domain=.praktikum-services.ru; path=/; expires=Sat, 02-Jul-2022 14:09:34 GMT; secure
X-Powered-By: Express
X-Request-Id: 1654178974512582-14969028064280571248

{
    "id": 76285
}
HTTP/1.1 200 OK
Access-Control-Allow-Origin: *
Content-Length: 12
Content-Type: application/json; charset=utf-8
Date: Thu, 02 Jun 2022 14:09:34 GMT
ETag: W/"c-/c5f7KhneMZUst8Cr47GPyBoZZs"
Set-Cookie: _yasc=iP7gu9RYJFURwPqVkPWEQ4JZkvV2aM3GkOKtZ/7yEfzCRA==; domain=.praktikum-services.ru; path=/; expires=Sat, 02-Jul-2022 14:09:34 GMT; secure
X-Powered-By: Express
X-Request-Id: 1654178974512582-14969028064280571248

{
    "id": 76285
}
HTTP/1.1 200 OK
Access-Control-Allow-Origin: *
Content-Length: 12
Content-Type: application/json; charset=utf-8
Date: Thu, 02 Jun 2022 14:09:34 GMT
ETag: W/"c-/c5f7KhneMZUst8Cr47GPyBoZZs"
Set-Cookie: _yasc=iP7gu9RYJFURwPqVkPWEQ4JZkvV2aM3GkOKtZ/7yEfzCRA==; domain=.praktikum-services.ru; path=/; expires=Sat, 02-Jul-2022 14:09:34 GMT; secure
X-Powered-By: Express
X-Request-Id: 1654178974512582-14969028064280571248

{
    "id": 76285
}
HTTP/1.1 200 OK
Access-Control-Allow-Origin: *
Content-Length: 12
Content-Type: application/json; charset=utf-8
Date: Thu, 02 Jun 2022 14:09:34 GMT
ETag: W/"c-/c5f7KhneMZUst8Cr47GPyBoZZs"
Set-Cookie: _yasc=iP7gu9RYJFURwPqVkPWEQ4JZkvV2aM3GkOKtZ/7yEfzCRA==; domain=.praktikum-services.ru; path=/; expires=Sat, 02-Jul-2022 14:09:34 GMT; secure
X-Powered-By: Express
X-Request-Id: 1654178974512582-14969028064280571248

{
    "id": 76285
}
HTTP/1.1 200 OK
Access-Control-Allow-Origin: *
Content-Length: 12
Content-Type: application/json; charset=utf-8
Date: Thu, 02 Jun 2022 14:09:34 GMT
ETag: W/"c-/c5f7KhneMZUst8Cr47GPyBoZZs"
Set-Cookie: _yasc=iP7gu9RYJFURwPqVkPWEQ4JZkvV2aM3GkOKtZ/7yEfzCRA==; domain=.praktikum-services.ru; path=/; expires=Sat, 02-Jul-2022 14:09:34 GMT; secure
X-Powered-By: Express
X-Request-Id: 1654178974512582-14969028064280571248

{
    "id": 76285
}
HTTP/1.1 200 OK
Access-Control-Allow-Origin: *
Content-Length: 12
Content-Type: application/json; charset=utf-8
Date: Thu, 02 Jun 2022 14:09:34 GMT
ETag: W/"c-/c5f7KhneMZUst8Cr47GPyBoZZs"
Set-Cookie: _yasc=iP7gu9RYJFURwPqVkPWEQ4JZkvV2aM3GkOKtZ/7yEfzCRA==; domain=.praktikum-services.ru; path=/; expires=Sat, 02-Jul-2022 14:09:34 GMT; secure
X-Powered-By: Express
X-Request-Id: 1654178974512582-14969028064280571248

{
    "id": 76285
}
HTTP/1.1 200 OK
Access-Control-Allow-Origin: *
Content-Length: 12
Content-Type: application/json; charset=utf-8
Date: Thu, 02 Jun 2022 14:09:34 GMT
ETag: W/"c-/c5f7KhneMZUst8Cr47GPyBoZZs"
Set-Cookie: _yasc=iP7gu9RYJFURwPqVkPWEQ4JZkvV2aM3GkOKtZ/7yEfzCRA==; domain=.praktikum-services.ru; path=/; expires=Sat, 02-Jul-2022 14:09:34 GMT; secure
X-Powered-By: Express
X-Request-Id: 1654178974512582-14969028064280571248

{
    "id": 76285
}
HTTP/1.1 200 OK
Access-Control-Allow-Origin: *
Content-Length: 12
Content-Type: application/json; charset=utf-8
Date: Thu, 02 Jun 2022 14:09:34 GMT
ETag: W/"c-/c5f7KhneMZUst8Cr47GPyBoZZs"
Set-Cookie: _yasc=iP7gu9RYJFURwPqVkPWEQ4JZkvV2aM3GkOKtZ/7yEfzCRA==; domain=.praktikum-services.ru; path=/; expires=Sat, 02-Jul-2022 14:09:34 GMT; secure
X-Powered-By: Express
X-Request-Id: 1654178974512582-14969028064280571248

{
    "id": 76285
}
HTTP/1.1 200 OK
Access-Control-Allow-Origin: *
Content-Length: 12
Content-Type: application/json; charset=utf-8
Date: Thu, 02 Jun 2022 14:09:34 GMT
ETag: W/"c-/c5f7KhneMZUst8Cr47GPyBoZZs"
Set-Cookie: _yasc=iP7gu9RYJFURwPqVkPWEQ4JZkvV2aM3GkOKtZ/7yEfzCRA==; domain=.praktikum-services.ru; path=/; expires=Sat, 02-Jul-2022 14:09:34 GMT; secure
X-Powered-By: Express
X-Request-Id: 1654178974512582-14969028064280571248

{
    "id": 76285
}
HTTP/1.1 200 OK
Access-Control-Allow-Origin: *
Content-Length: 12
Content-Type: application/json; charset=utf-8
Date: Thu, 02 Jun 2022 14:09:34 GMT
ETag: W/"c-/c5f7KhneMZUst8Cr47GPyBoZZs"
Set-Cookie: _yasc=iP7gu9RYJFURwPqVkPWEQ4JZkvV2aM3GkOKtZ/7yEfzCRA==; domain=.praktikum-services.ru; path=/; expires=Sat, 02-Jul-2022 14:09:34 GMT; secure
X-Powered-By: Express
X-Request-Id: 1654178974512582-14969028064280571248

{
    "id": 76285
}
HTTP/1.1 200 OK
Access-Control-Allow-Origin: *
Content-Length: 12
Content-Type: application/json; charset=utf-8
Date: Thu, 02 Jun 2022 14:09:34 GMT
ETag: W/"c-/c5f7KhneMZUst8Cr47GPyBoZZs"
Set-Cookie: _yasc=iP7gu9RYJFURwPqVkPWEQ4JZkvV2aM3GkOKtZ/7yEfzCRA==; domain=.praktikum-services.ru; path=/; expires=Sat, 02-Jul-2022 14:09:34 GMT; secure
X-Powered-By: Express
X-Request-Id: 1654178974512582-14969028064280571248

{
    "id": 76285
}
HTTP/1.1 200 OK
Access-Control-Allow-Origin: *
Content-Length: 12
Content-Type: application/json; charset=utf-8
Date: Thu, 02 Jun 2022 14:09:34 GMT
ETag: W/"c-/c5f7KhneMZUst8Cr47GPyBoZZs"
Set-Cookie: _yasc=iP7gu9RYJFURwPqVkPWEQ4JZkvV2aM3GkOKtZ/7yEfzCRA==; domain=.praktikum-services.ru; path=/; expires=Sat, 02-Jul-2022 14:09:34 GMT; secure
X-Powered-By: Express
X-Request-Id: 1654178974512582-14969028064280571248

{
    "id": 76285
}
Request method:	POST
Request URI:	http://qa-scooter.praktikum-services.ru/api/v1/courier/login/
Proxy:			<none>
Request params:	<none>
Query params:	<none>
Form params:	<none>
Path params:	<none>
Headers:		Accept=application/json, application/javascript, text/javascript, text/json
				Content-Type=application/json
Cookies:		<none>
Multiparts:		<none>
Body:
{
    "login": "vasyamba1",
    "password": "1234"
}
Request method:	POST
Request URI:	http://qa-scooter.praktikum-services.ru/api/v1/courier/login/
Proxy:			<none>
Request params:	<none>
Query params:	<none>
Form params:	<none>
Path params:	<none>
Headers:		Accept=application/json, application/javascript, text/javascript, text/json
				Content-Type=application/json
Cookies:		<none>
Multiparts:		<none>
Body:
{
    "login": "vasyamba1",
    "password": "1234"
}
Request method:	POST
Request URI:	http://qa-scooter.praktikum-services.ru/api/v1/courier/login/
Proxy:			<none>
Request params:	<none>
Query params:	<none>
Form params:	<none>
Path params:	<none>
Headers:		Accept=application/json, application/javascript, text/javascript, text/json
				Content-Type=application/json
Cookies:		<none>
Multiparts:		<none>
Body:
{
    "login": "vasyamba1",
    "password": "1234"
}
Request method:	POST
Request URI:	http://qa-scooter.praktikum-services.ru/api/v1/courier/login/
Proxy:			<none>
Request params:	<none>
Query params:	<none>
Form params:	<none>
Path params:	<none>
Headers:		Accept=application/json, application/javascript, text/javascript, text/json
				Content-Type=application/json
Cookies:		<none>
Multiparts:		<none>
Body:
{
    "login": "vasyamba1",
    "password": "1234"
}
Request method:	POST
Request URI:	http://qa-scooter.praktikum-services.ru/api/v1/courier/login/
Proxy:			<none>
Request params:	<none>
Query params:	<none>
Form params:	<none>
Path params:	<none>
Headers:		Accept=application/json, application/javascript, text/javascript, text/json
				Content-Type=application/json
Cookies:		<none>
Multiparts:		<none>
Body:
{
    "login": "vasyamba1",
    "password": "1234"
}
Request method:	POST
Request URI:	http://qa-scooter.praktikum-services.ru/api/v1/courier/login/
Proxy:			<none>
Request params:	<none>
Query params:	<none>
Form params:	<none>
Path params:	<none>
Headers:		Accept=application/json, application/javascript, text/javascript, text/json
				Content-Type=application/json
Cookies:		<none>
Multiparts:		<none>
Body:
{
    "login": "vasyamba1",
    "password": "1234"
}
Request method:	POST
Request URI:	http://qa-scooter.praktikum-services.ru/api/v1/courier/login/
Proxy:			<none>
Request params:	<none>
Query params:	<none>
Form params:	<none>
Path params:	<none>
Headers:		Accept=application/json, application/javascript, text/javascript, text/json
				Content-Type=application/json
Cookies:		<none>
Multiparts:		<none>
Body:
{
    "login": "vasyamba1",
    "password": "1234"
}
Request method:	POST
Request URI:	http://qa-scooter.praktikum-services.ru/api/v1/courier/login/
Proxy:			<none>
Request params:	<none>
Query params:	<none>
Form params:	<none>
Path params:	<none>
Headers:		Accept=application/json, application/javascript, text/javascript, text/json
				Content-Type=application/json
Cookies:		<none>
Multiparts:		<none>
Body:
{
    "login": "vasyamba1",
    "password": "1234"
}
Request method:	POST
Request URI:	http://qa-scooter.praktikum-services.ru/api/v1/courier/login/
Proxy:			<none>
Request params:	<none>
Query params:	<none>
Form params:	<none>
Path params:	<none>
Headers:		Accept=application/json, application/javascript, text/javascript, text/json
				Content-Type=application/json
Cookies:		<none>
Multiparts:		<none>
Body:
{
    "login": "vasyamba1",
    "password": "1234"
}
Request method:	POST
Request URI:	http://qa-scooter.praktikum-services.ru/api/v1/courier/login/
Proxy:			<none>
Request params:	<none>
Query params:	<none>
Form params:	<none>
Path params:	<none>
Headers:		Accept=application/json, application/javascript, text/javascript, text/json
				Content-Type=application/json
Cookies:		<none>
Multiparts:		<none>
Body:
{
    "login": "vasyamba1",
    "password": "1234"
}
Request method:	POST
Request URI:	http://qa-scooter.praktikum-services.ru/api/v1/courier/login/
Proxy:			<none>
Request params:	<none>
Query params:	<none>
Form params:	<none>
Path params:	<none>
Headers:		Accept=application/json, application/javascript, text/javascript, text/json
				Content-Type=application/json
Cookies:		<none>
Multiparts:		<none>
Body:
{
    "login": "vasyamba1",
    "password": "1234"
}
Request method:	POST
Request URI:	http://qa-scooter.praktikum-services.ru/api/v1/courier/login/
Proxy:			<none>
Request params:	<none>
Query params:	<none>
Form params:	<none>
Path params:	<none>
Headers:		Accept=application/json, application/javascript, text/javascript, text/json
				Content-Type=application/json
Cookies:		<none>
Multiparts:		<none>
Body:
{
    "login": "vasyamba1",
    "password": "1234"
}
Request method:	POST
Request URI:	http://qa-scooter.praktikum-services.ru/api/v1/courier/login/
Proxy:			<none>
Request params:	<none>
Query params:	<none>
Form params:	<none>
Path params:	<none>
Headers:		Accept=application/json, application/javascript, text/javascript, text/json
				Content-Type=application/json
Cookies:		<none>
Multiparts:		<none>
Body:
{
    "login": "vasyamba1",
    "password": "1234"
}
HTTP/1.1 200 OK
Access-Control-Allow-Origin: *
Content-Length: 12
Content-Type: application/json; charset=utf-8
Date: Thu, 02 Jun 2022 14:09:34 GMT
ETag: W/"c-/c5f7KhneMZUst8Cr47GPyBoZZs"
Set-Cookie: _yasc=3wM6pA+qI4kmlspNvaw6nZRPnsoTU8LDdsVFCiZCYJg7Ww==; domain=.praktikum-services.ru; path=/; expires=Sat, 02-Jul-2022 14:09:34 GMT; secure
X-Powered-By: Express
X-Request-Id: 1654178974728595-2534683002612591457

{
    "id": 76285
}
HTTP/1.1 200 OK
Access-Control-Allow-Origin: *
Content-Length: 12
Content-Type: application/json; charset=utf-8
Date: Thu, 02 Jun 2022 14:09:34 GMT
ETag: W/"c-/c5f7KhneMZUst8Cr47GPyBoZZs"
Set-Cookie: _yasc=3wM6pA+qI4kmlspNvaw6nZRPnsoTU8LDdsVFCiZCYJg7Ww==; domain=.praktikum-services.ru; path=/; expires=Sat, 02-Jul-2022 14:09:34 GMT; secure
X-Powered-By: Express
X-Request-Id: 1654178974728595-2534683002612591457

{
    "id": 76285
}
HTTP/1.1 200 OK
Access-Control-Allow-Origin: *
Content-Length: 12
Content-Type: application/json; charset=utf-8
Date: Thu, 02 Jun 2022 14:09:34 GMT
ETag: W/"c-/c5f7KhneMZUst8Cr47GPyBoZZs"
Set-Cookie: _yasc=3wM6pA+qI4kmlspNvaw6nZRPnsoTU8LDdsVFCiZCYJg7Ww==; domain=.praktikum-services.ru; path=/; expires=Sat, 02-Jul-2022 14:09:34 GMT; secure
X-Powered-By: Express
X-Request-Id: 1654178974728595-2534683002612591457

{
    "id": 76285
}
HTTP/1.1 200 OK
Access-Control-Allow-Origin: *
Content-Length: 12
Content-Type: application/json; charset=utf-8
Date: Thu, 02 Jun 2022 14:09:34 GMT
ETag: W/"c-/c5f7KhneMZUst8Cr47GPyBoZZs"
Set-Cookie: _yasc=3wM6pA+qI4kmlspNvaw6nZRPnsoTU8LDdsVFCiZCYJg7Ww==; domain=.praktikum-services.ru; path=/; expires=Sat, 02-Jul-2022 14:09:34 GMT; secure
X-Powered-By: Express
X-Request-Id: 1654178974728595-2534683002612591457

{
    "id": 76285
}
HTTP/1.1 200 OK
Access-Control-Allow-Origin: *
Content-Length: 12
Content-Type: application/json; charset=utf-8
Date: Thu, 02 Jun 2022 14:09:34 GMT
ETag: W/"c-/c5f7KhneMZUst8Cr47GPyBoZZs"
Set-Cookie: _yasc=3wM6pA+qI4kmlspNvaw6nZRPnsoTU8LDdsVFCiZCYJg7Ww==; domain=.praktikum-services.ru; path=/; expires=Sat, 02-Jul-2022 14:09:34 GMT; secure
X-Powered-By: Express
X-Request-Id: 1654178974728595-2534683002612591457

{
    "id": 76285
}
HTTP/1.1 200 OK
Access-Control-Allow-Origin: *
Content-Length: 12
Content-Type: application/json; charset=utf-8
Date: Thu, 02 Jun 2022 14:09:34 GMT
ETag: W/"c-/c5f7KhneMZUst8Cr47GPyBoZZs"
Set-Cookie: _yasc=3wM6pA+qI4kmlspNvaw6nZRPnsoTU8LDdsVFCiZCYJg7Ww==; domain=.praktikum-services.ru; path=/; expires=Sat, 02-Jul-2022 14:09:34 GMT; secure
X-Powered-By: Express
X-Request-Id: 1654178974728595-2534683002612591457

{
    "id": 76285
}
HTTP/1.1 200 OK
Access-Control-Allow-Origin: *
Content-Length: 12
Content-Type: application/json; charset=utf-8
Date: Thu, 02 Jun 2022 14:09:34 GMT
ETag: W/"c-/c5f7KhneMZUst8Cr47GPyBoZZs"
Set-Cookie: _yasc=3wM6pA+qI4kmlspNvaw6nZRPnsoTU8LDdsVFCiZCYJg7Ww==; domain=.praktikum-services.ru; path=/; expires=Sat, 02-Jul-2022 14:09:34 GMT; secure
X-Powered-By: Express
X-Request-Id: 1654178974728595-2534683002612591457

{
    "id": 76285
}
HTTP/1.1 200 OK
Access-Control-Allow-Origin: *
Content-Length: 12
Content-Type: application/json; charset=utf-8
Date: Thu, 02 Jun 2022 14:09:34 GMT
ETag: W/"c-/c5f7KhneMZUst8Cr47GPyBoZZs"
Set-Cookie: _yasc=3wM6pA+qI4kmlspNvaw6nZRPnsoTU8LDdsVFCiZCYJg7Ww==; domain=.praktikum-services.ru; path=/; expires=Sat, 02-Jul-2022 14:09:34 GMT; secure
X-Powered-By: Express
X-Request-Id: 1654178974728595-2534683002612591457

{
    "id": 76285
}
HTTP/1.1 200 OK
Access-Control-Allow-Origin: *
Content-Length: 12
Content-Type: application/json; charset=utf-8
Date: Thu, 02 Jun 2022 14:09:34 GMT
ETag: W/"c-/c5f7KhneMZUst8Cr47GPyBoZZs"
Set-Cookie: _yasc=3wM6pA+qI4kmlspNvaw6nZRPnsoTU8LDdsVFCiZCYJg7Ww==; domain=.praktikum-services.ru; path=/; expires=Sat, 02-Jul-2022 14:09:34 GMT; secure
X-Powered-By: Express
X-Request-Id: 1654178974728595-2534683002612591457

{
    "id": 76285
}
HTTP/1.1 200 OK
Access-Control-Allow-Origin: *
Content-Length: 12
Content-Type: application/json; charset=utf-8
Date: Thu, 02 Jun 2022 14:09:34 GMT
ETag: W/"c-/c5f7KhneMZUst8Cr47GPyBoZZs"
Set-Cookie: _yasc=3wM6pA+qI4kmlspNvaw6nZRPnsoTU8LDdsVFCiZCYJg7Ww==; domain=.praktikum-services.ru; path=/; expires=Sat, 02-Jul-2022 14:09:34 GMT; secure
X-Powered-By: Express
X-Request-Id: 1654178974728595-2534683002612591457

{
    "id": 76285
}
HTTP/1.1 200 OK
Access-Control-Allow-Origin: *
Content-Length: 12
Content-Type: application/json; charset=utf-8
Date: Thu, 02 Jun 2022 14:09:34 GMT
ETag: W/"c-/c5f7KhneMZUst8Cr47GPyBoZZs"
Set-Cookie: _yasc=3wM6pA+qI4kmlspNvaw6nZRPnsoTU8LDdsVFCiZCYJg7Ww==; domain=.praktikum-services.ru; path=/; expires=Sat, 02-Jul-2022 14:09:34 GMT; secure
X-Powered-By: Express
X-Request-Id: 1654178974728595-2534683002612591457

{
    "id": 76285
}
HTTP/1.1 200 OK
Access-Control-Allow-Origin: *
Content-Length: 12
Content-Type: application/json; charset=utf-8
Date: Thu, 02 Jun 2022 14:09:34 GMT
ETag: W/"c-/c5f7KhneMZUst8Cr47GPyBoZZs"
Set-Cookie: _yasc=3wM6pA+qI4kmlspNvaw6nZRPnsoTU8LDdsVFCiZCYJg7Ww==; domain=.praktikum-services.ru; path=/; expires=Sat, 02-Jul-2022 14:09:34 GMT; secure
X-Powered-By: Express
X-Request-Id: 1654178974728595-2534683002612591457

{
    "id": 76285
}
HTTP/1.1 200 OK
Access-Control-Allow-Origin: *
Content-Length: 12
Content-Type: application/json; charset=utf-8
Date: Thu, 02 Jun 2022 14:09:34 GMT
ETag: W/"c-/c5f7KhneMZUst8Cr47GPyBoZZs"
Set-Cookie: _yasc=3wM6pA+qI4kmlspNvaw6nZRPnsoTU8LDdsVFCiZCYJg7Ww==; domain=.praktikum-services.ru; path=/; expires=Sat, 02-Jul-2022 14:09:34 GMT; secure
X-Powered-By: Express
X-Request-Id: 1654178974728595-2534683002612591457

{
    "id": 76285
}
Request method:	DELETE
Request URI:	http://qa-scooter.praktikum-services.ru/api/v1/courier/76285
Proxy:			<none>
Request params:	<none>
Query params:	<none>
Form params:	<none>
Path params:	<none>
Headers:		Accept=application/json, application/javascript, text/javascript, text/json
				Content-Type=application/json
Cookies:		<none>
Multiparts:		<none>
Body:			<none>
Request method:	DELETE
Request URI:	http://qa-scooter.praktikum-services.ru/api/v1/courier/76285
Proxy:			<none>
Request params:	<none>
Query params:	<none>
Form params:	<none>
Path params:	<none>
Headers:		Accept=application/json, application/javascript, text/javascript, text/json
				Content-Type=application/json
Cookies:		<none>
Multiparts:		<none>
Body:			<none>
Request method:	DELETE
Request URI:	http://qa-scooter.praktikum-services.ru/api/v1/courier/76285
Proxy:			<none>
Request params:	<none>
Query params:	<none>
Form params:	<none>
Path params:	<none>
Headers:		Accept=application/json, application/javascript, text/javascript, text/json
				Content-Type=application/json
Cookies:		<none>
Multiparts:		<none>
Body:			<none>
Request method:	DELETE
Request URI:	http://qa-scooter.praktikum-services.ru/api/v1/courier/76285
Proxy:			<none>
Request params:	<none>
Query params:	<none>
Form params:	<none>
Path params:	<none>
Headers:		Accept=application/json, application/javascript, text/javascript, text/json
				Content-Type=application/json
Cookies:		<none>
Multiparts:		<none>
Body:			<none>
Request method:	DELETE
Request URI:	http://qa-scooter.praktikum-services.ru/api/v1/courier/76285
Proxy:			<none>
Request params:	<none>
Query params:	<none>
Form params:	<none>
Path params:	<none>
Headers:		Accept=application/json, application/javascript, text/javascript, text/json
				Content-Type=application/json
Cookies:		<none>
Multiparts:		<none>
Body:			<none>
Request method:	DELETE
Request URI:	http://qa-scooter.praktikum-services.ru/api/v1/courier/76285
Proxy:			<none>
Request params:	<none>
Query params:	<none>
Form params:	<none>
Path params:	<none>
Headers:		Accept=application/json, application/javascript, text/javascript, text/json
				Content-Type=application/json
Cookies:		<none>
Multiparts:		<none>
Body:			<none>
Request method:	DELETE
Request URI:	http://qa-scooter.praktikum-services.ru/api/v1/courier/76285
Proxy:			<none>
Request params:	<none>
Query params:	<none>
Form params:	<none>
Path params:	<none>
Headers:		Accept=application/json, application/javascript, text/javascript, text/json
				Content-Type=application/json
Cookies:		<none>
Multiparts:		<none>
Body:			<none>
Request method:	DELETE
Request URI:	http://qa-scooter.praktikum-services.ru/api/v1/courier/76285
Proxy:			<none>
Request params:	<none>
Query params:	<none>
Form params:	<none>
Path params:	<none>
Headers:		Accept=application/json, application/javascript, text/javascript, text/json
				Content-Type=application/json
Cookies:		<none>
Multiparts:		<none>
Body:			<none>
Request method:	DELETE
Request URI:	http://qa-scooter.praktikum-services.ru/api/v1/courier/76285
Proxy:			<none>
Request params:	<none>
Query params:	<none>
Form params:	<none>
Path params:	<none>
Headers:		Accept=application/json, application/javascript, text/javascript, text/json
				Content-Type=application/json
Cookies:		<none>
Multiparts:		<none>
Body:			<none>
Request method:	DELETE
Request URI:	http://qa-scooter.praktikum-services.ru/api/v1/courier/76285
Proxy:			<none>
Request params:	<none>
Query params:	<none>
Form params:	<none>
Path params:	<none>
Headers:		Accept=application/json, application/javascript, text/javascript, text/json
				Content-Type=application/json
Cookies:		<none>
Multiparts:		<none>
Body:			<none>
Request method:	DELETE
Request URI:	http://qa-scooter.praktikum-services.ru/api/v1/courier/76285
Proxy:			<none>
Request params:	<none>
Query params:	<none>
Form params:	<none>
Path params:	<none>
Headers:		Accept=application/json, application/javascript, text/javascript, text/json
				Content-Type=application/json
Cookies:		<none>
Multiparts:		<none>
Body:			<none>
Request method:	DELETE
Request URI:	http://qa-scooter.praktikum-services.ru/api/v1/courier/76285
Proxy:			<none>
Request params:	<none>
Query params:	<none>
Form params:	<none>
Path params:	<none>
Headers:		Accept=application/json, application/javascript, text/javascript, text/json
				Content-Type=application/json
Cookies:		<none>
Multiparts:		<none>
Body:			<none>
Request method:	DELETE
Request URI:	http://qa-scooter.praktikum-services.ru/api/v1/courier/76285
Proxy:			<none>
Request params:	<none>
Query params:	<none>
Form params:	<none>
Path params:	<none>
Headers:		Accept=application/json, application/javascript, text/javascript, text/json
				Content-Type=application/json
Cookies:		<none>
Multiparts:		<none>
Body:			<none>
HTTP/1.1 200 OK
Access-Control-Allow-Origin: *
Content-Length: 11
Content-Type: application/json; charset=utf-8
Date: Thu, 02 Jun 2022 14:09:34 GMT
ETag: W/"b-Ai2R8hgEarLmHKwesT1qcY913ys"
Set-Cookie: _yasc=1NFHdpKGG41sCnVfF9Z1Hio6peQnVGrL/tcDkQxLw0MJzg==; domain=.praktikum-services.ru; path=/; expires=Sat, 02-Jul-2022 14:09:34 GMT; secure
X-Powered-By: Express
X-Request-Id: 1654178974931139-9578114367116709234

{
    "ok": true
}
HTTP/1.1 200 OK
Access-Control-Allow-Origin: *
Content-Length: 11
Content-Type: application/json; charset=utf-8
Date: Thu, 02 Jun 2022 14:09:34 GMT
ETag: W/"b-Ai2R8hgEarLmHKwesT1qcY913ys"
Set-Cookie: _yasc=1NFHdpKGG41sCnVfF9Z1Hio6peQnVGrL/tcDkQxLw0MJzg==; domain=.praktikum-services.ru; path=/; expires=Sat, 02-Jul-2022 14:09:34 GMT; secure
X-Powered-By: Express
X-Request-Id: 1654178974931139-9578114367116709234

{
    "ok": true
}
HTTP/1.1 200 OK
Access-Control-Allow-Origin: *
Content-Length: 11
Content-Type: application/json; charset=utf-8
Date: Thu, 02 Jun 2022 14:09:34 GMT
ETag: W/"b-Ai2R8hgEarLmHKwesT1qcY913ys"
Set-Cookie: _yasc=1NFHdpKGG41sCnVfF9Z1Hio6peQnVGrL/tcDkQxLw0MJzg==; domain=.praktikum-services.ru; path=/; expires=Sat, 02-Jul-2022 14:09:34 GMT; secure
X-Powered-By: Express
X-Request-Id: 1654178974931139-9578114367116709234

{
    "ok": true
}
HTTP/1.1 200 OK
Access-Control-Allow-Origin: *
Content-Length: 11
Content-Type: application/json; charset=utf-8
Date: Thu, 02 Jun 2022 14:09:34 GMT
ETag: W/"b-Ai2R8hgEarLmHKwesT1qcY913ys"
Set-Cookie: _yasc=1NFHdpKGG41sCnVfF9Z1Hio6peQnVGrL/tcDkQxLw0MJzg==; domain=.praktikum-services.ru; path=/; expires=Sat, 02-Jul-2022 14:09:34 GMT; secure
X-Powered-By: Express
X-Request-Id: 1654178974931139-9578114367116709234

{
    "ok": true
}
HTTP/1.1 200 OK
Access-Control-Allow-Origin: *
Content-Length: 11
Content-Type: application/json; charset=utf-8
Date: Thu, 02 Jun 2022 14:09:34 GMT
ETag: W/"b-Ai2R8hgEarLmHKwesT1qcY913ys"
Set-Cookie: _yasc=1NFHdpKGG41sCnVfF9Z1Hio6peQnVGrL/tcDkQxLw0MJzg==; domain=.praktikum-services.ru; path=/; expires=Sat, 02-Jul-2022 14:09:34 GMT; secure
X-Powered-By: Express
X-Request-Id: 1654178974931139-9578114367116709234

{
    "ok": true
}
HTTP/1.1 200 OK
Access-Control-Allow-Origin: *
Content-Length: 11
Content-Type: application/json; charset=utf-8
Date: Thu, 02 Jun 2022 14:09:34 GMT
ETag: W/"b-Ai2R8hgEarLmHKwesT1qcY913ys"
Set-Cookie: _yasc=1NFHdpKGG41sCnVfF9Z1Hio6peQnVGrL/tcDkQxLw0MJzg==; domain=.praktikum-services.ru; path=/; expires=Sat, 02-Jul-2022 14:09:34 GMT; secure
X-Powered-By: Express
X-Request-Id: 1654178974931139-9578114367116709234

{
    "ok": true
}
HTTP/1.1 200 OK
Access-Control-Allow-Origin: *
Content-Length: 11
Content-Type: application/json; charset=utf-8
Date: Thu, 02 Jun 2022 14:09:34 GMT
ETag: W/"b-Ai2R8hgEarLmHKwesT1qcY913ys"
Set-Cookie: _yasc=1NFHdpKGG41sCnVfF9Z1Hio6peQnVGrL/tcDkQxLw0MJzg==; domain=.praktikum-services.ru; path=/; expires=Sat, 02-Jul-2022 14:09:34 GMT; secure
X-Powered-By: Express
X-Request-Id: 1654178974931139-9578114367116709234

{
    "ok": true
}
HTTP/1.1 200 OK
Access-Control-Allow-Origin: *
Content-Length: 11
Content-Type: application/json; charset=utf-8
Date: Thu, 02 Jun 2022 14:09:34 GMT
ETag: W/"b-Ai2R8hgEarLmHKwesT1qcY913ys"
Set-Cookie: _yasc=1NFHdpKGG41sCnVfF9Z1Hio6peQnVGrL/tcDkQxLw0MJzg==; domain=.praktikum-services.ru; path=/; expires=Sat, 02-Jul-2022 14:09:34 GMT; secure
X-Powered-By: Express
X-Request-Id: 1654178974931139-9578114367116709234

{
    "ok": true
}
HTTP/1.1 200 OK
Access-Control-Allow-Origin: *
Content-Length: 11
Content-Type: application/json; charset=utf-8
Date: Thu, 02 Jun 2022 14:09:34 GMT
ETag: W/"b-Ai2R8hgEarLmHKwesT1qcY913ys"
Set-Cookie: _yasc=1NFHdpKGG41sCnVfF9Z1Hio6peQnVGrL/tcDkQxLw0MJzg==; domain=.praktikum-services.ru; path=/; expires=Sat, 02-Jul-2022 14:09:34 GMT; secure
X-Powered-By: Express
X-Request-Id: 1654178974931139-9578114367116709234

{
    "ok": true
}
HTTP/1.1 200 OK
Access-Control-Allow-Origin: *
Content-Length: 11
Content-Type: application/json; charset=utf-8
Date: Thu, 02 Jun 2022 14:09:34 GMT
ETag: W/"b-Ai2R8hgEarLmHKwesT1qcY913ys"
Set-Cookie: _yasc=1NFHdpKGG41sCnVfF9Z1Hio6peQnVGrL/tcDkQxLw0MJzg==; domain=.praktikum-services.ru; path=/; expires=Sat, 02-Jul-2022 14:09:34 GMT; secure
X-Powered-By: Express
X-Request-Id: 1654178974931139-9578114367116709234

{
    "ok": true
}
HTTP/1.1 200 OK
Access-Control-Allow-Origin: *
Content-Length: 11
Content-Type: application/json; charset=utf-8
Date: Thu, 02 Jun 2022 14:09:34 GMT
ETag: W/"b-Ai2R8hgEarLmHKwesT1qcY913ys"
Set-Cookie: _yasc=1NFHdpKGG41sCnVfF9Z1Hio6peQnVGrL/tcDkQxLw0MJzg==; domain=.praktikum-services.ru; path=/; expires=Sat, 02-Jul-2022 14:09:34 GMT; secure
X-Powered-By: Express
X-Request-Id: 1654178974931139-9578114367116709234

{
    "ok": true
}
HTTP/1.1 200 OK
Access-Control-Allow-Origin: *
Content-Length: 11
Content-Type: application/json; charset=utf-8
Date: Thu, 02 Jun 2022 14:09:34 GMT
ETag: W/"b-Ai2R8hgEarLmHKwesT1qcY913ys"
Set-Cookie: _yasc=1NFHdpKGG41sCnVfF9Z1Hio6peQnVGrL/tcDkQxLw0MJzg==; domain=.praktikum-services.ru; path=/; expires=Sat, 02-Jul-2022 14:09:34 GMT; secure
X-Powered-By: Express
X-Request-Id: 1654178974931139-9578114367116709234

{
    "ok": true
}
HTTP/1.1 200 OK
Access-Control-Allow-Origin: *
Content-Length: 11
Content-Type: application/json; charset=utf-8
Date: Thu, 02 Jun 2022 14:09:34 GMT
ETag: W/"b-Ai2R8hgEarLmHKwesT1qcY913ys"
Set-Cookie: _yasc=1NFHdpKGG41sCnVfF9Z1Hio6peQnVGrL/tcDkQxLw0MJzg==; domain=.praktikum-services.ru; path=/; expires=Sat, 02-Jul-2022 14:09:34 GMT; secure
X-Powered-By: Express
X-Request-Id: 1654178974931139-9578114367116709234

{
    "ok": true
}
]]></system-out>
  </testcase>
</testsuite>