<?xml version="1.0" encoding="UTF-8"?>
<testsuite xmlns:xsi="http://www.w3.org/2001/XMLSchema-instance" xsi:noNamespaceSchemaLocation="https://maven.apache.org/surefire/maven-surefire-plugin/xsd/surefire-test-report-3.0.xsd" version="3.0" name="OrderGetTest" time="3.219" tests="1" errors="0" skipped="0" failures="0">
  <properties>
[...]
</properties>
  <testcase name="orderGetList" classname="OrderGetTest" time="3.218">
    <system-out><![CDATA[Request method:	POST
Request URI:	http://qa-scooter.praktikum-services.ru/api/v1/orders/
Proxy:			<none>
Request params:	<none>
Query params:	<none>
Form params:	<none>
Path params:	<none>
Headers:		Accept=application/json, application/javascript, text/javascript, text/json
				Content-Type=application/json
Cookies:		<none>
Multiparts:		<none>
Body:
{
    "firstName": "Naruto",
    "lastName": "Uchiha",
    "address": "Konoha, 142 apt.",
    "metroStation": 4,
    "phone": "+7 800 355 35 35",
    "rentTime": 5,
    "deliveryDate": "2020-06-06",
    "comment": "Saske, come back to Konoha",
    "color": [
        "BLACK"
    ]
}
Request method:	POST
Request URI:	http://qa-scooter.praktikum-services.ru/api/v1/orders/
Proxy:			<none>
Request params:	<none>
Query params:	<none>
Form params:	<none>
Path params:	<none>
Headers:		Accept=application/json, application/javascript, text/javascript, text/json
				Content-Type=application/json
Cookies:		<none>
Multiparts:		<none>
Body:
{
    "firstName": "Naruto",
    "lastName": "Uchiha",
    "address": "Konoha, 142 apt.",
    "metroStation": 4,
    "phone": "+7 800 355 35 35",
    "rentTime": 5,
    "deliveryDate": "2020-06-06",
    "comment": "Saske, come back to Konoha",
    "color": [
        "BLACK"
    ]
}
Request method:	POST
Request URI:	http://qa-scooter.praktikum-services.ru/api/v1/orders/
Proxy:			<none>
Request params:	<none>
Query params:	<none>
Form params:	<none>
Path params:	<none>
Headers:		Accept=application/json, application/javascript, text/javascript, text/json
				Content-Type=application/json
Cookies:		<none>
Multiparts:		<none>
Body:
{
    "firstName": "Naruto",
    "lastName": "Uchiha",
    "address": "Konoha, 142 apt.",
    "metroStation": 4,
    "phone": "+7 800 355 35 35",
    "rentTime": 5,
    "deliveryDate": "2020-06-06",
    "comment": "Saske, come back to Konoha",
    "color": [
        "BLACK"
    ]
}
Request method:	POST
Request URI:	http://qa-scooter.praktikum-services.ru/api/v1/orders/
Proxy:			<none>
Request params:	<none>
Query params:	<none>
Form params:	<none>
Path params:	<none>
Headers:		Accept=application/json, application/javascript, text/javascript, text/json
				Content-Type=application/json
Cookies:		<none>
Multiparts:		<none>
Body:
{
    "firstName": "Naruto",
    "lastName": "Uchiha",
    "address": "Konoha, 142 apt.",
    "metroStation": 4,
    "phone": "+7 800 355 35 35",
    "rentTime": 5,
    "deliveryDate": "2020-06-06",
    "comment": "Saske, come back to Konoha",
    "color": [
        "BLACK"
    ]
}
Request method:	POST
Request URI:	http://qa-scooter.praktikum-services.ru/api/v1/orders/
Proxy:			<none>
Request params:	<none>
Query params:	<none>
Form params:	<none>
Path params:	<none>
Headers:		Accept=application/json, application/javascript, text/javascript, text/json
				Content-Type=application/json
Cookies:		<none>
Multiparts:		<none>
Body:
{
    "firstName": "Naruto",
    "lastName": "Uchiha",
    "address": "Konoha, 142 apt.",
    "metroStation": 4,
    "phone": "+7 800 355 35 35",
    "rentTime": 5,
    "deliveryDate": "2020-06-06",
    "comment": "Saske, come back to Konoha",
    "color": [
        "BLACK"
    ]
}
Request method:	POST
Request URI:	http://qa-scooter.praktikum-services.ru/api/v1/orders/
Proxy:			<none>
Request params:	<none>
Query params:	<none>
Form params:	<none>
Path params:	<none>
Headers:		Accept=application/json, application/javascript, text/javascript, text/json
				Content-Type=application/json
Cookies:		<none>
Multiparts:		<none>
Body:
{
    "firstName": "Naruto",
    "lastName": "Uchiha",
    "address": "Konoha, 142 apt.",
    "metroStation": 4,
    "phone": "+7 800 355 35 35",
    "rentTime": 5,
    "deliveryDate": "2020-06-06",
    "comment": "Saske, come back to Konoha",
    "color": [
        "BLACK"
    ]
}
Request method:	POST
Request URI:	http://qa-scooter.praktikum-services.ru/api/v1/orders/
Proxy:			<none>
Request params:	<none>
Query params:	<none>
Form params:	<none>
Path params:	<none>
Headers:		Accept=application/json, application/javascript, text/javascript, text/json
				Content-Type=application/json
Cookies:		<none>
Multiparts:		<none>
Body:
{
    "firstName": "Naruto",
    "lastName": "Uchiha",
    "address": "Konoha, 142 apt.",
    "metroStation": 4,
    "phone": "+7 800 355 35 35",
    "rentTime": 5,
    "deliveryDate": "2020-06-06",
    "comment": "Saske, come back to Konoha",
    "color": [
        "BLACK"
    ]
}
Request method:	POST
Request URI:	http://qa-scooter.praktikum-services.ru/api/v1/orders/
Proxy:			<none>
Request params:	<none>
Query params:	<none>
Form params:	<none>
Path params:	<none>
Headers:		Accept=application/json, application/javascript, text/javascript, text/json
				Content-Type=application/json
Cookies:		<none>
Multiparts:		<none>
Body:
{
    "firstName": "Naruto",
    "lastName": "Uchiha",
    "address": "Konoha, 142 apt.",
    "metroStation": 4,
    "phone": "+7 800 355 35 35",
    "rentTime": 5,
    "deliveryDate": "2020-06-06",
    "comment": "Saske, come back to Konoha",
    "color": [
        "BLACK"
    ]
}
Request method:	POST
Request URI:	http://qa-scooter.praktikum-services.ru/api/v1/orders/
Proxy:			<none>
Request params:	<none>
Query params:	<none>
Form params:	<none>
Path params:	<none>
Headers:		Accept=application/json, application/javascript, text/javascript, text/json
				Content-Type=application/json
Cookies:		<none>
Multiparts:		<none>
Body:
{
    "firstName": "Naruto",
    "lastName": "Uchiha",
    "address": "Konoha, 142 apt.",
    "metroStation": 4,
    "phone": "+7 800 355 35 35",
    "rentTime": 5,
    "deliveryDate": "2020-06-06",
    "comment": "Saske, come back to Konoha",
    "color": [
        "BLACK"
    ]
}
Request method:	POST
Request URI:	http://qa-scooter.praktikum-services.ru/api/v1/orders/
Proxy:			<none>
Request params:	<none>
Query params:	<none>
Form params:	<none>
Path params:	<none>
Headers:		Accept=application/json, application/javascript, text/javascript, text/json
				Content-Type=application/json
Cookies:		<none>
Multiparts:		<none>
Body:
{
    "firstName": "Naruto",
    "lastName": "Uchiha",
    "address": "Konoha, 142 apt.",
    "metroStation": 4,
    "phone": "+7 800 355 35 35",
    "rentTime": 5,
    "deliveryDate": "2020-06-06",
    "comment": "Saske, come back to Konoha",
    "color": [
        "BLACK"
    ]
}
Request method:	POST
Request URI:	http://qa-scooter.praktikum-services.ru/api/v1/orders/
Proxy:			<none>
Request params:	<none>
Query params:	<none>
Form params:	<none>
Path params:	<none>
Headers:		Accept=application/json, application/javascript, text/javascript, text/json
				Content-Type=application/json
Cookies:		<none>
Multiparts:		<none>
Body:
{
    "firstName": "Naruto",
    "lastName": "Uchiha",
    "address": "Konoha, 142 apt.",
    "metroStation": 4,
    "phone": "+7 800 355 35 35",
    "rentTime": 5,
    "deliveryDate": "2020-06-06",
    "comment": "Saske, come back to Konoha",
    "color": [
        "BLACK"
    ]
}
Request method:	POST
Request URI:	http://qa-scooter.praktikum-services.ru/api/v1/orders/
Proxy:			<none>
Request params:	<none>
Query params:	<none>
Form params:	<none>
Path params:	<none>
Headers:		Accept=application/json, application/javascript, text/javascript, text/json
				Content-Type=application/json
Cookies:		<none>
Multiparts:		<none>
Body:
{
    "firstName": "Naruto",
    "lastName": "Uchiha",
    "address": "Konoha, 142 apt.",
    "metroStation": 4,
    "phone": "+7 800 355 35 35",
    "rentTime": 5,
    "deliveryDate": "2020-06-06",
    "comment": "Saske, come back to Konoha",
    "color": [
        "BLACK"
    ]
}
Request method:	POST
Request URI:	http://qa-scooter.praktikum-services.ru/api/v1/orders/
Proxy:			<none>
Request params:	<none>
Query params:	<none>
Form params:	<none>
Path params:	<none>
Headers:		Accept=application/json, application/javascript, text/javascript, text/json
				Content-Type=application/json
Cookies:		<none>
Multiparts:		<none>
Body:
{
    "firstName": "Naruto",
    "lastName": "Uchiha",
    "address": "Konoha, 142 apt.",
    "metroStation": 4,
    "phone": "+7 800 355 35 35",
    "rentTime": 5,
    "deliveryDate": "2020-06-06",
    "comment": "Saske, come back to Konoha",
    "color": [
        "BLACK"
    ]
}
Request method:	POST
Request URI:	http://qa-scooter.praktikum-services.ru/api/v1/orders/
Proxy:			<none>
Request params:	<none>
Query params:	<none>
Form params:	<none>
Path params:	<none>
Headers:		Accept=application/json, application/javascript, text/javascript, text/json
				Content-Type=application/json
Cookies:		<none>
Multiparts:		<none>
Body:
{
    "firstName": "Naruto",
    "lastName": "Uchiha",
    "address": "Konoha, 142 apt.",
    "metroStation": 4,
    "phone": "+7 800 355 35 35",
    "rentTime": 5,
    "deliveryDate": "2020-06-06",
    "comment": "Saske, come back to Konoha",
    "color": [
        "BLACK"
    ]
}
Request method:	POST
Request URI:	http://qa-scooter.praktikum-services.ru/api/v1/orders/
Proxy:			<none>
Request params:	<none>
Query params:	<none>
Form params:	<none>
Path params:	<none>
Headers:		Accept=application/json, application/javascript, text/javascript, text/json
				Content-Type=application/json
Cookies:		<none>
Multiparts:		<none>
Body:
{
    "firstName": "Naruto",
    "lastName": "Uchiha",
    "address": "Konoha, 142 apt.",
    "metroStation": 4,
    "phone": "+7 800 355 35 35",
    "rentTime": 5,
    "deliveryDate": "2020-06-06",
    "comment": "Saske, come back to Konoha",
    "color": [
        "BLACK"
    ]
}
Request method:	POST
Request URI:	http://qa-scooter.praktikum-services.ru/api/v1/orders/
Proxy:			<none>
Request params:	<none>
Query params:	<none>
Form params:	<none>
Path params:	<none>
Headers:		Accept=application/json, application/javascript, text/javascript, text/json
				Content-Type=application/json
Cookies:		<none>
Multiparts:		<none>
Body:
{
    "firstName": "Naruto",
    "lastName": "Uchiha",
    "address": "Konoha, 142 apt.",
    "metroStation": 4,
    "phone": "+7 800 355 35 35",
    "rentTime": 5,
    "deliveryDate": "2020-06-06",
    "comment": "Saske, come back to Konoha",
    "color": [
        "BLACK"
    ]
}
Request method:	POST
Request URI:	http://qa-scooter.praktikum-services.ru/api/v1/orders/
Proxy:			<none>
Request params:	<none>
Query params:	<none>
Form params:	<none>
Path params:	<none>
Headers:		Accept=application/json, application/javascript, text/javascript, text/json
				Content-Type=application/json
Cookies:		<none>
Multiparts:		<none>
Body:
{
    "firstName": "Naruto",
    "lastName": "Uchiha",
    "address": "Konoha, 142 apt.",
    "metroStation": 4,
    "phone": "+7 800 355 35 35",
    "rentTime": 5,
    "deliveryDate": "2020-06-06",
    "comment": "Saske, come back to Konoha",
    "color": [
        "BLACK"
    ]
}
Request method:	POST
Request URI:	http://qa-scooter.praktikum-services.ru/api/v1/orders/
Proxy:			<none>
Request params:	<none>
Query params:	<none>
Form params:	<none>
Path params:	<none>
Headers:		Accept=application/json, application/javascript, text/javascript, text/json
				Content-Type=application/json
Cookies:		<none>
Multiparts:		<none>
Body:
{
    "firstName": "Naruto",
    "lastName": "Uchiha",
    "address": "Konoha, 142 apt.",
    "metroStation": 4,
    "phone": "+7 800 355 35 35",
    "rentTime": 5,
    "deliveryDate": "2020-06-06",
    "comment": "Saske, come back to Konoha",
    "color": [
        "BLACK"
    ]
}
Request method:	POST
Request URI:	http://qa-scooter.praktikum-services.ru/api/v1/orders/
Proxy:			<none>
Request params:	<none>
Query params:	<none>
Form params:	<none>
Path params:	<none>
Headers:		Accept=application/json, application/javascript, text/javascript, text/json
				Content-Type=application/json
Cookies:		<none>
Multiparts:		<none>
Body:
{
    "firstName": "Naruto",
    "lastName": "Uchiha",
    "address": "Konoha, 142 apt.",
    "metroStation": 4,
    "phone": "+7 800 355 35 35",
    "rentTime": 5,
    "deliveryDate": "2020-06-06",
    "comment": "Saske, come back to Konoha",
    "color": [
        "BLACK"
    ]
}
Request method:	POST
Request URI:	http://qa-scooter.praktikum-services.ru/api/v1/orders/
Proxy:			<none>
Request params:	<none>
Query params:	<none>
Form params:	<none>
Path params:	<none>
Headers:		Accept=application/json, application/javascript, text/javascript, text/json
				Content-Type=application/json
Cookies:		<none>
Multiparts:		<none>
Body:
{
    "firstName": "Naruto",
    "lastName": "Uchiha",
    "address": "Konoha, 142 apt.",
    "metroStation": 4,
    "phone": "+7 800 355 35 35",
    "rentTime": 5,
    "deliveryDate": "2020-06-06",
    "comment": "Saske, come back to Konoha",
    "color": [
        "BLACK"
    ]
}
Request method:	POST
Request URI:	http://qa-scooter.praktikum-services.ru/api/v1/orders/
Proxy:			<none>
Request params:	<none>
Query params:	<none>
Form params:	<none>
Path params:	<none>
Headers:		Accept=application/json, application/javascript, text/javascript, text/json
				Content-Type=application/json
Cookies:		<none>
Multiparts:		<none>
Body:
{
    "firstName": "Naruto",
    "lastName": "Uchiha",
    "address": "Konoha, 142 apt.",
    "metroStation": 4,
    "phone": "+7 800 355 35 35",
    "rentTime": 5,
    "deliveryDate": "2020-06-06",
    "comment": "Saske, come back to Konoha",
    "color": [
        "BLACK"
    ]
}
Request method:	POST
Request URI:	http://qa-scooter.praktikum-services.ru/api/v1/orders/
Proxy:			<none>
Request params:	<none>
Query params:	<none>
Form params:	<none>
Path params:	<none>
Headers:		Accept=application/json, application/javascript, text/javascript, text/json
				Content-Type=application/json
Cookies:		<none>
Multiparts:		<none>
Body:
{
    "firstName": "Naruto",
    "lastName": "Uchiha",
    "address": "Konoha, 142 apt.",
    "metroStation": 4,
    "phone": "+7 800 355 35 35",
    "rentTime": 5,
    "deliveryDate": "2020-06-06",
    "comment": "Saske, come back to Konoha",
    "color": [
        "BLACK"
    ]
}
HTTP/1.1 201 Created
Access-Control-Allow-Origin: *
Content-Length: 16
Content-Type: application/json; charset=utf-8
Date: Thu, 02 Jun 2022 14:09:37 GMT
ETag: W/"10-uvoPVVtvl1NRpwyGoyFaIo9isY4"
Set-Cookie: _yasc=dayABuHxjsZqjXJR74wdt4UwPymGU5AhZgChkjaZLtQ3aQ==; domain=.praktikum-services.ru; path=/; expires=Sat, 02-Jul-2022 14:09:37 GMT; secure
X-Powered-By: Express
X-Request-Id: 1654178977345392-9043086856998126048

{
    "track": 256204
}
HTTP/1.1 201 Created
Access-Control-Allow-Origin: *
Content-Length: 16
Content-Type: application/json; charset=utf-8
Date: Thu, 02 Jun 2022 14:09:37 GMT
ETag: W/"10-uvoPVVtvl1NRpwyGoyFaIo9isY4"
Set-Cookie: _yasc=dayABuHxjsZqjXJR74wdt4UwPymGU5AhZgChkjaZLtQ3aQ==; domain=.praktikum-services.ru; path=/; expires=Sat, 02-Jul-2022 14:09:37 GMT; secure
X-Powered-By: Express
X-Request-Id: 1654178977345392-9043086856998126048

{
    "track": 256204
}
HTTP/1.1 201 Created
Access-Control-Allow-Origin: *
Content-Length: 16
Content-Type: application/json; charset=utf-8
Date: Thu, 02 Jun 2022 14:09:37 GMT
ETag: W/"10-uvoPVVtvl1NRpwyGoyFaIo9isY4"
Set-Cookie: _yasc=dayABuHxjsZqjXJR74wdt4UwPymGU5AhZgChkjaZLtQ3aQ==; domain=.praktikum-services.ru; path=/; expires=Sat, 02-Jul-2022 14:09:37 GMT; secure
X-Powered-By: Express
X-Request-Id: 1654178977345392-9043086856998126048

{
    "track": 256204
}
HTTP/1.1 201 Created
Access-Control-Allow-Origin: *
Content-Length: 16
Content-Type: application/json; charset=utf-8
Date: Thu, 02 Jun 2022 14:09:37 GMT
ETag: W/"10-uvoPVVtvl1NRpwyGoyFaIo9isY4"
Set-Cookie: _yasc=dayABuHxjsZqjXJR74wdt4UwPymGU5AhZgChkjaZLtQ3aQ==; domain=.praktikum-services.ru; path=/; expires=Sat, 02-Jul-2022 14:09:37 GMT; secure
X-Powered-By: Express
X-Request-Id: 1654178977345392-9043086856998126048

{
    "track": 256204
}
HTTP/1.1 201 Created
Access-Control-Allow-Origin: *
Content-Length: 16
Content-Type: application/json; charset=utf-8
Date: Thu, 02 Jun 2022 14:09:37 GMT
ETag: W/"10-uvoPVVtvl1NRpwyGoyFaIo9isY4"
Set-Cookie: _yasc=dayABuHxjsZqjXJR74wdt4UwPymGU5AhZgChkjaZLtQ3aQ==; domain=.praktikum-services.ru; path=/; expires=Sat, 02-Jul-2022 14:09:37 GMT; secure
X-Powered-By: Express
X-Request-Id: 1654178977345392-9043086856998126048

{
    "track": 256204
}
HTTP/1.1 201 Created
Access-Control-Allow-Origin: *
Content-Length: 16
Content-Type: application/json; charset=utf-8
Date: Thu, 02 Jun 2022 14:09:37 GMT
ETag: W/"10-uvoPVVtvl1NRpwyGoyFaIo9isY4"
Set-Cookie: _yasc=dayABuHxjsZqjXJR74wdt4UwPymGU5AhZgChkjaZLtQ3aQ==; domain=.praktikum-services.ru; path=/; expires=Sat, 02-Jul-2022 14:09:37 GMT; secure
X-Powered-By: Express
X-Request-Id: 1654178977345392-9043086856998126048

{
    "track": 256204
}
HTTP/1.1 201 Created
Access-Control-Allow-Origin: *
Content-Length: 16
Content-Type: application/json; charset=utf-8
Date: Thu, 02 Jun 2022 14:09:37 GMT
ETag: W/"10-uvoPVVtvl1NRpwyGoyFaIo9isY4"
Set-Cookie: _yasc=dayABuHxjsZqjXJR74wdt4UwPymGU5AhZgChkjaZLtQ3aQ==; domain=.praktikum-services.ru; path=/; expires=Sat, 02-Jul-2022 14:09:37 GMT; secure
X-Powered-By: Express
X-Request-Id: 1654178977345392-9043086856998126048

{
    "track": 256204
}
HTTP/1.1 201 Created
Access-Control-Allow-Origin: *
Content-Length: 16
Content-Type: application/json; charset=utf-8
Date: Thu, 02 Jun 2022 14:09:37 GMT
ETag: W/"10-uvoPVVtvl1NRpwyGoyFaIo9isY4"
Set-Cookie: _yasc=dayABuHxjsZqjXJR74wdt4UwPymGU5AhZgChkjaZLtQ3aQ==; domain=.praktikum-services.ru; path=/; expires=Sat, 02-Jul-2022 14:09:37 GMT; secure
X-Powered-By: Express
X-Request-Id: 1654178977345392-9043086856998126048

{
    "track": 256204
}
HTTP/1.1 201 Created
Access-Control-Allow-Origin: *
Content-Length: 16
Content-Type: application/json; charset=utf-8
Date: Thu, 02 Jun 2022 14:09:37 GMT
ETag: W/"10-uvoPVVtvl1NRpwyGoyFaIo9isY4"
Set-Cookie: _yasc=dayABuHxjsZqjXJR74wdt4UwPymGU5AhZgChkjaZLtQ3aQ==; domain=.praktikum-services.ru; path=/; expires=Sat, 02-Jul-2022 14:09:37 GMT; secure
X-Powered-By: Express
X-Request-Id: 1654178977345392-9043086856998126048

{
    "track": 256204
}
HTTP/1.1 201 Created
Access-Control-Allow-Origin: *
Content-Length: 16
Content-Type: application/json; charset=utf-8
Date: Thu, 02 Jun 2022 14:09:37 GMT
ETag: W/"10-uvoPVVtvl1NRpwyGoyFaIo9isY4"
Set-Cookie: _yasc=dayABuHxjsZqjXJR74wdt4UwPymGU5AhZgChkjaZLtQ3aQ==; domain=.praktikum-services.ru; path=/; expires=Sat, 02-Jul-2022 14:09:37 GMT; secure
X-Powered-By: Express
X-Request-Id: 1654178977345392-9043086856998126048

{
    "track": 256204
}
HTTP/1.1 201 Created
Access-Control-Allow-Origin: *
Content-Length: 16
Content-Type: application/json; charset=utf-8
Date: Thu, 02 Jun 2022 14:09:37 GMT
ETag: W/"10-uvoPVVtvl1NRpwyGoyFaIo9isY4"
Set-Cookie: _yasc=dayABuHxjsZqjXJR74wdt4UwPymGU5AhZgChkjaZLtQ3aQ==; domain=.praktikum-services.ru; path=/; expires=Sat, 02-Jul-2022 14:09:37 GMT; secure
X-Powered-By: Express
X-Request-Id: 1654178977345392-9043086856998126048

{
    "track": 256204
}
HTTP/1.1 201 Created
Access-Control-Allow-Origin: *
Content-Length: 16
Content-Type: application/json; charset=utf-8
Date: Thu, 02 Jun 2022 14:09:37 GMT
ETag: W/"10-uvoPVVtvl1NRpwyGoyFaIo9isY4"
Set-Cookie: _yasc=dayABuHxjsZqjXJR74wdt4UwPymGU5AhZgChkjaZLtQ3aQ==; domain=.praktikum-services.ru; path=/; expires=Sat, 02-Jul-2022 14:09:37 GMT; secure
X-Powered-By: Express
X-Request-Id: 1654178977345392-9043086856998126048

{
    "track": 256204
}
HTTP/1.1 201 Created
Access-Control-Allow-Origin: *
Content-Length: 16
Content-Type: application/json; charset=utf-8
Date: Thu, 02 Jun 2022 14:09:37 GMT
ETag: W/"10-uvoPVVtvl1NRpwyGoyFaIo9isY4"
Set-Cookie: _yasc=dayABuHxjsZqjXJR74wdt4UwPymGU5AhZgChkjaZLtQ3aQ==; domain=.praktikum-services.ru; path=/; expires=Sat, 02-Jul-2022 14:09:37 GMT; secure
X-Powered-By: Express
X-Request-Id: 1654178977345392-9043086856998126048

{
    "track": 256204
}
HTTP/1.1 201 Created
Access-Control-Allow-Origin: *
Content-Length: 16
Content-Type: application/json; charset=utf-8
Date: Thu, 02 Jun 2022 14:09:37 GMT
ETag: W/"10-uvoPVVtvl1NRpwyGoyFaIo9isY4"
Set-Cookie: _yasc=dayABuHxjsZqjXJR74wdt4UwPymGU5AhZgChkjaZLtQ3aQ==; domain=.praktikum-services.ru; path=/; expires=Sat, 02-Jul-2022 14:09:37 GMT; secure
X-Powered-By: Express
X-Request-Id: 1654178977345392-9043086856998126048

{
    "track": 256204
}
HTTP/1.1 201 Created
Access-Control-Allow-Origin: *
Content-Length: 16
Content-Type: application/json; charset=utf-8
Date: Thu, 02 Jun 2022 14:09:37 GMT
ETag: W/"10-uvoPVVtvl1NRpwyGoyFaIo9isY4"
Set-Cookie: _yasc=dayABuHxjsZqjXJR74wdt4UwPymGU5AhZgChkjaZLtQ3aQ==; domain=.praktikum-services.ru; path=/; expires=Sat, 02-Jul-2022 14:09:37 GMT; secure
X-Powered-By: Express
X-Request-Id: 1654178977345392-9043086856998126048

{
    "track": 256204
}
HTTP/1.1 201 Created
Access-Control-Allow-Origin: *
Content-Length: 16
Content-Type: application/json; charset=utf-8
Date: Thu, 02 Jun 2022 14:09:37 GMT
ETag: W/"10-uvoPVVtvl1NRpwyGoyFaIo9isY4"
Set-Cookie: _yasc=dayABuHxjsZqjXJR74wdt4UwPymGU5AhZgChkjaZLtQ3aQ==; domain=.praktikum-services.ru; path=/; expires=Sat, 02-Jul-2022 14:09:37 GMT; secure
X-Powered-By: Express
X-Request-Id: 1654178977345392-9043086856998126048

{
    "track": 256204
}
HTTP/1.1 201 Created
Access-Control-Allow-Origin: *
Content-Length: 16
Content-Type: application/json; charset=utf-8
Date: Thu, 02 Jun 2022 14:09:37 GMT
ETag: W/"10-uvoPVVtvl1NRpwyGoyFaIo9isY4"
Set-Cookie: _yasc=dayABuHxjsZqjXJR74wdt4UwPymGU5AhZgChkjaZLtQ3aQ==; domain=.praktikum-services.ru; path=/; expires=Sat, 02-Jul-2022 14:09:37 GMT; secure
X-Powered-By: Express
X-Request-Id: 1654178977345392-9043086856998126048

{
    "track": 256204
}
HTTP/1.1 201 Created
Access-Control-Allow-Origin: *
Content-Length: 16
Content-Type: application/json; charset=utf-8
Date: Thu, 02 Jun 2022 14:09:37 GMT
ETag: W/"10-uvoPVVtvl1NRpwyGoyFaIo9isY4"
Set-Cookie: _yasc=dayABuHxjsZqjXJR74wdt4UwPymGU5AhZgChkjaZLtQ3aQ==; domain=.praktikum-services.ru; path=/; expires=Sat, 02-Jul-2022 14:09:37 GMT; secure
X-Powered-By: Express
X-Request-Id: 1654178977345392-9043086856998126048

{
    "track": 256204
}
HTTP/1.1 201 Created
Access-Control-Allow-Origin: *
Content-Length: 16
Content-Type: application/json; charset=utf-8
Date: Thu, 02 Jun 2022 14:09:37 GMT
ETag: W/"10-uvoPVVtvl1NRpwyGoyFaIo9isY4"
Set-Cookie: _yasc=dayABuHxjsZqjXJR74wdt4UwPymGU5AhZgChkjaZLtQ3aQ==; domain=.praktikum-services.ru; path=/; expires=Sat, 02-Jul-2022 14:09:37 GMT; secure
X-Powered-By: Express
X-Request-Id: 1654178977345392-9043086856998126048

{
    "track": 256204
}
HTTP/1.1 201 Created
Access-Control-Allow-Origin: *
Content-Length: 16
Content-Type: application/json; charset=utf-8
Date: Thu, 02 Jun 2022 14:09:37 GMT
ETag: W/"10-uvoPVVtvl1NRpwyGoyFaIo9isY4"
Set-Cookie: _yasc=dayABuHxjsZqjXJR74wdt4UwPymGU5AhZgChkjaZLtQ3aQ==; domain=.praktikum-services.ru; path=/; expires=Sat, 02-Jul-2022 14:09:37 GMT; secure
X-Powered-By: Express
X-Request-Id: 1654178977345392-9043086856998126048

{
    "track": 256204
}
HTTP/1.1 201 Created
Access-Control-Allow-Origin: *
Content-Length: 16
Content-Type: application/json; charset=utf-8
Date: Thu, 02 Jun 2022 14:09:37 GMT
ETag: W/"10-uvoPVVtvl1NRpwyGoyFaIo9isY4"
Set-Cookie: _yasc=dayABuHxjsZqjXJR74wdt4UwPymGU5AhZgChkjaZLtQ3aQ==; domain=.praktikum-services.ru; path=/; expires=Sat, 02-Jul-2022 14:09:37 GMT; secure
X-Powered-By: Express
X-Request-Id: 1654178977345392-9043086856998126048

{
    "track": 256204
}
HTTP/1.1 201 Created
Access-Control-Allow-Origin: *
Content-Length: 16
Content-Type: application/json; charset=utf-8
Date: Thu, 02 Jun 2022 14:09:37 GMT
ETag: W/"10-uvoPVVtvl1NRpwyGoyFaIo9isY4"
Set-Cookie: _yasc=dayABuHxjsZqjXJR74wdt4UwPymGU5AhZgChkjaZLtQ3aQ==; domain=.praktikum-services.ru; path=/; expires=Sat, 02-Jul-2022 14:09:37 GMT; secure
X-Powered-By: Express
X-Request-Id: 1654178977345392-9043086856998126048

{
    "track": 256204
}
Request method:	GET
Request URI:	http://qa-scooter.praktikum-services.ru/api/v1/orders/
Proxy:			<none>
Request params:	<none>
Query params:	<none>
Form params:	<none>
Path params:	<none>
Headers:		Accept=application/json, application/javascript, text/javascript, text/json
				Content-Type=application/json
Cookies:		<none>
Multiparts:		<none>
Body:			<none>
Request method:	GET
Request URI:	http://qa-scooter.praktikum-services.ru/api/v1/orders/
Proxy:			<none>
Request params:	<none>
Query params:	<none>
Form params:	<none>
Path params:	<none>
Headers:		Accept=application/json, application/javascript, text/javascript, text/json
				Content-Type=application/json
Cookies:		<none>
Multiparts:		<none>
Body:			<none>
Request method:	GET
Request URI:	http://qa-scooter.praktikum-services.ru/api/v1/orders/
Proxy:			<none>
Request params:	<none>
Query params:	<none>
Form params:	<none>
Path params:	<none>
Headers:		Accept=application/json, application/javascript, text/javascript, text/json
				Content-Type=application/json
Cookies:		<none>
Multiparts:		<none>
Body:			<none>
Request method:	GET
Request URI:	http://qa-scooter.praktikum-services.ru/api/v1/orders/
Proxy:			<none>
Request params:	<none>
Query params:	<none>
Form params:	<none>
Path params:	<none>
Headers:		Accept=application/json, application/javascript, text/javascript, text/json
				Content-Type=application/json
Cookies:		<none>
Multiparts:		<none>
Body:			<none>
Request method:	GET
Request URI:	http://qa-scooter.praktikum-services.ru/api/v1/orders/
Proxy:			<none>
Request params:	<none>
Query params:	<none>
Form params:	<none>
Path params:	<none>
Headers:		Accept=application/json, application/javascript, text/javascript, text/json
				Content-Type=application/json
Cookies:		<none>
Multiparts:		<none>
Body:			<none>
Request method:	GET
Request URI:	http://qa-scooter.praktikum-services.ru/api/v1/orders/
Proxy:			<none>
Request params:	<none>
Query params:	<none>
Form params:	<none>
Path params:	<none>
Headers:		Accept=application/json, application/javascript, text/javascript, text/json
				Content-Type=application/json
Cookies:		<none>
Multiparts:		<none>
Body:			<none>
Request method:	GET
Request URI:	http://qa-scooter.praktikum-services.ru/api/v1/orders/
Proxy:			<none>
Request params:	<none>
Query params:	<none>
Form params:	<none>
Path params:	<none>
Headers:		Accept=application/json, application/javascript, text/javascript, text/json
				Content-Type=application/json
Cookies:		<none>
Multiparts:		<none>
Body:			<none>
Request method:	GET
Request URI:	http://qa-scooter.praktikum-services.ru/api/v1/orders/
Proxy:			<none>
Request params:	<none>
Query params:	<none>
Form params:	<none>
Path params:	<none>
Headers:		Accept=application/json, application/javascript, text/javascript, text/json
				Content-Type=application/json
Cookies:		<none>
Multiparts:		<none>
Body:			<none>
Request method:	GET
Request URI:	http://qa-scooter.praktikum-services.ru/api/v1/orders/
Proxy:			<none>
Request params:	<none>
Query params:	<none>
Form params:	<none>
Path params:	<none>
Headers:		Accept=application/json, application/javascript, text/javascript, text/json
				Content-Type=application/json
Cookies:		<none>
Multiparts:		<none>
Body:			<none>
Request method:	GET
Request URI:	http://qa-scooter.praktikum-services.ru/api/v1/orders/
Proxy:			<none>
Request params:	<none>
Query params:	<none>
Form params:	<none>
Path params:	<none>
Headers:		Accept=application/json, application/javascript, text/javascript, text/json
				Content-Type=application/json
Cookies:		<none>
Multiparts:		<none>
Body:			<none>
Request method:	GET
Request URI:	http://qa-scooter.praktikum-services.ru/api/v1/orders/
Proxy:			<none>
Request params:	<none>
Query params:	<none>
Form params:	<none>
Path params:	<none>
Headers:		Accept=application/json, application/javascript, text/javascript, text/json
				Content-Type=application/json
Cookies:		<none>
Multiparts:		<none>
Body:			<none>
Request method:	GET
Request URI:	http://qa-scooter.praktikum-services.ru/api/v1/orders/
Proxy:			<none>
Request params:	<none>
Query params:	<none>
Form params:	<none>
Path params:	<none>
Headers:		Accept=application/json, application/javascript, text/javascript, text/json
				Content-Type=application/json
Cookies:		<none>
Multiparts:		<none>
Body:			<none>
Request method:	GET
Request URI:	http://qa-scooter.praktikum-services.ru/api/v1/orders/
Proxy:			<none>
Request params:	<none>
Query params:	<none>
Form params:	<none>
Path params:	<none>
Headers:		Accept=application/json, application/javascript, text/javascript, text/json
				Content-Type=application/json
Cookies:		<none>
Multiparts:		<none>
Body:			<none>
Request method:	GET
Request URI:	http://qa-scooter.praktikum-services.ru/api/v1/orders/
Proxy:			<none>
Request params:	<none>
Query params:	<none>
Form params:	<none>
Path params:	<none>
Headers:		Accept=application/json, application/javascript, text/javascript, text/json
				Content-Type=application/json
Cookies:		<none>
Multiparts:		<none>
Body:			<none>
Request method:	GET
Request URI:	http://qa-scooter.praktikum-services.ru/api/v1/orders/
Proxy:			<none>
Request params:	<none>
Query params:	<none>
Form params:	<none>
Path params:	<none>
Headers:		Accept=application/json, application/javascript, text/javascript, text/json
				Content-Type=application/json
Cookies:		<none>
Multiparts:		<none>
Body:			<none>
Request method:	GET
Request URI:	http://qa-scooter.praktikum-services.ru/api/v1/orders/
Proxy:			<none>
Request params:	<none>
Query params:	<none>
Form params:	<none>
Path params:	<none>
Headers:		Accept=application/json, application/javascript, text/javascript, text/json
				Content-Type=application/json
Cookies:		<none>
Multiparts:		<none>
Body:			<none>
Request method:	GET
Request URI:	http://qa-scooter.praktikum-services.ru/api/v1/orders/
Proxy:			<none>
Request params:	<none>
Query params:	<none>
Form params:	<none>
Path params:	<none>
Headers:		Accept=application/json, application/javascript, text/javascript, text/json
				Content-Type=application/json
Cookies:		<none>
Multiparts:		<none>
Body:			<none>
Request method:	GET
Request URI:	http://qa-scooter.praktikum-services.ru/api/v1/orders/
Proxy:			<none>
Request params:	<none>
Query params:	<none>
Form params:	<none>
Path params:	<none>
Headers:		Accept=application/json, application/javascript, text/javascript, text/json
				Content-Type=application/json
Cookies:		<none>
Multiparts:		<none>
Body:			<none>
Request method:	GET
Request URI:	http://qa-scooter.praktikum-services.ru/api/v1/orders/
Proxy:			<none>
Request params:	<none>
Query params:	<none>
Form params:	<none>
Path params:	<none>
Headers:		Accept=application/json, application/javascript, text/javascript, text/json
				Content-Type=application/json
Cookies:		<none>
Multiparts:		<none>
Body:			<none>
Request method:	GET
Request URI:	http://qa-scooter.praktikum-services.ru/api/v1/orders/
Proxy:			<none>
Request params:	<none>
Query params:	<none>
Form params:	<none>
Path params:	<none>
Headers:		Accept=application/json, application/javascript, text/javascript, text/json
				Content-Type=application/json
Cookies:		<none>
Multiparts:		<none>
Body:			<none>
Request method:	GET
Request URI:	http://qa-scooter.praktikum-services.ru/api/v1/orders/
Proxy:			<none>
Request params:	<none>
Query params:	<none>
Form params:	<none>
Path params:	<none>
Headers:		Accept=application/json, application/javascript, text/javascript, text/json
				Content-Type=application/json
Cookies:		<none>
Multiparts:		<none>
Body:			<none>
Request method:	GET
Request URI:	http://qa-scooter.praktikum-services.ru/api/v1/orders/
Proxy:			<none>
Request params:	<none>
Query params:	<none>
Form params:	<none>
Path params:	<none>
Headers:		Accept=application/json, application/javascript, text/javascript, text/json
				Content-Type=application/json
Cookies:		<none>
Multiparts:		<none>
Body:			<none>
Request method:	GET
Request URI:	http://qa-scooter.praktikum-services.ru/api/v1/orders/
Proxy:			<none>
Request params:	<none>
Query params:	<none>
Form params:	<none>
Path params:	<none>
Headers:		Accept=application/json, application/javascript, text/javascript, text/json
				Content-Type=application/json
Cookies:		<none>
Multiparts:		<none>
Body:			<none>
Request method:	PUT
Request URI:	http://qa-scooter.praktikum-services.ru/api/v1/orders/cancel?track=256204
Proxy:			<none>
Request params:	<none>
Query params:	<none>
Form params:	<none>
Path params:	<none>
Headers:		Accept=application/json, application/javascript, text/javascript, text/json
				Content-Type=application/json
Cookies:		<none>
Multiparts:		<none>
Body:			<none>
Request method:	PUT
Request URI:	http://qa-scooter.praktikum-services.ru/api/v1/orders/cancel?track=256204
Proxy:			<none>
Request params:	<none>
Query params:	<none>
Form params:	<none>
Path params:	<none>
Headers:		Accept=application/json, application/javascript, text/javascript, text/json
				Content-Type=application/json
Cookies:		<none>
Multiparts:		<none>
Body:			<none>
Request method:	PUT
Request URI:	http://qa-scooter.praktikum-services.ru/api/v1/orders/cancel?track=256204
Proxy:			<none>
Request params:	<none>
Query params:	<none>
Form params:	<none>
Path params:	<none>
Headers:		Accept=application/json, application/javascript, text/javascript, text/json
				Content-Type=application/json
Cookies:		<none>
Multiparts:		<none>
Body:			<none>
Request method:	PUT
Request URI:	http://qa-scooter.praktikum-services.ru/api/v1/orders/cancel?track=256204
Proxy:			<none>
Request params:	<none>
Query params:	<none>
Form params:	<none>
Path params:	<none>
Headers:		Accept=application/json, application/javascript, text/javascript, text/json
				Content-Type=application/json
Cookies:		<none>
Multiparts:		<none>
Body:			<none>
Request method:	PUT
Request URI:	http://qa-scooter.praktikum-services.ru/api/v1/orders/cancel?track=256204
Proxy:			<none>
Request params:	<none>
Query params:	<none>
Form params:	<none>
Path params:	<none>
Headers:		Accept=application/json, application/javascript, text/javascript, text/json
				Content-Type=application/json
Cookies:		<none>
Multiparts:		<none>
Body:			<none>
Request method:	PUT
Request URI:	http://qa-scooter.praktikum-services.ru/api/v1/orders/cancel?track=256204
Proxy:			<none>
Request params:	<none>
Query params:	<none>
Form params:	<none>
Path params:	<none>
Headers:		Accept=application/json, application/javascript, text/javascript, text/json
				Content-Type=application/json
Cookies:		<none>
Multiparts:		<none>
Body:			<none>
Request method:	PUT
Request URI:	http://qa-scooter.praktikum-services.ru/api/v1/orders/cancel?track=256204
Proxy:			<none>
Request params:	<none>
Query params:	<none>
Form params:	<none>
Path params:	<none>
Headers:		Accept=application/json, application/javascript, text/javascript, text/json
				Content-Type=application/json
Cookies:		<none>
Multiparts:		<none>
Body:			<none>
Request method:	PUT
Request URI:	http://qa-scooter.praktikum-services.ru/api/v1/orders/cancel?track=256204
Proxy:			<none>
Request params:	<none>
Query params:	<none>
Form params:	<none>
Path params:	<none>
Headers:		Accept=application/json, application/javascript, text/javascript, text/json
				Content-Type=application/json
Cookies:		<none>
Multiparts:		<none>
Body:			<none>
Request method:	PUT
Request URI:	http://qa-scooter.praktikum-services.ru/api/v1/orders/cancel?track=256204
Proxy:			<none>
Request params:	<none>
Query params:	<none>
Form params:	<none>
Path params:	<none>
Headers:		Accept=application/json, application/javascript, text/javascript, text/json
				Content-Type=application/json
Cookies:		<none>
Multiparts:		<none>
Body:			<none>
Request method:	PUT
Request URI:	http://qa-scooter.praktikum-services.ru/api/v1/orders/cancel?track=256204
Proxy:			<none>
Request params:	<none>
Query params:	<none>
Form params:	<none>
Path params:	<none>
Headers:		Accept=application/json, application/javascript, text/javascript, text/json
				Content-Type=application/json
Cookies:		<none>
Multiparts:		<none>
Body:			<none>
Request method:	PUT
Request URI:	http://qa-scooter.praktikum-services.ru/api/v1/orders/cancel?track=256204
Proxy:			<none>
Request params:	<none>
Query params:	<none>
Form params:	<none>
Path params:	<none>
Headers:		Accept=application/json, application/javascript, text/javascript, text/json
				Content-Type=application/json
Cookies:		<none>
Multiparts:		<none>
Body:			<none>
Request method:	PUT
Request URI:	http://qa-scooter.praktikum-services.ru/api/v1/orders/cancel?track=256204
Proxy:			<none>
Request params:	<none>
Query params:	<none>
Form params:	<none>
Path params:	<none>
Headers:		Accept=application/json, application/javascript, text/javascript, text/json
				Content-Type=application/json
Cookies:		<none>
Multiparts:		<none>
Body:			<none>
Request method:	PUT
Request URI:	http://qa-scooter.praktikum-services.ru/api/v1/orders/cancel?track=256204
Proxy:			<none>
Request params:	<none>
Query params:	<none>
Form params:	<none>
Path params:	<none>
Headers:		Accept=application/json, application/javascript, text/javascript, text/json
				Content-Type=application/json
Cookies:		<none>
Multiparts:		<none>
Body:			<none>
Request method:	PUT
Request URI:	http://qa-scooter.praktikum-services.ru/api/v1/orders/cancel?track=256204
Proxy:			<none>
Request params:	<none>
Query params:	<none>
Form params:	<none>
Path params:	<none>
Headers:		Accept=application/json, application/javascript, text/javascript, text/json
				Content-Type=application/json
Cookies:		<none>
Multiparts:		<none>
Body:			<none>
Request method:	PUT
Request URI:	http://qa-scooter.praktikum-services.ru/api/v1/orders/cancel?track=256204
Proxy:			<none>
Request params:	<none>
Query params:	<none>
Form params:	<none>
Path params:	<none>
Headers:		Accept=application/json, application/javascript, text/javascript, text/json
				Content-Type=application/json
Cookies:		<none>
Multiparts:		<none>
Body:			<none>
Request method:	PUT
Request URI:	http://qa-scooter.praktikum-services.ru/api/v1/orders/cancel?track=256204
Proxy:			<none>
Request params:	<none>
Query params:	<none>
Form params:	<none>
Path params:	<none>
Headers:		Accept=application/json, application/javascript, text/javascript, text/json
				Content-Type=application/json
Cookies:		<none>
Multiparts:		<none>
Body:			<none>
Request method:	PUT
Request URI:	http://qa-scooter.praktikum-services.ru/api/v1/orders/cancel?track=256204
Proxy:			<none>
Request params:	<none>
Query params:	<none>
Form params:	<none>
Path params:	<none>
Headers:		Accept=application/json, application/javascript, text/javascript, text/json
				Content-Type=application/json
Cookies:		<none>
Multiparts:		<none>
Body:			<none>
Request method:	PUT
Request URI:	http://qa-scooter.praktikum-services.ru/api/v1/orders/cancel?track=256204
Proxy:			<none>
Request params:	<none>
Query params:	<none>
Form params:	<none>
Path params:	<none>
Headers:		Accept=application/json, application/javascript, text/javascript, text/json
				Content-Type=application/json
Cookies:		<none>
Multiparts:		<none>
Body:			<none>
Request method:	PUT
Request URI:	http://qa-scooter.praktikum-services.ru/api/v1/orders/cancel?track=256204
Proxy:			<none>
Request params:	<none>
Query params:	<none>
Form params:	<none>
Path params:	<none>
Headers:		Accept=application/json, application/javascript, text/javascript, text/json
				Content-Type=application/json
Cookies:		<none>
Multiparts:		<none>
Body:			<none>
Request method:	PUT
Request URI:	http://qa-scooter.praktikum-services.ru/api/v1/orders/cancel?track=256204
Proxy:			<none>
Request params:	<none>
Query params:	<none>
Form params:	<none>
Path params:	<none>
Headers:		Accept=application/json, application/javascript, text/javascript, text/json
				Content-Type=application/json
Cookies:		<none>
Multiparts:		<none>
Body:			<none>
Request method:	PUT
Request URI:	http://qa-scooter.praktikum-services.ru/api/v1/orders/cancel?track=256204
Proxy:			<none>
Request params:	<none>
Query params:	<none>
Form params:	<none>
Path params:	<none>
Headers:		Accept=application/json, application/javascript, text/javascript, text/json
				Content-Type=application/json
Cookies:		<none>
Multiparts:		<none>
Body:			<none>
Request method:	PUT
Request URI:	http://qa-scooter.praktikum-services.ru/api/v1/orders/cancel?track=256204
Proxy:			<none>
Request params:	<none>
Query params:	<none>
Form params:	<none>
Path params:	<none>
Headers:		Accept=application/json, application/javascript, text/javascript, text/json
				Content-Type=application/json
Cookies:		<none>
Multiparts:		<none>
Body:			<none>
Request method:	PUT
Request URI:	http://qa-scooter.praktikum-services.ru/api/v1/orders/cancel?track=256204
Proxy:			<none>
Request params:	<none>
Query params:	<none>
Form params:	<none>
Path params:	<none>
Headers:		Accept=application/json, application/javascript, text/javascript, text/json
				Content-Type=application/json
Cookies:		<none>
Multiparts:		<none>
Body:			<none>
Request method:	PUT
Request URI:	http://qa-scooter.praktikum-services.ru/api/v1/orders/cancel?track=256204
Proxy:			<none>
Request params:	<none>
Query params:	<none>
Form params:	<none>
Path params:	<none>
Headers:		Accept=application/json, application/javascript, text/javascript, text/json
				Content-Type=application/json
Cookies:		<none>
Multiparts:		<none>
Body:			<none>
HTTP/1.1 200 OK
Access-Control-Allow-Origin: *
Content-Length: 11
Content-Type: application/json; charset=utf-8
Date: Thu, 02 Jun 2022 14:09:40 GMT
ETag: W/"b-Ai2R8hgEarLmHKwesT1qcY913ys"
Set-Cookie: _yasc=SmIp44cSKwM+TA8lzAi/wFLLAglzTckUGF57iXBPERB/bw==; domain=.praktikum-services.ru; path=/; expires=Sat, 02-Jul-2022 14:09:40 GMT; secure
X-Powered-By: Express
X-Request-Id: 1654178980570811-6317051194347082655

{
    "ok": true
}
HTTP/1.1 200 OK
Access-Control-Allow-Origin: *
Content-Length: 11
Content-Type: application/json; charset=utf-8
Date: Thu, 02 Jun 2022 14:09:40 GMT
ETag: W/"b-Ai2R8hgEarLmHKwesT1qcY913ys"
Set-Cookie: _yasc=SmIp44cSKwM+TA8lzAi/wFLLAglzTckUGF57iXBPERB/bw==; domain=.praktikum-services.ru; path=/; expires=Sat, 02-Jul-2022 14:09:40 GMT; secure
X-Powered-By: Express
X-Request-Id: 1654178980570811-6317051194347082655

{
    "ok": true
}
HTTP/1.1 200 OK
Access-Control-Allow-Origin: *
Content-Length: 11
Content-Type: application/json; charset=utf-8
Date: Thu, 02 Jun 2022 14:09:40 GMT
ETag: W/"b-Ai2R8hgEarLmHKwesT1qcY913ys"
Set-Cookie: _yasc=SmIp44cSKwM+TA8lzAi/wFLLAglzTckUGF57iXBPERB/bw==; domain=.praktikum-services.ru; path=/; expires=Sat, 02-Jul-2022 14:09:40 GMT; secure
X-Powered-By: Express
X-Request-Id: 1654178980570811-6317051194347082655

{
    "ok": true
}
HTTP/1.1 200 OK
Access-Control-Allow-Origin: *
Content-Length: 11
Content-Type: application/json; charset=utf-8
Date: Thu, 02 Jun 2022 14:09:40 GMT
ETag: W/"b-Ai2R8hgEarLmHKwesT1qcY913ys"
Set-Cookie: _yasc=SmIp44cSKwM+TA8lzAi/wFLLAglzTckUGF57iXBPERB/bw==; domain=.praktikum-services.ru; path=/; expires=Sat, 02-Jul-2022 14:09:40 GMT; secure
X-Powered-By: Express
X-Request-Id: 1654178980570811-6317051194347082655

{
    "ok": true
}
HTTP/1.1 200 OK
Access-Control-Allow-Origin: *
Content-Length: 11
Content-Type: application/json; charset=utf-8
Date: Thu, 02 Jun 2022 14:09:40 GMT
ETag: W/"b-Ai2R8hgEarLmHKwesT1qcY913ys"
Set-Cookie: _yasc=SmIp44cSKwM+TA8lzAi/wFLLAglzTckUGF57iXBPERB/bw==; domain=.praktikum-services.ru; path=/; expires=Sat, 02-Jul-2022 14:09:40 GMT; secure
X-Powered-By: Express
X-Request-Id: 1654178980570811-6317051194347082655

{
    "ok": true
}
HTTP/1.1 200 OK
Access-Control-Allow-Origin: *
Content-Length: 11
Content-Type: application/json; charset=utf-8
Date: Thu, 02 Jun 2022 14:09:40 GMT
ETag: W/"b-Ai2R8hgEarLmHKwesT1qcY913ys"
Set-Cookie: _yasc=SmIp44cSKwM+TA8lzAi/wFLLAglzTckUGF57iXBPERB/bw==; domain=.praktikum-services.ru; path=/; expires=Sat, 02-Jul-2022 14:09:40 GMT; secure
X-Powered-By: Express
X-Request-Id: 1654178980570811-6317051194347082655

{
    "ok": true
}
HTTP/1.1 200 OK
Access-Control-Allow-Origin: *
Content-Length: 11
Content-Type: application/json; charset=utf-8
Date: Thu, 02 Jun 2022 14:09:40 GMT
ETag: W/"b-Ai2R8hgEarLmHKwesT1qcY913ys"
Set-Cookie: _yasc=SmIp44cSKwM+TA8lzAi/wFLLAglzTckUGF57iXBPERB/bw==; domain=.praktikum-services.ru; path=/; expires=Sat, 02-Jul-2022 14:09:40 GMT; secure
X-Powered-By: Express
X-Request-Id: 1654178980570811-6317051194347082655

{
    "ok": true
}
HTTP/1.1 200 OK
Access-Control-Allow-Origin: *
Content-Length: 11
Content-Type: application/json; charset=utf-8
Date: Thu, 02 Jun 2022 14:09:40 GMT
ETag: W/"b-Ai2R8hgEarLmHKwesT1qcY913ys"
Set-Cookie: _yasc=SmIp44cSKwM+TA8lzAi/wFLLAglzTckUGF57iXBPERB/bw==; domain=.praktikum-services.ru; path=/; expires=Sat, 02-Jul-2022 14:09:40 GMT; secure
X-Powered-By: Express
X-Request-Id: 1654178980570811-6317051194347082655

{
    "ok": true
}
HTTP/1.1 200 OK
Access-Control-Allow-Origin: *
Content-Length: 11
Content-Type: application/json; charset=utf-8
Date: Thu, 02 Jun 2022 14:09:40 GMT
ETag: W/"b-Ai2R8hgEarLmHKwesT1qcY913ys"
Set-Cookie: _yasc=SmIp44cSKwM+TA8lzAi/wFLLAglzTckUGF57iXBPERB/bw==; domain=.praktikum-services.ru; path=/; expires=Sat, 02-Jul-2022 14:09:40 GMT; secure
X-Powered-By: Express
X-Request-Id: 1654178980570811-6317051194347082655

{
    "ok": true
}
HTTP/1.1 200 OK
Access-Control-Allow-Origin: *
Content-Length: 11
Content-Type: application/json; charset=utf-8
Date: Thu, 02 Jun 2022 14:09:40 GMT
ETag: W/"b-Ai2R8hgEarLmHKwesT1qcY913ys"
Set-Cookie: _yasc=SmIp44cSKwM+TA8lzAi/wFLLAglzTckUGF57iXBPERB/bw==; domain=.praktikum-services.ru; path=/; expires=Sat, 02-Jul-2022 14:09:40 GMT; secure
X-Powered-By: Express
X-Request-Id: 1654178980570811-6317051194347082655

{
    "ok": true
}
HTTP/1.1 200 OK
Access-Control-Allow-Origin: *
Content-Length: 11
Content-Type: application/json; charset=utf-8
Date: Thu, 02 Jun 2022 14:09:40 GMT
ETag: W/"b-Ai2R8hgEarLmHKwesT1qcY913ys"
Set-Cookie: _yasc=SmIp44cSKwM+TA8lzAi/wFLLAglzTckUGF57iXBPERB/bw==; domain=.praktikum-services.ru; path=/; expires=Sat, 02-Jul-2022 14:09:40 GMT; secure
X-Powered-By: Express
X-Request-Id: 1654178980570811-6317051194347082655

{
    "ok": true
}
HTTP/1.1 200 OK
Access-Control-Allow-Origin: *
Content-Length: 11
Content-Type: application/json; charset=utf-8
Date: Thu, 02 Jun 2022 14:09:40 GMT
ETag: W/"b-Ai2R8hgEarLmHKwesT1qcY913ys"
Set-Cookie: _yasc=SmIp44cSKwM+TA8lzAi/wFLLAglzTckUGF57iXBPERB/bw==; domain=.praktikum-services.ru; path=/; expires=Sat, 02-Jul-2022 14:09:40 GMT; secure
X-Powered-By: Express
X-Request-Id: 1654178980570811-6317051194347082655

{
    "ok": true
}
HTTP/1.1 200 OK
Access-Control-Allow-Origin: *
Content-Length: 11
Content-Type: application/json; charset=utf-8
Date: Thu, 02 Jun 2022 14:09:40 GMT
ETag: W/"b-Ai2R8hgEarLmHKwesT1qcY913ys"
Set-Cookie: _yasc=SmIp44cSKwM+TA8lzAi/wFLLAglzTckUGF57iXBPERB/bw==; domain=.praktikum-services.ru; path=/; expires=Sat, 02-Jul-2022 14:09:40 GMT; secure
X-Powered-By: Express
X-Request-Id: 1654178980570811-6317051194347082655

{
    "ok": true
}
HTTP/1.1 200 OK
Access-Control-Allow-Origin: *
Content-Length: 11
Content-Type: application/json; charset=utf-8
Date: Thu, 02 Jun 2022 14:09:40 GMT
ETag: W/"b-Ai2R8hgEarLmHKwesT1qcY913ys"
Set-Cookie: _yasc=SmIp44cSKwM+TA8lzAi/wFLLAglzTckUGF57iXBPERB/bw==; domain=.praktikum-services.ru; path=/; expires=Sat, 02-Jul-2022 14:09:40 GMT; secure
X-Powered-By: Express
X-Request-Id: 1654178980570811-6317051194347082655

{
    "ok": true
}
HTTP/1.1 200 OK
Access-Control-Allow-Origin: *
Content-Length: 11
Content-Type: application/json; charset=utf-8
Date: Thu, 02 Jun 2022 14:09:40 GMT
ETag: W/"b-Ai2R8hgEarLmHKwesT1qcY913ys"
Set-Cookie: _yasc=SmIp44cSKwM+TA8lzAi/wFLLAglzTckUGF57iXBPERB/bw==; domain=.praktikum-services.ru; path=/; expires=Sat, 02-Jul-2022 14:09:40 GMT; secure
X-Powered-By: Express
X-Request-Id: 1654178980570811-6317051194347082655

{
    "ok": true
}
HTTP/1.1 200 OK
Access-Control-Allow-Origin: *
Content-Length: 11
Content-Type: application/json; charset=utf-8
Date: Thu, 02 Jun 2022 14:09:40 GMT
ETag: W/"b-Ai2R8hgEarLmHKwesT1qcY913ys"
Set-Cookie: _yasc=SmIp44cSKwM+TA8lzAi/wFLLAglzTckUGF57iXBPERB/bw==; domain=.praktikum-services.ru; path=/; expires=Sat, 02-Jul-2022 14:09:40 GMT; secure
X-Powered-By: Express
X-Request-Id: 1654178980570811-6317051194347082655

{
    "ok": true
}
HTTP/1.1 200 OK
Access-Control-Allow-Origin: *
Content-Length: 11
Content-Type: application/json; charset=utf-8
Date: Thu, 02 Jun 2022 14:09:40 GMT
ETag: W/"b-Ai2R8hgEarLmHKwesT1qcY913ys"
Set-Cookie: _yasc=SmIp44cSKwM+TA8lzAi/wFLLAglzTckUGF57iXBPERB/bw==; domain=.praktikum-services.ru; path=/; expires=Sat, 02-Jul-2022 14:09:40 GMT; secure
X-Powered-By: Express
X-Request-Id: 1654178980570811-6317051194347082655

{
    "ok": true
}
HTTP/1.1 200 OK
Access-Control-Allow-Origin: *
Content-Length: 11
Content-Type: application/json; charset=utf-8
Date: Thu, 02 Jun 2022 14:09:40 GMT
ETag: W/"b-Ai2R8hgEarLmHKwesT1qcY913ys"
Set-Cookie: _yasc=SmIp44cSKwM+TA8lzAi/wFLLAglzTckUGF57iXBPERB/bw==; domain=.praktikum-services.ru; path=/; expires=Sat, 02-Jul-2022 14:09:40 GMT; secure
X-Powered-By: Express
X-Request-Id: 1654178980570811-6317051194347082655

{
    "ok": true
}
HTTP/1.1 200 OK
Access-Control-Allow-Origin: *
Content-Length: 11
Content-Type: application/json; charset=utf-8
Date: Thu, 02 Jun 2022 14:09:40 GMT
ETag: W/"b-Ai2R8hgEarLmHKwesT1qcY913ys"
Set-Cookie: _yasc=SmIp44cSKwM+TA8lzAi/wFLLAglzTckUGF57iXBPERB/bw==; domain=.praktikum-services.ru; path=/; expires=Sat, 02-Jul-2022 14:09:40 GMT; secure
X-Powered-By: Express
X-Request-Id: 1654178980570811-6317051194347082655

{
    "ok": true
}
HTTP/1.1 200 OK
Access-Control-Allow-Origin: *
Content-Length: 11
Content-Type: application/json; charset=utf-8
Date: Thu, 02 Jun 2022 14:09:40 GMT
ETag: W/"b-Ai2R8hgEarLmHKwesT1qcY913ys"
Set-Cookie: _yasc=SmIp44cSKwM+TA8lzAi/wFLLAglzTckUGF57iXBPERB/bw==; domain=.praktikum-services.ru; path=/; expires=Sat, 02-Jul-2022 14:09:40 GMT; secure
X-Powered-By: Express
X-Request-Id: 1654178980570811-6317051194347082655

{
    "ok": true
}
HTTP/1.1 200 OK
Access-Control-Allow-Origin: *
Content-Length: 11
Content-Type: application/json; charset=utf-8
Date: Thu, 02 Jun 2022 14:09:40 GMT
ETag: W/"b-Ai2R8hgEarLmHKwesT1qcY913ys"
Set-Cookie: _yasc=SmIp44cSKwM+TA8lzAi/wFLLAglzTckUGF57iXBPERB/bw==; domain=.praktikum-services.ru; path=/; expires=Sat, 02-Jul-2022 14:09:40 GMT; secure
X-Powered-By: Express
X-Request-Id: 1654178980570811-6317051194347082655

{
    "ok": true
}
HTTP/1.1 200 OK
Access-Control-Allow-Origin: *
Content-Length: 11
Content-Type: application/json; charset=utf-8
Date: Thu, 02 Jun 2022 14:09:40 GMT
ETag: W/"b-Ai2R8hgEarLmHKwesT1qcY913ys"
Set-Cookie: _yasc=SmIp44cSKwM+TA8lzAi/wFLLAglzTckUGF57iXBPERB/bw==; domain=.praktikum-services.ru; path=/; expires=Sat, 02-Jul-2022 14:09:40 GMT; secure
X-Powered-By: Express
X-Request-Id: 1654178980570811-6317051194347082655

{
    "ok": true
}
HTTP/1.1 200 OK
Access-Control-Allow-Origin: *
Content-Length: 11
Content-Type: application/json; charset=utf-8
Date: Thu, 02 Jun 2022 14:09:40 GMT
ETag: W/"b-Ai2R8hgEarLmHKwesT1qcY913ys"
Set-Cookie: _yasc=SmIp44cSKwM+TA8lzAi/wFLLAglzTckUGF57iXBPERB/bw==; domain=.praktikum-services.ru; path=/; expires=Sat, 02-Jul-2022 14:09:40 GMT; secure
X-Powered-By: Express
X-Request-Id: 1654178980570811-6317051194347082655

{
    "ok": true
}
HTTP/1.1 200 OK
Access-Control-Allow-Origin: *
Content-Length: 11
Content-Type: application/json; charset=utf-8
Date: Thu, 02 Jun 2022 14:09:40 GMT
ETag: W/"b-Ai2R8hgEarLmHKwesT1qcY913ys"
Set-Cookie: _yasc=SmIp44cSKwM+TA8lzAi/wFLLAglzTckUGF57iXBPERB/bw==; domain=.praktikum-services.ru; path=/; expires=Sat, 02-Jul-2022 14:09:40 GMT; secure
X-Powered-By: Express
X-Request-Id: 1654178980570811-6317051194347082655

{
    "ok": true
}
]]></system-out>
  </testcase>
</testsuite>