<?xml version="1.0" encoding="UTF-8"?>
<testsuite xmlns:xsi="http://www.w3.org/2001/XMLSchema-instance" xsi:noNamespaceSchemaLocation="https://maven.apache.org/surefire/maven-surefire-plugin/xsd/surefire-test-report-3.0.xsd" version="3.0" name="CourierCreateTest" time="8.394" tests="2" errors="0" skipped="0" failures="0">
  <properties>
[...]
</properties>
  <testcase name="createCourierWithSameNameTest" classname="CourierCreateTest" time="7.532">
    <system-out><![CDATA[Request method:	POST
Request URI:	http://qa-scooter.praktikum-services.ru/api/v1/courier/
Proxy:			<none>
Request params:	<none>
Query params:	<none>
Form params:	<none>
Path params:	<none>
Headers:		Accept=application/json, application/javascript, text/javascript, text/json
				Content-Type=application/json
Cookies:		<none>
Multiparts:		<none>
Body:
{
    "login": "vasyamba1",
    "password": "1234",
    "firstName": "naruto"
}
HTTP/1.1 201 Created
Access-Control-Allow-Origin: *
Content-Length: 11
Content-Type: application/json; charset=utf-8
Date: Thu, 02 Jun 2022 14:09:31 GMT
ETag: W/"b-Ai2R8hgEarLmHKwesT1qcY913ys"
Set-Cookie: _yasc=4QaNjd6/ekC6MyLfMfdxS8gYkTp+Yvl9011oDbtI1w/usw==; domain=.praktikum-services.ru; path=/; expires=Sat, 02-Jul-2022 14:09:31 GMT; secure
X-Powered-By: Express
X-Request-Id: 1654178971437069-10271130981699922579

{
    "ok": true
}
Request method:	POST
Request URI:	http://qa-scooter.praktikum-services.ru/api/v1/courier/
Proxy:			<none>
Request params:	<none>
Query params:	<none>
Form params:	<none>
Path params:	<none>
Headers:		Accept=application/json, application/javascript, text/javascript, text/json
				Content-Type=application/json
Cookies:		<none>
Multiparts:		<none>
Body:
{
    "login": "vasyamba1",
    "password": "1234",
    "firstName": "naruto"
}
HTTP/1.1 409 Conflict
Access-Control-Allow-Origin: *
Content-Length: 112
Content-Type: application/json; charset=utf-8
Date: Thu, 02 Jun 2022 14:09:32 GMT
ETag: W/"70-sLG1ZktNk+Ab3iaKUMwxkdL4FJo"
Set-Cookie: _yasc=iw/HhVKpkb0iIuCXTIiwZSqSOdBl59U1Bl2ZtQN0/xk3Gw==; domain=.praktikum-services.ru; path=/; expires=Sat, 02-Jul-2022 14:09:32 GMT; secure
X-Powered-By: Express
X-Request-Id: 1654178972072092-8418502329769014958

{
    "code": 409,
    "message": "Этот логин уже используется. Попробуйте другой."
}
Request method:	POST
Request URI:	http://qa-scooter.praktikum-services.ru/api/v1/courier/login/
Proxy:			<none>
Request params:	<none>
Query params:	<none>
Form params:	<none>
Path params:	<none>
Headers:		Accept=application/json, application/javascript, text/javascript, text/json
				Content-Type=application/json
Cookies:		<none>
Multiparts:		<none>
Body:
{
    "login": "vasyamba1",
    "password": "1234"
}
Request method:	POST
Request URI:	http://qa-scooter.praktikum-services.ru/api/v1/courier/login/
Proxy:			<none>
Request params:	<none>
Query params:	<none>
Form params:	<none>
Path params:	<none>
Headers:		Accept=application/json, application/javascript, text/javascript, text/json
				Content-Type=application/json
Cookies:		<none>
Multiparts:		<none>
Body:
{
    "login": "vasyamba1",
    "password": "1234"
}
HTTP/1.1 200 OK
Access-Control-Allow-Origin: *
Content-Length: 12
Content-Type: application/json; charset=utf-8
Date: Thu, 02 Jun 2022 14:09:32 GMT
ETag: W/"c-Z4ySf7LSqMvlzbz0ErZjvYCmn/8"
Set-Cookie: _yasc=OBNb+F71Tr2XoUjKDc0MwFkhDMQ9lHP9kkezUhmm5xcLAw==; domain=.praktikum-services.ru; path=/; expires=Sat, 02-Jul-2022 14:09:32 GMT; secure
X-Powered-By: Express
X-Request-Id: 1654178972249916-12167226569881099846

{
    "id": 76281
}
HTTP/1.1 200 OK
Access-Control-Allow-Origin: *
Content-Length: 12
Content-Type: application/json; charset=utf-8
Date: Thu, 02 Jun 2022 14:09:32 GMT
ETag: W/"c-Z4ySf7LSqMvlzbz0ErZjvYCmn/8"
Set-Cookie: _yasc=OBNb+F71Tr2XoUjKDc0MwFkhDMQ9lHP9kkezUhmm5xcLAw==; domain=.praktikum-services.ru; path=/; expires=Sat, 02-Jul-2022 14:09:32 GMT; secure
X-Powered-By: Express
X-Request-Id: 1654178972249916-12167226569881099846

{
    "id": 76281
}
Request method:	DELETE
Request URI:	http://qa-scooter.praktikum-services.ru/api/v1/courier/76281
Proxy:			<none>
Request params:	<none>
Query params:	<none>
Form params:	<none>
Path params:	<none>
Headers:		Accept=application/json, application/javascript, text/javascript, text/json
				Content-Type=application/json
Cookies:		<none>
Multiparts:		<none>
Body:			<none>
Request method:	DELETE
Request URI:	http://qa-scooter.praktikum-services.ru/api/v1/courier/76281
Proxy:			<none>
Request params:	<none>
Query params:	<none>
Form params:	<none>
Path params:	<none>
Headers:		Accept=application/json, application/javascript, text/javascript, text/json
				Content-Type=application/json
Cookies:		<none>
Multiparts:		<none>
Body:			<none>
HTTP/1.1 200 OK
Access-Control-Allow-Origin: *
Content-Length: 11
Content-Type: application/json; charset=utf-8
Date: Thu, 02 Jun 2022 14:09:32 GMT
ETag: W/"b-Ai2R8hgEarLmHKwesT1qcY913ys"
Set-Cookie: _yasc=cvpg8fO/YDp7GUmIv5srX2kZgFnZZGHtz9AfeFomz1+J0w==; domain=.praktikum-services.ru; path=/; expires=Sat, 02-Jul-2022 14:09:32 GMT; secure
X-Powered-By: Express
X-Request-Id: 1654178972380482-16611964026838003521

{
    "ok": true
}
HTTP/1.1 200 OK
Access-Control-Allow-Origin: *
Content-Length: 11
Content-Type: application/json; charset=utf-8
Date: Thu, 02 Jun 2022 14:09:32 GMT
ETag: W/"b-Ai2R8hgEarLmHKwesT1qcY913ys"
Set-Cookie: _yasc=cvpg8fO/YDp7GUmIv5srX2kZgFnZZGHtz9AfeFomz1+J0w==; domain=.praktikum-services.ru; path=/; expires=Sat, 02-Jul-2022 14:09:32 GMT; secure
X-Powered-By: Express
X-Request-Id: 1654178972380482-16611964026838003521

{
    "ok": true
}
]]></system-out>
  </testcase>
  <testcase name="createCourierTest" classname="CourierCreateTest" time="0.424">
    <system-out><![CDATA[Request method:	POST
Request URI:	http://qa-scooter.praktikum-services.ru/api/v1/courier/
Proxy:			<none>
Request params:	<none>
Query params:	<none>
Form params:	<none>
Path params:	<none>
Headers:		Accept=application/json, application/javascript, text/javascript, text/json
				Content-Type=application/json
Cookies:		<none>
Multiparts:		<none>
Body:
{
    "login": "vasyamba1",
    "password": "1234",
    "firstName": "naruto"
}
Request method:	POST
Request URI:	http://qa-scooter.praktikum-services.ru/api/v1/courier/
Proxy:			<none>
Request params:	<none>
Query params:	<none>
Form params:	<none>
Path params:	<none>
Headers:		Accept=application/json, application/javascript, text/javascript, text/json
				Content-Type=application/json
Cookies:		<none>
Multiparts:		<none>
Body:
{
    "login": "vasyamba1",
    "password": "1234",
    "firstName": "naruto"
}
Request method:	POST
Request URI:	http://qa-scooter.praktikum-services.ru/api/v1/courier/
Proxy:			<none>
Request params:	<none>
Query params:	<none>
Form params:	<none>
Path params:	<none>
Headers:		Accept=application/json, application/javascript, text/javascript, text/json
				Content-Type=application/json
Cookies:		<none>
Multiparts:		<none>
Body:
{
    "login": "vasyamba1",
    "password": "1234",
    "firstName": "naruto"
}
HTTP/1.1 201 Created
Access-Control-Allow-Origin: *
Content-Length: 11
Content-Type: application/json; charset=utf-8
Date: Thu, 02 Jun 2022 14:09:32 GMT
ETag: W/"b-Ai2R8hgEarLmHKwesT1qcY913ys"
Set-Cookie: _yasc=FyTewPcCTyQFrhyIRmOf/CV/DHOjbWo0Kp3N0mJMCVhktQ==; domain=.praktikum-services.ru; path=/; expires=Sat, 02-Jul-2022 14:09:32 GMT; secure
X-Powered-By: Express
X-Request-Id: 1654178972741443-8914618856537116907

{
    "ok": true
}
HTTP/1.1 201 Created
Access-Control-Allow-Origin: *
Content-Length: 11
Content-Type: application/json; charset=utf-8
Date: Thu, 02 Jun 2022 14:09:32 GMT
ETag: W/"b-Ai2R8hgEarLmHKwesT1qcY913ys"
Set-Cookie: _yasc=FyTewPcCTyQFrhyIRmOf/CV/DHOjbWo0Kp3N0mJMCVhktQ==; domain=.praktikum-services.ru; path=/; expires=Sat, 02-Jul-2022 14:09:32 GMT; secure
X-Powered-By: Express
X-Request-Id: 1654178972741443-8914618856537116907

{
    "ok": true
}
HTTP/1.1 201 Created
Access-Control-Allow-Origin: *
Content-Length: 11
Content-Type: application/json; charset=utf-8
Date: Thu, 02 Jun 2022 14:09:32 GMT
ETag: W/"b-Ai2R8hgEarLmHKwesT1qcY913ys"
Set-Cookie: _yasc=FyTewPcCTyQFrhyIRmOf/CV/DHOjbWo0Kp3N0mJMCVhktQ==; domain=.praktikum-services.ru; path=/; expires=Sat, 02-Jul-2022 14:09:32 GMT; secure
X-Powered-By: Express
X-Request-Id: 1654178972741443-8914618856537116907

{
    "ok": true
}
Request method:	POST
Request URI:	http://qa-scooter.praktikum-services.ru/api/v1/courier/login/
Proxy:			<none>
Request params:	<none>
Query params:	<none>
Form params:	<none>
Path params:	<none>
Headers:		Accept=application/json, application/javascript, text/javascript, text/json
				Content-Type=application/json
Cookies:		<none>
Multiparts:		<none>
Body:
{
    "login": "vasyamba1",
    "password": "1234"
}
Request method:	POST
Request URI:	http://qa-scooter.praktikum-services.ru/api/v1/courier/login/
Proxy:			<none>
Request params:	<none>
Query params:	<none>
Form params:	<none>
Path params:	<none>
Headers:		Accept=application/json, application/javascript, text/javascript, text/json
				Content-Type=application/json
Cookies:		<none>
Multiparts:		<none>
Body:
{
    "login": "vasyamba1",
    "password": "1234"
}
Request method:	POST
Request URI:	http://qa-scooter.praktikum-services.ru/api/v1/courier/login/
Proxy:			<none>
Request params:	<none>
Query params:	<none>
Form params:	<none>
Path params:	<none>
Headers:		Accept=application/json, application/javascript, text/javascript, text/json
				Content-Type=application/json
Cookies:		<none>
Multiparts:		<none>
Body:
{
    "login": "vasyamba1",
    "password": "1234"
}
Request method:	POST
Request URI:	http://qa-scooter.praktikum-services.ru/api/v1/courier/login/
Proxy:			<none>
Request params:	<none>
Query params:	<none>
Form params:	<none>
Path params:	<none>
Headers:		Accept=application/json, application/javascript, text/javascript, text/json
				Content-Type=application/json
Cookies:		<none>
Multiparts:		<none>
Body:
{
    "login": "vasyamba1",
    "password": "1234"
}
HTTP/1.1 200 OK
Access-Control-Allow-Origin: *
Content-Length: 12
Content-Type: application/json; charset=utf-8
Date: Thu, 02 Jun 2022 14:09:32 GMT
ETag: W/"c-5ZHv2qcaT4XMgiOfcXMiwLbWz10"
Set-Cookie: _yasc=TpI/KpdvyjWUyCuOovKYSxsesCby7hPNbJL6qxSQ7oBC8A==; domain=.praktikum-services.ru; path=/; expires=Sat, 02-Jul-2022 14:09:32 GMT; secure
X-Powered-By: Express
X-Request-Id: 1654178972881276-10771540646869909829

{
    "id": 76282
}
HTTP/1.1 200 OK
Access-Control-Allow-Origin: *
Content-Length: 12
Content-Type: application/json; charset=utf-8
Date: Thu, 02 Jun 2022 14:09:32 GMT
ETag: W/"c-5ZHv2qcaT4XMgiOfcXMiwLbWz10"
Set-Cookie: _yasc=TpI/KpdvyjWUyCuOovKYSxsesCby7hPNbJL6qxSQ7oBC8A==; domain=.praktikum-services.ru; path=/; expires=Sat, 02-Jul-2022 14:09:32 GMT; secure
X-Powered-By: Express
X-Request-Id: 1654178972881276-10771540646869909829

{
    "id": 76282
}
HTTP/1.1 200 OK
Access-Control-Allow-Origin: *
Content-Length: 12
Content-Type: application/json; charset=utf-8
Date: Thu, 02 Jun 2022 14:09:32 GMT
ETag: W/"c-5ZHv2qcaT4XMgiOfcXMiwLbWz10"
Set-Cookie: _yasc=TpI/KpdvyjWUyCuOovKYSxsesCby7hPNbJL6qxSQ7oBC8A==; domain=.praktikum-services.ru; path=/; expires=Sat, 02-Jul-2022 14:09:32 GMT; secure
X-Powered-By: Express
X-Request-Id: 1654178972881276-10771540646869909829

{
    "id": 76282
}
HTTP/1.1 200 OK
Access-Control-Allow-Origin: *
Content-Length: 12
Content-Type: application/json; charset=utf-8
Date: Thu, 02 Jun 2022 14:09:32 GMT
ETag: W/"c-5ZHv2qcaT4XMgiOfcXMiwLbWz10"
Set-Cookie: _yasc=TpI/KpdvyjWUyCuOovKYSxsesCby7hPNbJL6qxSQ7oBC8A==; domain=.praktikum-services.ru; path=/; expires=Sat, 02-Jul-2022 14:09:32 GMT; secure
X-Powered-By: Express
X-Request-Id: 1654178972881276-10771540646869909829

{
    "id": 76282
}
Request method:	DELETE
Request URI:	http://qa-scooter.praktikum-services.ru/api/v1/courier/76282
Proxy:			<none>
Request params:	<none>
Query params:	<none>
Form params:	<none>
Path params:	<none>
Headers:		Accept=application/json, application/javascript, text/javascript, text/json
				Content-Type=application/json
Cookies:		<none>
Multiparts:		<none>
Body:			<none>
Request method:	DELETE
Request URI:	http://qa-scooter.praktikum-services.ru/api/v1/courier/76282
Proxy:			<none>
Request params:	<none>
Query params:	<none>
Form params:	<none>
Path params:	<none>
Headers:		Accept=application/json, application/javascript, text/javascript, text/json
				Content-Type=application/json
Cookies:		<none>
Multiparts:		<none>
Body:			<none>
Request method:	DELETE
Request URI:	http://qa-scooter.praktikum-services.ru/api/v1/courier/76282
Proxy:			<none>
Request params:	<none>
Query params:	<none>
Form params:	<none>
Path params:	<none>
Headers:		Accept=application/json, application/javascript, text/javascript, text/json
				Content-Type=application/json
Cookies:		<none>
Multiparts:		<none>
Body:			<none>
Request method:	DELETE
Request URI:	http://qa-scooter.praktikum-services.ru/api/v1/courier/76282
Proxy:			<none>
Request params:	<none>
Query params:	<none>
Form params:	<none>
Path params:	<none>
Headers:		Accept=application/json, application/javascript, text/javascript, text/json
				Content-Type=application/json
Cookies:		<none>
Multiparts:		<none>
Body:			<none>
HTTP/1.1 200 OK
Access-Control-Allow-Origin: *
Content-Length: 11
Content-Type: application/json; charset=utf-8
Date: Thu, 02 Jun 2022 14:09:33 GMT
ETag: W/"b-Ai2R8hgEarLmHKwesT1qcY913ys"
Set-Cookie: _yasc=w7Nix/3XIrYTS9W1t/hSvVkLLrEotKFvYMCUFf+vFvH9Dw==; domain=.praktikum-services.ru; path=/; expires=Sat, 02-Jul-2022 14:09:33 GMT; secure
X-Powered-By: Express
X-Request-Id: 1654178973005369-1706791336548171698

{
    "ok": true
}
HTTP/1.1 200 OK
Access-Control-Allow-Origin: *
Content-Length: 11
Content-Type: application/json; charset=utf-8
Date: Thu, 02 Jun 2022 14:09:33 GMT
ETag: W/"b-Ai2R8hgEarLmHKwesT1qcY913ys"
Set-Cookie: _yasc=w7Nix/3XIrYTS9W1t/hSvVkLLrEotKFvYMCUFf+vFvH9Dw==; domain=.praktikum-services.ru; path=/; expires=Sat, 02-Jul-2022 14:09:33 GMT; secure
X-Powered-By: Express
X-Request-Id: 1654178973005369-1706791336548171698

{
    "ok": true
}
HTTP/1.1 200 OK
Access-Control-Allow-Origin: *
Content-Length: 11
Content-Type: application/json; charset=utf-8
Date: Thu, 02 Jun 2022 14:09:33 GMT
ETag: W/"b-Ai2R8hgEarLmHKwesT1qcY913ys"
Set-Cookie: _yasc=w7Nix/3XIrYTS9W1t/hSvVkLLrEotKFvYMCUFf+vFvH9Dw==; domain=.praktikum-services.ru; path=/; expires=Sat, 02-Jul-2022 14:09:33 GMT; secure
X-Powered-By: Express
X-Request-Id: 1654178973005369-1706791336548171698

{
    "ok": true
}
HTTP/1.1 200 OK
Access-Control-Allow-Origin: *
Content-Length: 11
Content-Type: application/json; charset=utf-8
Date: Thu, 02 Jun 2022 14:09:33 GMT
ETag: W/"b-Ai2R8hgEarLmHKwesT1qcY913ys"
Set-Cookie: _yasc=w7Nix/3XIrYTS9W1t/hSvVkLLrEotKFvYMCUFf+vFvH9Dw==; domain=.praktikum-services.ru; path=/; expires=Sat, 02-Jul-2022 14:09:33 GMT; secure
X-Powered-By: Express
X-Request-Id: 1654178973005369-1706791336548171698

{
    "ok": true
}
]]></system-out>
  </testcase>
</testsuite>